#
# A fatal error has been detected by the Java Runtime Environment:
#
#  EXCEPTION_ACCESS_VIOLATION (0xc0000005) at pc=0x000000006936dab1, pid=8252, tid=0x0000000000002f78
#
# JRE version: Java(TM) SE Runtime Environment (8.0_111-b14) (build 1.8.0_111-b14)
# Java VM: Java HotSpot(TM) 64-Bit Server VM (25.111-b14 mixed mode windows-amd64 compressed oops)
# Problematic frame:
# C  [sqlite-3.7.2-sqlitejdbc.dll+0x2dab1]
#
# Failed to write core dump. Minidumps are not enabled by default on client versions of Windows
#
# If you would like to submit a bug report, please visit:
#   http://bugreport.java.com/bugreport/crash.jsp
# The crash happened outside the Java Virtual Machine in native code.
# See problematic frame for where to report the bug.
#

---------------  T H R E A D  ---------------

Current thread (0x00000000197c3000):  JavaThread "AWT-EventQueue-0" [_thread_in_native, id=12152, stack(0x000000001a2a0000,0x000000001a3a0000)]

siginfo: ExceptionCode=0xc0000005, reading address 0x0000000000000058

Registers:
RAX=0x0000000000000000, RBX=0x000000001b410078, RCX=0x0000000000000000, RDX=0x0000000000000000
RSP=0x000000001a39c380, RBP=0x000000001a39c4c8, RSI=0x0000000000000000, RDI=0x0000000071050720
R8 =0x000000001b410078, R9 =0x0000000000000000, R10=0x0000000002ac8a4b, R11=0x000000007113b580
R12=0x0000000000000000, R13=0x000000001bad9b70, R14=0x000000001a39c500, R15=0x00000000197c3000
RIP=0x000000006936dab1, EFLAGS=0x0000000000010202

Top of Stack: (sp=0x000000001a39c380)
0x000000001a39c380:   000000001a39c400 0000000002ab835d
0x000000001a39c390:   000000001bad9b70 000000001b410078
0x000000001a39c3a0:   000000001b410078 000000006936e31d
0x000000001a39c3b0:   000000001a39c478 000000007114cc2f
0x000000001a39c3c0:   000000001a39c478 000000001a39c4c8
0x000000001a39c3d0:   000000001a39c4c8 00000000197c31f8
0x000000001a39c3e0:   0000000000000000 000000006934245c
0x000000001a39c3f0:   00000000197bc978 00000000197c3000
0x000000001a39c400:   000000000000000f 0000000002ddcbcc
0x000000001a39c410:   000000001bad9b70 000000000000000f
0x000000001a39c420:   00000000d7c48df0 0000000002ac8a77
0x000000001a39c430:   000000001a39c430 000000001bb00290
0x000000001a39c440:   00000000d7c48df0 0000000002ac881f
0x000000001a39c450:   00000000197c3000 000000001bad9b70
0x000000001a39c460:   0000000000000000 000000001a39c480
0x000000001a39c470:   0000000002ac87d9 0000000000000003 

Instructions: (pc=0x000000006936dab1)
0x000000006936da91:   20 48 89 cb 48 85 c9 74 20 8b 91 90 00 00 00 48
0x000000006936daa1:   8b 09 e8 b9 fb ff ff 89 83 90 00 00 00 48 8b 03
0x000000006936dab1:   48 8b 48 58 e8 c8 5e fd ff 48 83 c4 20 5b c3 48
0x000000006936dac1:   83 ec 78 48 89 5c 24 38 48 89 74 24 40 48 89 7c 


Register to memory mapping:

RAX=0x0000000000000000 is an unknown value
RBX=0x000000001b410078 is an unknown value
RCX=0x0000000000000000 is an unknown value
RDX=0x0000000000000000 is an unknown value
RSP=0x000000001a39c380 is pointing into the stack for thread: 0x00000000197c3000
RBP=0x000000001a39c4c8 is pointing into the stack for thread: 0x00000000197c3000
RSI=0x0000000000000000 is an unknown value
RDI=0x0000000071050720 is an unknown value
R8 =0x000000001b410078 is an unknown value
R9 =0x0000000000000000 is an unknown value
R10=0x0000000002ac8a4b is at code_begin+1227 in an Interpreter codelet
method entry point (kind = native_synchronized)  [0x0000000002ac8580, 0x0000000002ac9060]  2784 bytes
R11=0x000000007113b580 is an unknown value
R12=0x0000000000000000 is an unknown value
R13={method} {0x000000001bad9b78} 'column_text' '(JI)Ljava/lang/String;' in 'org/sqlite/NativeDB'
R14=0x000000001a39c500 is pointing into the stack for thread: 0x00000000197c3000
R15=0x00000000197c3000 is a thread


Stack: [0x000000001a2a0000,0x000000001a3a0000],  sp=0x000000001a39c380,  free space=1008k
Native frames: (J=compiled Java code, j=interpreted, Vv=VM code, C=native code)
C  [sqlite-3.7.2-sqlitejdbc.dll+0x2dab1]

Java frames: (J=compiled Java code, j=interpreted, Vv=VM code)
j  org.sqlite.NativeDB.column_text(JI)Ljava/lang/String;+0
j  org.sqlite.RS.getString(I)Ljava/lang/String;+16
j  org.sqlite.RS.getString(Ljava/lang/String;)Ljava/lang/String;+6
j  auto.recharge.system.Home.searchItemsByPhoneNumberInRechargePanel(Ljava/lang/String;)Ljava/util/Set;+44
j  auto.recharge.system.Home.getMobileNumberKeyReleased(Ljava/awt/event/KeyEvent;)V+35
j  auto.recharge.system.Home.access$2700(Lauto/recharge/system/Home;Ljava/awt/event/KeyEvent;)V+2
j  auto.recharge.system.Home$15.keyReleased(Ljava/awt/event/KeyEvent;)V+5
j  java.awt.AWTEventMulticaster.keyReleased(Ljava/awt/event/KeyEvent;)V+8
j  java.awt.Component.processKeyEvent(Ljava/awt/event/KeyEvent;)V+62
j  javax.swing.JComponent.processKeyEvent(Ljava/awt/event/KeyEvent;)V+2
J 2732 C1 java.awt.Component.processEvent(Ljava/awt/AWTEvent;)V (220 bytes) @ 0x00000000032ceadc [0x00000000032cd4c0+0x161c]
J 2731 C1 java.awt.Container.processEvent(Ljava/awt/AWTEvent;)V (22 bytes) @ 0x0000000002d4b38c [0x0000000002d4b060+0x32c]
J 2563 C1 java.awt.Component.dispatchEventImpl(Ljava/awt/AWTEvent;)V (883 bytes) @ 0x000000000324a1ec [0x0000000003244d00+0x54ec]
J 2562 C1 java.awt.Container.dispatchEventImpl(Ljava/awt/AWTEvent;)V (129 bytes) @ 0x0000000003011144 [0x0000000003011000+0x144]
J 2658 C1 java.awt.Component.dispatchEvent(Ljava/awt/AWTEvent;)V (6 bytes) @ 0x0000000003256a04 [0x0000000003256900+0x104]
j  java.awt.KeyboardFocusManager.redispatchEvent(Ljava/awt/Component;Ljava/awt/AWTEvent;)V+7
j  java.awt.DefaultKeyboardFocusManager.dispatchKeyEvent(Ljava/awt/event/KeyEvent;)Z+63
j  java.awt.DefaultKeyboardFocusManager.preDispatchKeyEvent(Ljava/awt/event/KeyEvent;)Z+137
j  java.awt.DefaultKeyboardFocusManager.typeAheadAssertions(Ljava/awt/Component;Ljava/awt/AWTEvent;)Z+166
J 2688 C1 java.awt.DefaultKeyboardFocusManager.dispatchEvent(Ljava/awt/AWTEvent;)Z (1589 bytes) @ 0x00000000032b1514 [0x00000000032a0c00+0x10914]
J 2563 C1 java.awt.Component.dispatchEventImpl(Ljava/awt/AWTEvent;)V (883 bytes) @ 0x00000000032464bc [0x0000000003244d00+0x17bc]
J 2562 C1 java.awt.Container.dispatchEventImpl(Ljava/awt/AWTEvent;)V (129 bytes) @ 0x0000000003011144 [0x0000000003011000+0x144]
j  java.awt.Window.dispatchEventImpl(Ljava/awt/AWTEvent;)V+19
J 1544 C1 java.awt.EventQueue.dispatchEventImpl(Ljava/awt/AWTEvent;Ljava/lang/Object;)V (149 bytes) @ 0x0000000002f549bc [0x0000000002f53180+0x183c]
J 1542 C1 java.awt.EventQueue$3.run()Ljava/lang/Void; (60 bytes) @ 0x0000000002f5258c [0x0000000002f52380+0x20c]
J 1541 C1 java.awt.EventQueue$3.run()Ljava/lang/Object; (5 bytes) @ 0x0000000002f5200c [0x0000000002f51f80+0x8c]
v  ~StubRoutines::call_stub
J 843  java.security.AccessController.doPrivileged(Ljava/security/PrivilegedAction;Ljava/security/AccessControlContext;)Ljava/lang/Object; (0 bytes) @ 0x0000000002d80ee6 [0x0000000002d80e80+0x66]
J 2136 C1 java.awt.EventQueue$4.run()Ljava/lang/Object; (5 bytes) @ 0x0000000002dc546c [0x0000000002dc5040+0x42c]
v  ~StubRoutines::call_stub
J 843  java.security.AccessController.doPrivileged(Ljava/security/PrivilegedAction;Ljava/security/AccessControlContext;)Ljava/lang/Object; (0 bytes) @ 0x0000000002d80ee6 [0x0000000002d80e80+0x66]
J 1408 C1 java.awt.EventQueue.dispatchEvent(Ljava/awt/AWTEvent;)V (80 bytes) @ 0x0000000002ef287c [0x0000000002ef1a00+0xe7c]
J 1557 C1 java.awt.EventDispatchThread.pumpOneEventForFilters(I)V (295 bytes) @ 0x0000000002f5f0e4 [0x0000000002f5d580+0x1b64]
j  java.awt.EventDispatchThread.pumpEventsForFilter(ILjava/awt/Conditional;Ljava/awt/EventFilter;)V+35
j  java.awt.EventDispatchThread.pumpEventsForHierarchy(ILjava/awt/Conditional;Ljava/awt/Component;)V+11
j  java.awt.EventDispatchThread.pumpEvents(ILjava/awt/Conditional;)V+4
j  java.awt.EventDispatchThread.pumpEvents(Ljava/awt/Conditional;)V+3
j  java.awt.EventDispatchThread.run()V+9
v  ~StubRoutines::call_stub

---------------  P R O C E S S  ---------------

Java Threads: ( => current thread )
  0x0000000019cbf800 JavaThread "SwingWorker-pool-1-thread-2" daemon [_thread_in_native, id=3476, stack(0x0000000000e40000,0x0000000000f40000)]
  0x000000001cdf5800 JavaThread "Image Fetcher 0" daemon [_thread_blocked, id=15908, stack(0x0000000000d40000,0x0000000000e40000)]
  0x00000000199ec000 JavaThread "SwingWorker-pool-1-thread-1" daemon [_thread_blocked, id=8164, stack(0x000000001ab90000,0x000000001ac90000)]
  0x00000000199a8000 JavaThread "TimerQueue" daemon [_thread_blocked, id=10816, stack(0x000000001b8b0000,0x000000001b9b0000)]
  0x0000000002942800 JavaThread "DestroyJavaVM" [_thread_blocked, id=1536, stack(0x0000000001030000,0x0000000001130000)]
=>0x00000000197c3000 JavaThread "AWT-EventQueue-0" [_thread_in_native, id=12152, stack(0x000000001a2a0000,0x000000001a3a0000)]
  0x00000000197bb000 JavaThread "AWT-Windows" daemon [_thread_in_native, id=2704, stack(0x000000001a0b0000,0x000000001a1b0000)]
  0x00000000197b8800 JavaThread "AWT-Shutdown" [_thread_blocked, id=11936, stack(0x0000000019fb0000,0x000000001a0b0000)]
  0x00000000197b8000 JavaThread "Java2D Disposer" daemon [_thread_blocked, id=2208, stack(0x0000000019eb0000,0x0000000019fb0000)]
  0x0000000018fa0800 JavaThread "Service Thread" daemon [_thread_blocked, id=7856, stack(0x0000000019370000,0x0000000019470000)]
  0x0000000017627800 JavaThread "C1 CompilerThread2" daemon [_thread_blocked, id=9456, stack(0x0000000018e70000,0x0000000018f70000)]
  0x0000000017624800 JavaThread "C2 CompilerThread1" daemon [_thread_blocked, id=6780, stack(0x0000000018d70000,0x0000000018e70000)]
  0x0000000017620000 JavaThread "C2 CompilerThread0" daemon [_thread_blocked, id=9044, stack(0x0000000018c70000,0x0000000018d70000)]
  0x000000001761f000 JavaThread "Attach Listener" daemon [_thread_blocked, id=9160, stack(0x0000000018b70000,0x0000000018c70000)]
  0x000000001761e000 JavaThread "Signal Dispatcher" daemon [_thread_blocked, id=10048, stack(0x0000000018a70000,0x0000000018b70000)]
  0x000000001760a800 JavaThread "Finalizer" daemon [_thread_blocked, id=15332, stack(0x0000000018870000,0x0000000018970000)]
  0x0000000002a33800 JavaThread "Reference Handler" daemon [_thread_blocked, id=7584, stack(0x0000000018770000,0x0000000018870000)]

Other Threads:
  0x00000000175e7800 VMThread [stack: 0x0000000018670000,0x0000000018770000] [id=6788]
  0x000000001767e800 WatcherThread [stack: 0x0000000019470000,0x0000000019570000] [id=7536]

VM state:not at safepoint (normal execution)

VM Mutex/Monitor currently owned by a thread: None

Heap:
 PSYoungGen      total 38400K, used 38359K [0x00000000d5c00000, 0x00000000d8680000, 0x0000000100000000)
  eden space 33280K, 99% used [0x00000000d5c00000,0x00000000d7c7dd00,0x00000000d7c80000)
  from space 5120K, 99% used [0x00000000d7c80000,0x00000000d81780f8,0x00000000d8180000)
  to   space 5120K, 0% used [0x00000000d8180000,0x00000000d8180000,0x00000000d8680000)
 ParOldGen       total 87552K, used 1376K [0x0000000081400000, 0x0000000086980000, 0x00000000d5c00000)
  object space 87552K, 1% used [0x0000000081400000,0x00000000815580b8,0x0000000086980000)
 Metaspace       used 19719K, capacity 20048K, committed 20224K, reserved 1067008K
  class space    used 2433K, capacity 2550K, committed 2560K, reserved 1048576K

Card table byte_map: [0x0000000011e70000,0x0000000012270000] byte_map_base: 0x0000000011a66000

Marking Bits: (ParMarkBitMap*) 0x000000007172a6c0
 Begin Bits: [0x0000000012920000, 0x00000000148d0000)
 End Bits:   [0x00000000148d0000, 0x0000000016880000)

Polling page: 0x0000000000c00000

CodeCache: size=245760Kb used=8175Kb max_used=8296Kb free=237584Kb
 bounds [0x0000000002ab0000, 0x00000000032e0000, 0x0000000011ab0000]
 total_blobs=3103 nmethods=2527 adapters=487
 compilation: enabled

Compilation events (10 events):
Event: 94.159 Thread 0x0000000017627800 nmethod 2785 0x000000000312f850 code [0x000000000312f9a0, 0x000000000312faf0]
Event: 94.160 Thread 0x0000000017627800 2787       3       java.util.Collections::emptyList (4 bytes)
Event: 94.160 Thread 0x0000000017627800 nmethod 2787 0x000000000312f550 code [0x000000000312f6a0, 0x000000000312f7d0]
Event: 94.160 Thread 0x0000000017627800 2786       1       sun.util.locale.StringTokenIterator::current (5 bytes)
Event: 94.161 Thread 0x0000000017627800 nmethod 2786 0x000000000312f290 code [0x000000000312f3e0, 0x000000000312f4f0]
Event: 94.161 Thread 0x0000000017627800 2788   !   3       sun.font.FontStrikeDesc::equals (53 bytes)
Event: 94.161 Thread 0x0000000017627800 nmethod 2788 0x000000000312eb10 code [0x000000000312eca0, 0x000000000312f098]
Event: 94.164 Thread 0x0000000017627800 2789       3       java.awt.geom.RectIterator::isDone (14 bytes)
Event: 94.164 Thread 0x0000000017627800 nmethod 2789 0x000000000312e790 code [0x000000000312e8e0, 0x000000000312ea90]
Event: 94.165 Thread 0x0000000017620000 nmethod 2784 0x000000000312dad0 code [0x000000000312dc40, 0x000000000312e218]

GC Heap History (2 events):
Event: 38.328 GC heap before
{Heap before GC invocations=1 (full 0):
 PSYoungGen      total 38400K, used 33280K [0x00000000d5c00000, 0x00000000d8680000, 0x0000000100000000)
  eden space 33280K, 100% used [0x00000000d5c00000,0x00000000d7c80000,0x00000000d7c80000)
  from space 5120K, 0% used [0x00000000d8180000,0x00000000d8180000,0x00000000d8680000)
  to   space 5120K, 0% used [0x00000000d7c80000,0x00000000d7c80000,0x00000000d8180000)
 ParOldGen       total 87552K, used 0K [0x0000000081400000, 0x0000000086980000, 0x00000000d5c00000)
  object space 87552K, 0% used [0x0000000081400000,0x0000000081400000,0x0000000086980000)
 Metaspace       used 16546K, capacity 16772K, committed 17024K, reserved 1064960K
  class space    used 1980K, capacity 2068K, committed 2176K, reserved 1048576K
Event: 38.334 GC heap after
Heap after GC invocations=1 (full 0):
 PSYoungGen      total 38400K, used 5088K [0x00000000d5c00000, 0x00000000d8680000, 0x0000000100000000)
  eden space 33280K, 0% used [0x00000000d5c00000,0x00000000d5c00000,0x00000000d7c80000)
  from space 5120K, 99% used [0x00000000d7c80000,0x00000000d81780f8,0x00000000d8180000)
  to   space 5120K, 0% used [0x00000000d8180000,0x00000000d8180000,0x00000000d8680000)
 ParOldGen       total 87552K, used 1376K [0x0000000081400000, 0x0000000086980000, 0x00000000d5c00000)
  object space 87552K, 1% used [0x0000000081400000,0x00000000815580b8,0x0000000086980000)
 Metaspace       used 16546K, capacity 16772K, committed 17024K, reserved 1064960K
  class space    used 1980K, capacity 2068K, committed 2176K, reserved 1048576K
}

Deoptimization events (10 events):
Event: 93.660 Thread 0x00000000197c3000 Uncommon trap: reason=bimorphic action=maybe_recompile pc=0x0000000003223ae0 method=javax.swing.GroupLayout.getComponentInfo(Ljava/awt/Component;)Ljavax/swing/GroupLayout$ComponentInfo; @ 56
Event: 93.660 Thread 0x00000000197c3000 Uncommon trap: reason=bimorphic action=maybe_recompile pc=0x0000000003223ae0 method=javax.swing.GroupLayout.getComponentInfo(Ljava/awt/Component;)Ljavax/swing/GroupLayout$ComponentInfo; @ 56
Event: 93.660 Thread 0x00000000197c3000 Uncommon trap: reason=bimorphic action=maybe_recompile pc=0x0000000003223ae0 method=javax.swing.GroupLayout.getComponentInfo(Ljava/awt/Component;)Ljavax/swing/GroupLayout$ComponentInfo; @ 56
Event: 93.667 Thread 0x00000000197c3000 Uncommon trap: reason=unstable_if action=reinterpret pc=0x0000000003224b4c method=sun.font.FontDesignMetrics.stringWidth(Ljava/lang/String;)I @ 85
Event: 93.674 Thread 0x00000000197c3000 Uncommon trap: reason=class_check action=maybe_recompile pc=0x0000000002d1fd80 method=java.io.DataInputStream.readByte()B @ 4
Event: 93.674 Thread 0x00000000197c3000 Uncommon trap: reason=class_check action=maybe_recompile pc=0x0000000002d1fd80 method=java.io.DataInputStream.readByte()B @ 4
Event: 93.674 Thread 0x00000000197c3000 Uncommon trap: reason=class_check action=maybe_recompile pc=0x0000000002d1fd80 method=java.io.DataInputStream.readByte()B @ 4
Event: 93.674 Thread 0x00000000197c3000 Uncommon trap: reason=class_check action=maybe_recompile pc=0x0000000002d1fd80 method=java.io.DataInputStream.readByte()B @ 4
Event: 93.677 Thread 0x00000000197c3000 Uncommon trap: reason=unstable_if action=reinterpret pc=0x0000000002be77c0 method=java.lang.CharacterData.of(I)Ljava/lang/CharacterData; @ 4
Event: 93.713 Thread 0x00000000197c3000 Uncommon trap: reason=unstable_if action=reinterpret pc=0x0000000002eefa88 method=java.awt.font.FontRenderContext.equals(Ljava/awt/font/FontRenderContext;)Z @ 35

Internal exceptions (10 events):
Event: 0.149 Thread 0x0000000002942800 Exception <a 'java/lang/NoSuchFieldError': method resolution failed> (0x00000000d5ecf218) thrown at [C:\re\workspace\8-2-build-windows-amd64-cygwin\jdk8u111\7883\hotspot\src\share\vm\prims\methodHandles.cpp, line 1146]
Event: 0.151 Thread 0x0000000002942800 Exception <a 'java/lang/NoSuchFieldError': method resolution failed> (0x00000000d5edc5e8) thrown at [C:\re\workspace\8-2-build-windows-amd64-cygwin\jdk8u111\7883\hotspot\src\share\vm\prims\methodHandles.cpp, line 1146]
Event: 0.196 Thread 0x00000000197c3000 Exception <a 'java/io/FileNotFoundException'> (0x00000000d6170628) thrown at [C:\re\workspace\8-2-build-windows-amd64-cygwin\jdk8u111\7883\hotspot\src\share\vm\prims\jni.cpp, line 709]
Event: 0.459 Thread 0x0000000019828800 Exception <a 'java/lang/InterruptedException': sleep interrupted> (0x00000000d654f080) thrown at [C:\re\workspace\8-2-build-windows-amd64-cygwin\jdk8u111\7883\hotspot\src\share\vm\prims\jvm.cpp, line 3176]
Event: 7.319 Thread 0x00000000199ec000 Implicit null exception at 0x0000000002dd748a to 0x0000000002dd774d
Event: 7.942 Thread 0x00000000199ec000 Exception <a 'java/io/FileNotFoundException'> (0x00000000d7455568) thrown at [C:\re\workspace\8-2-build-windows-amd64-cygwin\jdk8u111\7883\hotspot\src\share\vm\prims\jni.cpp, line 709]
Event: 7.956 Thread 0x00000000199ec000 Exception <a 'java/io/FileNotFoundException'> (0x00000000d746bda0) thrown at [C:\re\workspace\8-2-build-windows-amd64-cygwin\jdk8u111\7883\hotspot\src\share\vm\prims\jni.cpp, line 709]
Event: 7.957 Thread 0x00000000199ec000 Exception <a 'java/io/FileNotFoundException'> (0x00000000d747dcd0) thrown at [C:\re\workspace\8-2-build-windows-amd64-cygwin\jdk8u111\7883\hotspot\src\share\vm\prims\jni.cpp, line 709]
Event: 7.969 Thread 0x00000000199ec000 Exception <a 'java/io/FileNotFoundException'> (0x00000000d7493fd8) thrown at [C:\re\workspace\8-2-build-windows-amd64-cygwin\jdk8u111\7883\hotspot\src\share\vm\prims\jni.cpp, line 709]
Event: 39.143 Thread 0x0000000019723800 Exception <a 'java/lang/InterruptedException': sleep interrupted> (0x00000000d6067f78) thrown at [C:\re\workspace\8-2-build-windows-amd64-cygwin\jdk8u111\7883\hotspot\src\share\vm\prims\jvm.cpp, line 3176]

Events (10 events):
Event: 94.159 Executing VM operation: RevokeBias
Event: 94.159 Executing VM operation: RevokeBias done
Event: 94.159 Executing VM operation: RevokeBias
Event: 94.159 loading class java/awt/KeyboardFocusManager$4 done
Event: 94.159 Executing VM operation: RevokeBias done
Event: 94.159 Executing VM operation: RevokeBias
Event: 94.159 Executing VM operation: RevokeBias done
Event: 94.232 Executing VM operation: RevokeBias
Event: 94.232 Executing VM operation: RevokeBias done
Event: 94.237 loading class java/util/PriorityQueue$Itr


Dynamic libraries:
0x00007ff7bb350000 - 0x00007ff7bb387000 	C:\Program Files\Java\jdk1.8.0_111\bin\java.exe
0x00007ff961ff0000 - 0x00007ff9621e5000 	C:\WINDOWS\SYSTEM32\ntdll.dll
0x00007ff960d40000 - 0x00007ff960dfd000 	C:\WINDOWS\System32\KERNEL32.DLL
0x00007ff95f8a0000 - 0x00007ff95fb67000 	C:\WINDOWS\System32\KERNELBASE.dll
0x00007ff9602c0000 - 0x00007ff96036a000 	C:\WINDOWS\System32\ADVAPI32.dll
0x00007ff9601c0000 - 0x00007ff96025e000 	C:\WINDOWS\System32\msvcrt.dll
0x00007ff960490000 - 0x00007ff96052b000 	C:\WINDOWS\System32\sechost.dll
0x00007ff961800000 - 0x00007ff961923000 	C:\WINDOWS\System32\RPCRT4.dll
0x00007ff960a40000 - 0x00007ff960be0000 	C:\WINDOWS\System32\USER32.dll
0x00007ff95ff50000 - 0x00007ff95ff72000 	C:\WINDOWS\System32\win32u.dll
0x00007ff9617a0000 - 0x00007ff9617ca000 	C:\WINDOWS\System32\GDI32.dll
0x00007ff95fc70000 - 0x00007ff95fd7a000 	C:\WINDOWS\System32\gdi32full.dll
0x00007ff95fb70000 - 0x00007ff95fc0d000 	C:\WINDOWS\System32\msvcp_win.dll
0x00007ff95fd80000 - 0x00007ff95fe80000 	C:\WINDOWS\System32\ucrtbase.dll
0x00007ff94de40000 - 0x00007ff94e0da000 	C:\WINDOWS\WinSxS\amd64_microsoft.windows.common-controls_6595b64144ccf1df_6.0.19041.1_none_b555e41d4684ddec\COMCTL32.dll
0x00007ff960190000 - 0x00007ff9601c0000 	C:\WINDOWS\System32\IMM32.DLL
0x00000000717b0000 - 0x0000000071882000 	C:\Program Files\Java\jdk1.8.0_111\jre\bin\msvcr100.dll
0x0000000070f10000 - 0x00000000717aa000 	C:\Program Files\Java\jdk1.8.0_111\jre\bin\server\jvm.dll
0x00007ff9617d0000 - 0x00007ff9617d8000 	C:\WINDOWS\System32\PSAPI.DLL
0x00007ff95a4b0000 - 0x00007ff95a4ba000 	C:\WINDOWS\SYSTEM32\VERSION.dll
0x00007ff94d520000 - 0x00007ff94d547000 	C:\WINDOWS\SYSTEM32\WINMM.dll
0x00007ff947dc0000 - 0x00007ff947dc9000 	C:\WINDOWS\SYSTEM32\WSOCK32.dll
0x00007ff960f50000 - 0x00007ff960fbb000 	C:\WINDOWS\System32\WS2_32.dll
0x0000000070f00000 - 0x0000000070f0f000 	C:\Program Files\Java\jdk1.8.0_111\jre\bin\verify.dll
0x0000000070ed0000 - 0x0000000070ef9000 	C:\Program Files\Java\jdk1.8.0_111\jre\bin\java.dll
0x0000000070eb0000 - 0x0000000070ec6000 	C:\Program Files\Java\jdk1.8.0_111\jre\bin\zip.dll
0x00007ff960fd0000 - 0x00007ff961710000 	C:\WINDOWS\System32\SHELL32.dll
0x00007ff95d8a0000 - 0x00007ff95e031000 	C:\WINDOWS\SYSTEM32\windows.storage.dll
0x00007ff9606e0000 - 0x00007ff960a33000 	C:\WINDOWS\System32\combase.dll
0x00007ff95f020000 - 0x00007ff95f04c000 	C:\WINDOWS\SYSTEM32\Wldp.dll
0x00007ff960c90000 - 0x00007ff960d3e000 	C:\WINDOWS\System32\SHCORE.dll
0x00007ff960ef0000 - 0x00007ff960f45000 	C:\WINDOWS\System32\shlwapi.dll
0x00007ff95f680000 - 0x00007ff95f69f000 	C:\WINDOWS\SYSTEM32\profapi.dll
0x0000000070cd0000 - 0x0000000070e68000 	C:\Program Files\Java\jdk1.8.0_111\jre\bin\awt.dll
0x00007ff9600c0000 - 0x00007ff96018d000 	C:\WINDOWS\System32\OLEAUT32.dll
0x00007ff95d0e0000 - 0x00007ff95d170000 	C:\WINDOWS\SYSTEM32\apphelp.dll
0x00007ff95d1e0000 - 0x00007ff95d27f000 	C:\WINDOWS\system32\uxtheme.dll
0x00007ff960370000 - 0x00007ff960485000 	C:\WINDOWS\System32\MSCTF.dll
0x00007ff961a10000 - 0x00007ff961b39000 	C:\WINDOWS\System32\ole32.dll
0x00007ff95d6a0000 - 0x00007ff95d6b3000 	C:\WINDOWS\SYSTEM32\kernel.appcore.dll
0x00007ff95fe80000 - 0x00007ff95feff000 	C:\WINDOWS\System32\bcryptPrimitives.dll
0x00007ff95d4c0000 - 0x00007ff95d4ef000 	C:\WINDOWS\system32\DWMAPI.DLL
0x0000000070c40000 - 0x0000000070c87000 	C:\Program Files\Java\jdk1.8.0_111\jre\bin\fontmanager.dll
0x00007ff960be0000 - 0x00007ff960c88000 	C:\WINDOWS\System32\clbcatq.dll
0x00007ff9588b0000 - 0x00007ff958a64000 	C:\WINDOWS\SYSTEM32\WindowsCodecs.dll
0x00007ff95ff80000 - 0x00007ff95ffa7000 	C:\WINDOWS\System32\bcrypt.dll
0x00007ff9390e0000 - 0x00007ff93911e000 	C:\WINDOWS\system32\dataexchange.dll
0x00007ff95c470000 - 0x00007ff95c655000 	C:\WINDOWS\system32\dcomp.dll
0x00007ff95bad0000 - 0x00007ff95bd33000 	C:\WINDOWS\system32\d3d11.dll
0x00007ff95e080000 - 0x00007ff95e173000 	C:\WINDOWS\system32\dxgi.dll
0x00007ff958d70000 - 0x00007ff958f77000 	C:\WINDOWS\system32\twinapi.appcore.dll
0x0000000070e90000 - 0x0000000070eaa000 	C:\Program Files\Java\jdk1.8.0_111\jre\bin\net.dll
0x00007ff95ee10000 - 0x00007ff95ee7a000 	C:\WINDOWS\system32\mswsock.dll
0x0000000070e70000 - 0x0000000070e81000 	C:\Program Files\Java\jdk1.8.0_111\jre\bin\nio.dll
0x0000000070bf0000 - 0x0000000070c32000 	C:\Program Files\Java\jdk1.8.0_111\jre\bin\t2k.dll
0x00007ff942f90000 - 0x00007ff94308c000 	C:\WINDOWS\SYSTEM32\textinputframework.dll
0x00007ff95cd40000 - 0x00007ff95ce32000 	C:\WINDOWS\System32\CoreMessaging.dll
0x00007ff95c9e0000 - 0x00007ff95cd3a000 	C:\WINDOWS\System32\CoreUIComponents.dll
0x00007ff95e470000 - 0x00007ff95e4a3000 	C:\WINDOWS\SYSTEM32\ntmarta.dll
0x00007ff95c310000 - 0x00007ff95c466000 	C:\WINDOWS\SYSTEM32\wintypes.dll
0x0000000069340000 - 0x00000000693c5000 	C:\Users\monirozzamanroni\AppData\Local\Temp\sqlite-3.7.2-sqlitejdbc.dll
0x0000000070b30000 - 0x0000000070b54000 	C:\Program Files\Java\jdk1.8.0_111\jre\bin\sunec.dll
0x00007ff95eb20000 - 0x00007ff95eb5b000 	C:\WINDOWS\SYSTEM32\IPHLPAPI.DLL
0x00007ff960e00000 - 0x00007ff960e09000 	C:\WINDOWS\System32\NSI.dll
0x00007ff95a030000 - 0x00007ff95a047000 	C:\WINDOWS\SYSTEM32\dhcpcsvc6.DLL
0x00007ff959ff0000 - 0x00007ff95a00d000 	C:\WINDOWS\SYSTEM32\dhcpcsvc.DLL
0x00007ff95eb60000 - 0x00007ff95ec2a000 	C:\WINDOWS\SYSTEM32\DNSAPI.dll
0x00007ff95f360000 - 0x00007ff95f378000 	C:\WINDOWS\SYSTEM32\CRYPTSP.dll
0x00007ff95e7c0000 - 0x00007ff95e7f4000 	C:\WINDOWS\system32\rsaenh.dll
0x00007ff95f600000 - 0x00007ff95f62e000 	C:\WINDOWS\SYSTEM32\USERENV.dll
0x00007ff95ef90000 - 0x00007ff95ef9c000 	C:\WINDOWS\SYSTEM32\CRYPTBASE.dll
0x0000000180000000 - 0x0000000180025000 	C:\Program Files\Java\jdk1.8.0_111\jre\bin\rxtxSerial.dll
0x0000000070b70000 - 0x0000000070ba1000 	C:\Program Files\Java\jdk1.8.0_111\jre\bin\jpeg.dll
0x0000000070a80000 - 0x0000000070b22000 	C:\Program Files\Java\jdk1.8.0_111\jre\bin\mlib_image.dll
0x0000000070bb0000 - 0x0000000070bda000 	C:\Program Files\Java\jdk1.8.0_111\jre\bin\dcpr.dll
0x00007ff94b990000 - 0x00007ff94bb74000 	C:\WINDOWS\SYSTEM32\dbghelp.dll

VM Arguments:
jvm_args: -Dfile.encoding=UTF-8 
java_command: auto.recharge.system.Login
java_class_path (initial): C:\Program Files\NetBeans 8.2\java\modules\ext\AbsoluteLayout.jar;C:\Program Files\NetBeans 8.2\java\modules\ext\eclipselink\eclipselink.jar;C:\Program Files\NetBeans 8.2\java\modules\ext\eclipselink\javax.persistence_2.1.0.v201304241213.jar;C:\Program Files\NetBeans 8.2\java\modules\ext\eclipselink\org.eclipse.persistence.jpa.jpql_2.5.2.v20140319-9ad6abd.jar;D:\Project\Java GUI\Auto Recharge System\Core\Auto Recharge System\lib\zxing-1.7-javase.jar;D:\Project\Java GUI\Auto Recharge System\Core\Auto Recharge System\lib\zxing-core-2.0.jar;D:\Project\Java GUI\Auto Recharge System\Core\Auto Recharge System\lib\mail-1.4.7.jar;D:\Project\Java GUI\Auto Recharge System\Core\Auto Recharge System\lib\sqlite-jdbc-3.7.2.jar;D:\Project\Java GUI\Auto Recharge System\Core\Auto Recharge System\lib\aes-encryption-1.0-SNAPSHOT.jar;D:\Project\Java GUI\Auto Recharge System\Core\Auto Recharge System\lib\itextpdf-5.5.9.jar;D:\Project\Java GUI\Auto Recharge System\jar file\jcalendar-1.4\lib\jcalendar-1.4.jar;D:\Project\Java GUI\Auto Recharge System\Core\Auto Recharge System\lib\swingx-action-1.6.5-1.jar;D:\Project\Java GUI\Auto Recharge System\Core\Auto Recharge System\lib\swingx-autocomplete-1.6.5-1.jar;D:\Project\Java GUI\Auto Recharge System\Core\Auto Recharge System\lib\swingx-common-1.6.5-1.jar;D:\Project\Java GUI\Auto Recharge System\Core\Auto Recharge System\lib\swingx-core-1.6.5-1.jar;D:\Project\Java GUI\Auto Recharge System\Core\Auto Recharge System\lib\swingx-graphics-1.6.5-1.jar;D:\Project\Java GUI\Auto Recharge System\Core\Auto Recharge System\lib\swingx-painters-1.6.5-1.jar;D:\Project\Java GUI\Auto Recharge System\Core\Auto Recharge System\lib\swingx-plaf-1.6.5-1.jar;D:\Project\Java GUI\Auto Recharge System\Core\Auto Recharge System\lib\json-simple-1.1.1.jar;D:\Project\Java GUI\Auto Recharge System\Core\Auto Recharge System\lib\RXTXcomm.jar;D:\Project\Java GUI\Auto Recharge System\Core\Auto Recharge System\lib\rxtx-comm.jar;D:\Project\Java GUI\Au
Launcher Type: SUN_STANDARD

Environment Variables:
JAVA_HOME=C:\Program Files\Java\jdk1.8.0_111
PATH=C:\Program Files (x86)\Common Files\Oracle\Java\javapath;C:\WINDOWS\system32;C:\WINDOWS;C:\WINDOWS\System32\Wbem;C:\WINDOWS\System32\WindowsPowerShell\v1.0\;C:\Program Files\Git\cmd;C:\Program Files\apache-maven-3.6.2\bin;C:\Program Files\nodejs\;C:\WINDOWS\System32\OpenSSH\;C:\Users\monirozzamanroni\AppData\Local\Programs\Python\Python37\Scripts\;C:\Program Files\Java\jdk1.8.0_111\bin;C:\Program Files\Docker\Docker\resources\bin;C:\ProgramData\DockerDesktop\version-bin;C:\Users\monirozzamanroni\AppData\Roaming\npm;C:\Users\monirozzamanroni\AppData\Local\Microsoft\WindowsApps;C:\Program Files (x86)\Inno Setup 6;%USERPROFILE%\AppData\Local\Microsoft\WindowsApps;
USERNAME=monirozzamanroni
OS=Windows_NT
PROCESSOR_IDENTIFIER=Intel64 Family 6 Model 158 Stepping 9, GenuineIntel



---------------  S Y S T E M  ---------------

OS: Windows 10.0 , 64 bit Build 19041 (10.0.19041.292)

CPU:total 4 (4 cores per cpu, 1 threads per core) family 6 model 158 stepping 9, cmov, cx8, fxsr, mmx, sse, sse2, sse3, ssse3, sse4.1, sse4.2, popcnt, avx, avx2, aes, clmul, erms, rtm, 3dnowpref, lzcnt, tsc, tscinvbit, bmi1, bmi2, adx

Memory: 4k page, physical 8299840k(2146720k free), swap 24129856k(15529840k free)

vm_info: Java HotSpot(TM) 64-Bit Server VM (25.111-b14) for windows-amd64 JRE (1.8.0_111-b14), built on Sep 22 2016 19:24:05 by "java_re" with MS VC++ 10.0 (VS2010)

time: Sun Aug 16 10:21:00 2020
elapsed time: 94 seconds (0d 0h 1m 34s)

