#
# A fatal error has been detected by the Java Runtime Environment:
#
#  EXCEPTION_ACCESS_VIOLATION (0xc0000005) at pc=0x00000001800087dd, pid=11716, tid=0x00000000000031a0
#
# JRE version: Java(TM) SE Runtime Environment (8.0_111-b14) (build 1.8.0_111-b14)
# Java VM: Java HotSpot(TM) 64-Bit Server VM (25.111-b14 mixed mode windows-amd64 compressed oops)
# Problematic frame:
# C  [rxtxSerial.dll+0x87dd]
#
# Failed to write core dump. Minidumps are not enabled by default on client versions of Windows
#
# If you would like to submit a bug report, please visit:
#   http://bugreport.java.com/bugreport/crash.jsp
# The crash happened outside the Java Virtual Machine in native code.
# See problematic frame for where to report the bug.
#

---------------  T H R E A D  ---------------

Current thread (0x0000000019808000):  JavaThread "Thread-2" daemon [_thread_in_native, id=12704, stack(0x000000001c240000,0x000000001c340000)]

siginfo: ExceptionCode=0xc0000005, writing address 0x0000000000000100

Registers:
RAX=0x0000000000000000, RBX=0x000000001c3f0f10, RCX=0x0000000000000002, RDX=0x0000000000000000
RSP=0x000000001c33f200, RBP=0x000000001c33f478, RSI=0x000000001976df0a, RDI=0x000000001c3f1400
R8 =0x0000000000000000, R9 =0x0000000000000000, R10=0x000000001c3f0000, R11=0x0000000000000001
R12=0x000000001c33f480, R13=0x000000001c1e3598, R14=0x000000001c33f480, R15=0x0000000019808000
RIP=0x00000001800087dd, EFLAGS=0x0000000000010202

Top of Stack: (sp=0x000000001c33f200)
0x000000001c33f200:   000000001c3f0f10 000000001976df00
0x000000001c33f210:   0000000019808000 000000000000000a
0x000000001c33f220:   000000001976df00 000000018000aab4
0x000000001c33f230:   00000000198081f8 0000000000000106
0x000000001c33f240:   000000001c1e3598 000000001c33f480
0x000000001c33f250:   00000000196d2af0 000000001976df00
0x000000001c33f260:   000000001c33f478 000000018000b7fe
0x000000001c33f270:   0000000000000009 000000001c1e3598
0x000000001c33f280:   00000000198081f8 0000000000000000
0x000000001c33f290:   0000000019808000 0000000000000000
0x000000001c33f2a0:   00009d8f1ad48bc1 000000007fffffdb
0x000000001c33f2b0:   000000001c33f340 0000000000000042
0x000000001c33f2c0:   00000000198081f8 0000000000000000
0x000000001c33f2d0:   000000001976df00 000000018000213d
0x000000001c33f2e0:   000000001c33f478 000000018001c0b0
0x000000001c33f2f0:   0000000000000000 0000000180000000 

Instructions: (pc=0x00000001800087dd)
0x00000001800087bd:   00 00 7e 3d 48 8b 87 08 01 00 00 48 89 bb 00 01
0x00000001800087cd:   00 00 48 89 83 08 01 00 00 48 8b 87 08 01 00 00
0x00000001800087dd:   48 89 98 00 01 00 00 48 89 9f 08 01 00 00 48 8b
0x00000001800087ed:   c3 48 8b 5c 24 30 48 8b 74 24 38 48 83 c4 20 5f 


Register to memory mapping:

RAX=0x0000000000000000 is an unknown value
RBX=0x000000001c3f0f10 is an unknown value
RCX=0x0000000000000002 is an unknown value
RDX=0x0000000000000000 is an unknown value
RSP=0x000000001c33f200 is pointing into the stack for thread: 0x0000000019808000
RBP=0x000000001c33f478 is pointing into the stack for thread: 0x0000000019808000
RSI=0x000000001976df0a is an unknown value
RDI=0x000000001c3f1400 is an unknown value
R8 =0x0000000000000000 is an unknown value
R9 =0x0000000000000000 is an unknown value
R10=0x000000001c3f0000 is an unknown value
R11=0x0000000000000001 is an unknown value
R12=0x000000001c33f480 is pointing into the stack for thread: 0x0000000019808000
R13=0x000000001c1e3598 is pointing into metadata
R14=0x000000001c33f480 is pointing into the stack for thread: 0x0000000019808000
R15=0x0000000019808000 is a thread


Stack: [0x000000001c240000,0x000000001c340000],  sp=0x000000001c33f200,  free space=1020k
Native frames: (J=compiled Java code, j=interpreted, Vv=VM code, C=native code)
C  [rxtxSerial.dll+0x87dd]
C  [rxtxSerial.dll+0xaab4]
C  [rxtxSerial.dll+0x213d]
C  0x0000000002548a77

Java frames: (J=compiled Java code, j=interpreted, Vv=VM code)
j  gnu.io.RXTXPort.open(Ljava/lang/String;)I+0
j  gnu.io.RXTXPort.<init>(Ljava/lang/String;)V+125
j  gnu.io.RXTXCommDriver.getCommPort(Ljava/lang/String;I)Lgnu/io/CommPort;+78
j  gnu.io.CommPortIdentifier.open(Ljava/lang/String;I)Lgnu/io/CommPort;+171
j  auto.recharge.system.config.RunningModemPort.run()V+135
v  ~StubRoutines::call_stub

---------------  P R O C E S S  ---------------

Java Threads: ( => current thread )
  0x0000000019809000 JavaThread "Thread-3" daemon [_thread_blocked, id=15408, stack(0x000000001c400000,0x000000001c500000)]
=>0x0000000019808000 JavaThread "Thread-2" daemon [_thread_in_native, id=12704, stack(0x000000001c240000,0x000000001c340000)]
  0x0000000019450800 JavaThread "SwingWorker-pool-1-thread-2" daemon [_thread_blocked, id=10640, stack(0x000000001bf40000,0x000000001c040000)]
  0x0000000019400800 JavaThread "SwingWorker-pool-1-thread-1" daemon [_thread_blocked, id=13676, stack(0x000000001be40000,0x000000001bf40000)]
  0x00000000192a9800 JavaThread "Image Animator 3" daemon [_thread_blocked, id=568, stack(0x000000001a800000,0x000000001a900000)]
  0x00000000192a4800 JavaThread "TimerQueue" daemon [_thread_blocked, id=16212, stack(0x000000001a700000,0x000000001a800000)]
  0x0000000002432800 JavaThread "DestroyJavaVM" [_thread_blocked, id=12896, stack(0x0000000002260000,0x0000000002360000)]
  0x000000001921a800 JavaThread "AWT-EventQueue-0" [_thread_blocked, id=10520, stack(0x0000000019e10000,0x0000000019f10000)]
  0x0000000019217000 JavaThread "AWT-Windows" daemon [_thread_in_native, id=13360, stack(0x0000000019b50000,0x0000000019c50000)]
  0x0000000019214800 JavaThread "AWT-Shutdown" [_thread_blocked, id=1652, stack(0x0000000019a50000,0x0000000019b50000)]
  0x0000000019214000 JavaThread "Java2D Disposer" daemon [_thread_blocked, id=6232, stack(0x0000000019950000,0x0000000019a50000)]
  0x00000000170fe000 JavaThread "Service Thread" daemon [_thread_blocked, id=16284, stack(0x0000000018e10000,0x0000000018f10000)]
  0x00000000170ae000 JavaThread "C1 CompilerThread2" daemon [_thread_blocked, id=15336, stack(0x0000000018910000,0x0000000018a10000)]
  0x00000000170a7800 JavaThread "C2 CompilerThread1" daemon [_thread_blocked, id=6756, stack(0x0000000018810000,0x0000000018910000)]
  0x000000001709f800 JavaThread "C2 CompilerThread0" daemon [_thread_blocked, id=1332, stack(0x0000000018710000,0x0000000018810000)]
  0x000000001709e000 JavaThread "Attach Listener" daemon [_thread_blocked, id=4016, stack(0x0000000018610000,0x0000000018710000)]
  0x000000001709c800 JavaThread "Signal Dispatcher" daemon [_thread_blocked, id=2168, stack(0x0000000018510000,0x0000000018610000)]
  0x000000001708a800 JavaThread "Finalizer" daemon [_thread_blocked, id=7572, stack(0x0000000018310000,0x0000000018410000)]
  0x0000000002520800 JavaThread "Reference Handler" daemon [_thread_blocked, id=8440, stack(0x0000000018210000,0x0000000018310000)]

Other Threads:
  0x0000000017067800 VMThread [stack: 0x0000000018110000,0x0000000018210000] [id=8140]
  0x0000000018a6a800 WatcherThread [stack: 0x0000000018f10000,0x0000000019010000] [id=13272]

VM state:not at safepoint (normal execution)

VM Mutex/Monitor currently owned by a thread: None

Heap:
 PSYoungGen      total 38400K, used 11027K [0x00000000d5c00000, 0x00000000d8680000, 0x0000000100000000)
  eden space 33280K, 17% used [0x00000000d5c00000,0x00000000d61caa48,0x00000000d7c80000)
  from space 5120K, 99% used [0x00000000d7c80000,0x00000000d817a2e0,0x00000000d8180000)
  to   space 5120K, 0% used [0x00000000d8180000,0x00000000d8180000,0x00000000d8680000)
 ParOldGen       total 87552K, used 2239K [0x0000000081400000, 0x0000000086980000, 0x00000000d5c00000)
  object space 87552K, 2% used [0x0000000081400000,0x000000008162fe70,0x0000000086980000)
 Metaspace       used 15918K, capacity 16188K, committed 16384K, reserved 1062912K
  class space    used 1910K, capacity 2004K, committed 2048K, reserved 1048576K

Card table byte_map: [0x00000000118f0000,0x0000000011cf0000] byte_map_base: 0x00000000114e6000

Marking Bits: (ParMarkBitMap*) 0x0000000057eda6c0
 Begin Bits: [0x00000000123a0000, 0x0000000014350000)
 End Bits:   [0x0000000014350000, 0x0000000016300000)

Polling page: 0x0000000000600000

CodeCache: size=245760Kb used=4727Kb max_used=4727Kb free=241032Kb
 bounds [0x0000000002530000, 0x00000000029e0000, 0x0000000011530000]
 total_blobs=2089 nmethods=1533 adapters=468
 compilation: enabled

Compilation events (10 events):
Event: 10.630 Thread 0x00000000170ae000 1529       3       sun.java2d.pipe.Region::getInstanceXYWH (16 bytes)
Event: 10.631 Thread 0x00000000170ae000 nmethod 1529 0x00000000029cfc50 code [0x00000000029cfde0, 0x00000000029d0270]
Event: 10.746 Thread 0x00000000170ae000 1530       3       java.util.IdentityHashMap::keySet (26 bytes)
Event: 10.747 Thread 0x00000000170ae000 nmethod 1530 0x00000000029cf4d0 code [0x00000000029cf660, 0x00000000029cfa50]
Event: 10.747 Thread 0x00000000170ae000 1531       3       java.util.IdentityHashMap$KeySet::iterator (13 bytes)
Event: 10.747 Thread 0x00000000170ae000 nmethod 1531 0x00000000029cee90 code [0x00000000029cf020, 0x00000000029cf348]
Event: 10.747 Thread 0x00000000170ae000 1532       3       java.util.IdentityHashMap$KeyIterator::<init> (6 bytes)
Event: 10.748 Thread 0x00000000170ae000 nmethod 1532 0x00000000029ce990 code [0x00000000029ceb00, 0x00000000029ced68]
Event: 10.748 Thread 0x00000000170ae000 1533       3       java.util.IdentityHashMap$KeyIterator::<init> (12 bytes)
Event: 10.748 Thread 0x00000000170ae000 nmethod 1533 0x00000000029d1690 code [0x00000000029d1800, 0x00000000029d1a08]

GC Heap History (2 events):
Event: 6.804 GC heap before
{Heap before GC invocations=1 (full 0):
 PSYoungGen      total 38400K, used 33280K [0x00000000d5c00000, 0x00000000d8680000, 0x0000000100000000)
  eden space 33280K, 100% used [0x00000000d5c00000,0x00000000d7c80000,0x00000000d7c80000)
  from space 5120K, 0% used [0x00000000d8180000,0x00000000d8180000,0x00000000d8680000)
  to   space 5120K, 0% used [0x00000000d7c80000,0x00000000d7c80000,0x00000000d8180000)
 ParOldGen       total 87552K, used 0K [0x0000000081400000, 0x0000000086980000, 0x00000000d5c00000)
  object space 87552K, 0% used [0x0000000081400000,0x0000000081400000,0x0000000086980000)
 Metaspace       used 15808K, capacity 16060K, committed 16384K, reserved 1062912K
  class space    used 1910K, capacity 2004K, committed 2048K, reserved 1048576K
Event: 6.815 GC heap after
Heap after GC invocations=1 (full 0):
 PSYoungGen      total 38400K, used 5096K [0x00000000d5c00000, 0x00000000d8680000, 0x0000000100000000)
  eden space 33280K, 0% used [0x00000000d5c00000,0x00000000d5c00000,0x00000000d7c80000)
  from space 5120K, 99% used [0x00000000d7c80000,0x00000000d817a2e0,0x00000000d8180000)
  to   space 5120K, 0% used [0x00000000d8180000,0x00000000d8180000,0x00000000d8680000)
 ParOldGen       total 87552K, used 2239K [0x0000000081400000, 0x0000000086980000, 0x00000000d5c00000)
  object space 87552K, 2% used [0x0000000081400000,0x000000008162fe70,0x0000000086980000)
 Metaspace       used 15808K, capacity 16060K, committed 16384K, reserved 1062912K
  class space    used 1910K, capacity 2004K, committed 2048K, reserved 1048576K
}

Deoptimization events (10 events):
Event: 3.529 Thread 0x0000000019450800 Uncommon trap: reason=class_check action=maybe_recompile pc=0x00000000028f0ee4 method=java.util.regex.Pattern$Curly.match(Ljava/util/regex/Matcher;ILjava/lang/CharSequence;)Z @ 19
Event: 3.529 Thread 0x0000000019450800 Uncommon trap: reason=class_check action=maybe_recompile pc=0x00000000028f0ee4 method=java.util.regex.Pattern$Curly.match(Ljava/util/regex/Matcher;ILjava/lang/CharSequence;)Z @ 19
Event: 5.800 Thread 0x0000000019808000 Uncommon trap: reason=bimorphic action=maybe_recompile pc=0x00000000028c4dc0 method=java.util.regex.Pattern$BmpCharProperty.match(Ljava/util/regex/Matcher;ILjava/lang/CharSequence;)Z @ 16
Event: 5.800 Thread 0x0000000019808000 Uncommon trap: reason=bimorphic action=maybe_recompile pc=0x00000000028c4dc0 method=java.util.regex.Pattern$BmpCharProperty.match(Ljava/util/regex/Matcher;ILjava/lang/CharSequence;)Z @ 16
Event: 5.802 Thread 0x0000000019808000 Uncommon trap: reason=bimorphic action=maybe_recompile pc=0x00000000028c4dc0 method=java.util.regex.Pattern$BmpCharProperty.match(Ljava/util/regex/Matcher;ILjava/lang/CharSequence;)Z @ 16
Event: 5.802 Thread 0x0000000019808000 Uncommon trap: reason=bimorphic action=maybe_recompile pc=0x00000000028c4dc0 method=java.util.regex.Pattern$BmpCharProperty.match(Ljava/util/regex/Matcher;ILjava/lang/CharSequence;)Z @ 16
Event: 6.753 Thread 0x00000000192a9800 Uncommon trap: reason=unstable_if action=reinterpret pc=0x0000000002856060 method=sun.awt.image.GifImageDecoder.sendPixels(IIII[BLjava/awt/image/ColorModel;)I @ 112
Event: 6.819 Thread 0x000000001921a800 Uncommon trap: reason=unstable_if action=reinterpret pc=0x00000000028f85c0 method=java.lang.ref.SoftReference.get()Ljava/lang/Object; @ 17
Event: 9.142 Thread 0x00000000192a9800 Uncommon trap: reason=unstable_if action=reinterpret pc=0x000000000297b604 method=sun.awt.image.GifImageDecoder.sendPixels(IIII[BLjava/awt/image/ColorModel;)I @ 321
Event: 9.142 Thread 0x00000000192a9800 Uncommon trap: reason=unstable_if action=reinterpret pc=0x000000000285026c method=sun.awt.image.GifImageDecoder.sendPixels(IIII[BLjava/awt/image/ColorModel;)I @ 321

Internal exceptions (10 events):
Event: 0.418 Thread 0x0000000002432800 Exception <a 'java/lang/NoSuchFieldError': method resolution failed> (0x00000000d5edbf88) thrown at [C:\re\workspace\8-2-build-windows-amd64-cygwin\jdk8u111\7883\hotspot\src\share\vm\prims\methodHandles.cpp, line 1146]
Event: 0.548 Thread 0x000000001921a800 Exception <a 'java/io/FileNotFoundException'> (0x00000000d6170c50) thrown at [C:\re\workspace\8-2-build-windows-amd64-cygwin\jdk8u111\7883\hotspot\src\share\vm\prims\jni.cpp, line 709]
Event: 1.285 Thread 0x00000000192a9800 Exception <a 'java/lang/InterruptedException': sleep interrupted> (0x00000000d6641150) thrown at [C:\re\workspace\8-2-build-windows-amd64-cygwin\jdk8u111\7883\hotspot\src\share\vm\prims\jvm.cpp, line 3176]
Event: 2.559 Thread 0x0000000019450800 Implicit null exception at 0x000000000282f0ca to 0x000000000282f38d
Event: 5.240 Thread 0x0000000019400800 Exception <a 'java/io/FileNotFoundException'> (0x00000000d7896e08) thrown at [C:\re\workspace\8-2-build-windows-amd64-cygwin\jdk8u111\7883\hotspot\src\share\vm\prims\jni.cpp, line 709]
Event: 5.425 Thread 0x0000000019400800 Exception <a 'java/io/FileNotFoundException'> (0x00000000d78ad6a0) thrown at [C:\re\workspace\8-2-build-windows-amd64-cygwin\jdk8u111\7883\hotspot\src\share\vm\prims\jni.cpp, line 709]
Event: 5.432 Thread 0x0000000019450800 Exception <a 'java/io/FileNotFoundException'> (0x00000000d7664758) thrown at [C:\re\workspace\8-2-build-windows-amd64-cygwin\jdk8u111\7883\hotspot\src\share\vm\prims\jni.cpp, line 709]
Event: 5.730 Thread 0x0000000019450800 Exception <a 'java/io/FileNotFoundException'> (0x00000000d767aac0) thrown at [C:\re\workspace\8-2-build-windows-amd64-cygwin\jdk8u111\7883\hotspot\src\share\vm\prims\jni.cpp, line 709]
Event: 5.733 Thread 0x0000000019400800 Exception <a 'java/io/FileNotFoundException'> (0x00000000d78bf610) thrown at [C:\re\workspace\8-2-build-windows-amd64-cygwin\jdk8u111\7883\hotspot\src\share\vm\prims\jni.cpp, line 709]
Event: 5.799 Thread 0x0000000019400800 Exception <a 'java/io/FileNotFoundException'> (0x00000000d78d5988) thrown at [C:\re\workspace\8-2-build-windows-amd64-cygwin\jdk8u111\7883\hotspot\src\share\vm\prims\jni.cpp, line 709]

Events (10 events):
Event: 9.276 Thread 0x00000000192a9800 DEOPT PACKING pc=0x00000000029b7ddc sp=0x000000001a8fe960
Event: 9.276 Thread 0x00000000192a9800 DEOPT UNPACKING pc=0x000000000257787f sp=0x000000001a8fe6b8 mode 0
Event: 9.276 Thread 0x00000000192a9800 DEOPT PACKING pc=0x00000000029b7ddc sp=0x000000001a8fe960
Event: 9.276 Thread 0x00000000192a9800 DEOPT UNPACKING pc=0x000000000257787f sp=0x000000001a8fe6b8 mode 0
Event: 9.277 Thread 0x00000000192a9800 DEOPT PACKING pc=0x00000000029b7ddc sp=0x000000001a8fe960
Event: 9.277 Thread 0x00000000192a9800 DEOPT UNPACKING pc=0x000000000257787f sp=0x000000001a8fe6b8 mode 0
Event: 9.277 Thread 0x00000000192a9800 DEOPT PACKING pc=0x00000000029b7ddc sp=0x000000001a8fe960
Event: 9.277 Thread 0x00000000192a9800 DEOPT UNPACKING pc=0x000000000257787f sp=0x000000001a8fe6b8 mode 0
Event: 9.351 Thread 0x00000000192a9800 DEOPT PACKING pc=0x000000000298a6ed sp=0x000000001a8ff120
Event: 9.351 Thread 0x00000000192a9800 DEOPT UNPACKING pc=0x000000000257787f sp=0x000000001a8feeb8 mode 0


Dynamic libraries:
0x00007ff76c2a0000 - 0x00007ff76c2d7000 	C:\Program Files\Java\jdk1.8.0_111\bin\java.exe
0x00007ffb03df0000 - 0x00007ffb03fe5000 	C:\WINDOWS\SYSTEM32\ntdll.dll
0x00007ffb034c0000 - 0x00007ffb0357d000 	C:\WINDOWS\System32\KERNEL32.DLL
0x00007ffb018c0000 - 0x00007ffb01b87000 	C:\WINDOWS\System32\KERNELBASE.dll
0x00007ffb03930000 - 0x00007ffb039da000 	C:\WINDOWS\System32\ADVAPI32.dll
0x00007ffb03580000 - 0x00007ffb0361e000 	C:\WINDOWS\System32\msvcrt.dll
0x00007ffb02d60000 - 0x00007ffb02dfb000 	C:\WINDOWS\System32\sechost.dll
0x00007ffb02070000 - 0x00007ffb02194000 	C:\WINDOWS\System32\RPCRT4.dll
0x00007ffb02260000 - 0x00007ffb02400000 	C:\WINDOWS\System32\USER32.dll
0x00007ffb015e0000 - 0x00007ffb01602000 	C:\WINDOWS\System32\win32u.dll
0x00007ffb02e00000 - 0x00007ffb02e2a000 	C:\WINDOWS\System32\GDI32.dll
0x00007ffb016b0000 - 0x00007ffb017b9000 	C:\WINDOWS\System32\gdi32full.dll
0x00007ffb01610000 - 0x00007ffb016ad000 	C:\WINDOWS\System32\msvcp_win.dll
0x00007ffb017c0000 - 0x00007ffb018c0000 	C:\WINDOWS\System32\ucrtbase.dll
0x00007ffaec370000 - 0x00007ffaec60b000 	C:\WINDOWS\WinSxS\amd64_microsoft.windows.common-controls_6595b64144ccf1df_6.0.19041.488_none_ca04af081b815d21\COMCTL32.dll
0x00007ffb02d30000 - 0x00007ffb02d60000 	C:\WINDOWS\System32\IMM32.DLL
0x0000000057f60000 - 0x0000000058032000 	C:\Program Files\Java\jdk1.8.0_111\jre\bin\msvcr100.dll
0x00000000576c0000 - 0x0000000057f5a000 	C:\Program Files\Java\jdk1.8.0_111\jre\bin\server\jvm.dll
0x00007ffb03d40000 - 0x00007ffb03d48000 	C:\WINDOWS\System32\PSAPI.DLL
0x00007ffafc440000 - 0x00007ffafc44a000 	C:\WINDOWS\SYSTEM32\VERSION.dll
0x00007ffaecad0000 - 0x00007ffaecaf7000 	C:\WINDOWS\SYSTEM32\WINMM.dll
0x00007ffae7b30000 - 0x00007ffae7b39000 	C:\WINDOWS\SYSTEM32\WSOCK32.dll
0x00007ffb03450000 - 0x00007ffb034bb000 	C:\WINDOWS\System32\WS2_32.dll
0x00000000576b0000 - 0x00000000576bf000 	C:\Program Files\Java\jdk1.8.0_111\jre\bin\verify.dll
0x0000000057680000 - 0x00000000576a9000 	C:\Program Files\Java\jdk1.8.0_111\jre\bin\java.dll
0x0000000057660000 - 0x0000000057676000 	C:\Program Files\Java\jdk1.8.0_111\jre\bin\zip.dll
0x00007ffb02400000 - 0x00007ffb02b41000 	C:\WINDOWS\System32\SHELL32.dll
0x00007ffaff670000 - 0x00007ffaffe03000 	C:\WINDOWS\SYSTEM32\windows.storage.dll
0x00007ffb039e0000 - 0x00007ffb03d35000 	C:\WINDOWS\System32\combase.dll
0x00007ffb00e00000 - 0x00007ffb00e2c000 	C:\WINDOWS\SYSTEM32\Wldp.dll
0x00007ffb02b50000 - 0x00007ffb02bfe000 	C:\WINDOWS\System32\SHCORE.dll
0x00007ffb02cd0000 - 0x00007ffb02d25000 	C:\WINDOWS\System32\shlwapi.dll
0x00007ffb01460000 - 0x00007ffb01486000 	C:\WINDOWS\SYSTEM32\profapi.dll
0x0000000057480000 - 0x0000000057618000 	C:\Program Files\Java\jdk1.8.0_111\jre\bin\awt.dll
0x00007ffb02c00000 - 0x00007ffb02ccd000 	C:\WINDOWS\System32\OLEAUT32.dll
0x00007ffafee80000 - 0x00007ffafef10000 	C:\WINDOWS\SYSTEM32\apphelp.dll
0x00007ffafefb0000 - 0x00007ffaff04f000 	C:\WINDOWS\system32\uxtheme.dll
0x00007ffb02eb0000 - 0x00007ffb02fc5000 	C:\WINDOWS\System32\MSCTF.dll
0x00007ffb01e50000 - 0x00007ffb01f79000 	C:\WINDOWS\System32\ole32.dll
0x00007ffaff470000 - 0x00007ffaff483000 	C:\WINDOWS\SYSTEM32\kernel.appcore.dll
0x00007ffb01560000 - 0x00007ffb015df000 	C:\WINDOWS\System32\bcryptPrimitives.dll
0x00007ffaff360000 - 0x00007ffaff38f000 	C:\WINDOWS\system32\DWMAPI.DLL
0x00000000573f0000 - 0x0000000057437000 	C:\Program Files\Java\jdk1.8.0_111\jre\bin\fontmanager.dll
0x0000000057640000 - 0x000000005765a000 	C:\Program Files\Java\jdk1.8.0_111\jre\bin\net.dll
0x00007ffb00bf0000 - 0x00007ffb00c5a000 	C:\WINDOWS\system32\mswsock.dll
0x0000000057620000 - 0x0000000057631000 	C:\Program Files\Java\jdk1.8.0_111\jre\bin\nio.dll
0x00000000573a0000 - 0x00000000573e2000 	C:\Program Files\Java\jdk1.8.0_111\jre\bin\t2k.dll
0x00007ffb021b0000 - 0x00007ffb02258000 	C:\WINDOWS\System32\clbcatq.dll
0x00007ffafa660000 - 0x00007ffafa814000 	C:\WINDOWS\SYSTEM32\WindowsCodecs.dll
0x00007ffb01530000 - 0x00007ffb01557000 	C:\WINDOWS\System32\bcrypt.dll
0x00007ffad59d0000 - 0x00007ffad5a0e000 	C:\WINDOWS\system32\dataexchange.dll
0x00007ffafd750000 - 0x00007ffafd9b3000 	C:\WINDOWS\system32\d3d11.dll
0x00007ffafe240000 - 0x00007ffafe425000 	C:\WINDOWS\system32\dcomp.dll
0x00007ffaffe50000 - 0x00007ffafff43000 	C:\WINDOWS\system32\dxgi.dll
0x00007ffafad80000 - 0x00007ffafaf87000 	C:\WINDOWS\system32\twinapi.appcore.dll
0x00007ffaf4220000 - 0x00007ffaf431d000 	C:\WINDOWS\SYSTEM32\textinputframework.dll
0x00007ffafeb10000 - 0x00007ffafec02000 	C:\WINDOWS\System32\CoreMessaging.dll
0x00007ffafe7b0000 - 0x00007ffafeb0a000 	C:\WINDOWS\System32\CoreUIComponents.dll
0x00007ffb00240000 - 0x00007ffb00273000 	C:\WINDOWS\SYSTEM32\ntmarta.dll
0x00007ffafe0e0000 - 0x00007ffafe236000 	C:\WINDOWS\SYSTEM32\wintypes.dll
0x0000000069340000 - 0x00000000693c5000 	C:\Users\monirozzamanroni\AppData\Local\Temp\sqlite-3.7.2-sqlitejdbc.dll
0x0000000057330000 - 0x0000000057354000 	C:\Program Files\Java\jdk1.8.0_111\jre\bin\sunec.dll
0x00007ffb00900000 - 0x00007ffb0093b000 	C:\WINDOWS\SYSTEM32\IPHLPAPI.DLL
0x00007ffb021a0000 - 0x00007ffb021a9000 	C:\WINDOWS\System32\NSI.dll
0x00007ffafbb30000 - 0x00007ffafbb47000 	C:\WINDOWS\SYSTEM32\dhcpcsvc6.DLL
0x00007ffafbb10000 - 0x00007ffafbb2d000 	C:\WINDOWS\SYSTEM32\dhcpcsvc.DLL
0x00007ffb00940000 - 0x00007ffb00a0b000 	C:\WINDOWS\SYSTEM32\DNSAPI.dll
0x00007ffb01140000 - 0x00007ffb01158000 	C:\WINDOWS\SYSTEM32\CRYPTSP.dll
0x00007ffb005a0000 - 0x00007ffb005d4000 	C:\WINDOWS\system32\rsaenh.dll
0x00007ffb01420000 - 0x00007ffb0144e000 	C:\WINDOWS\SYSTEM32\USERENV.dll
0x00007ffb00d70000 - 0x00007ffb00d7c000 	C:\WINDOWS\SYSTEM32\CRYPTBASE.dll
0x0000000180000000 - 0x0000000180025000 	C:\Program Files\Java\jdk1.8.0_111\jre\bin\rxtxSerial.dll
0x00007ffaec610000 - 0x00007ffaec7f4000 	C:\WINDOWS\SYSTEM32\dbghelp.dll

VM Arguments:
jvm_args: -Dfile.encoding=UTF-8 
java_command: auto.recharge.system.Login
java_class_path (initial): C:\Program Files\NetBeans 8.2\java\modules\ext\AbsoluteLayout.jar;C:\Program Files\NetBeans 8.2\java\modules\ext\eclipselink\eclipselink.jar;C:\Program Files\NetBeans 8.2\java\modules\ext\eclipselink\javax.persistence_2.1.0.v201304241213.jar;C:\Program Files\NetBeans 8.2\java\modules\ext\eclipselink\org.eclipse.persistence.jpa.jpql_2.5.2.v20140319-9ad6abd.jar;D:\Project\Java GUI\Auto Recharge System\Core\Auto-Recharge-System\lib\zxing-1.7-javase.jar;D:\Project\Java GUI\Auto Recharge System\Core\Auto-Recharge-System\lib\zxing-core-2.0.jar;D:\Project\Java GUI\Auto Recharge System\Core\Auto-Recharge-System\lib\mail-1.4.7.jar;D:\Project\Java GUI\Auto Recharge System\Core\Auto-Recharge-System\lib\sqlite-jdbc-3.7.2.jar;D:\Project\Java GUI\Auto Recharge System\Core\Auto-Recharge-System\lib\aes-encryption-1.0-SNAPSHOT.jar;D:\Project\Java GUI\Auto Recharge System\Core\Auto-Recharge-System\lib\itextpdf-5.5.9.jar;D:\Project\Java GUI\Auto Recharge System\jar file\jcalendar-1.4\lib\jcalendar-1.4.jar;D:\Project\Java GUI\Auto Recharge System\Core\Auto-Recharge-System\lib\swingx-action-1.6.5-1.jar;D:\Project\Java GUI\Auto Recharge System\Core\Auto-Recharge-System\lib\swingx-autocomplete-1.6.5-1.jar;D:\Project\Java GUI\Auto Recharge System\Core\Auto-Recharge-System\lib\swingx-common-1.6.5-1.jar;D:\Project\Java GUI\Auto Recharge System\Core\Auto-Recharge-System\lib\swingx-core-1.6.5-1.jar;D:\Project\Java GUI\Auto Recharge System\Core\Auto-Recharge-System\lib\swingx-graphics-1.6.5-1.jar;D:\Project\Java GUI\Auto Recharge System\Core\Auto-Recharge-System\lib\swingx-painters-1.6.5-1.jar;D:\Project\Java GUI\Auto Recharge System\Core\Auto-Recharge-System\lib\swingx-plaf-1.6.5-1.jar;D:\Project\Java GUI\Auto Recharge System\Core\Auto-Recharge-System\lib\json-simple-1.1.1.jar;D:\Project\Java GUI\Auto Recharge System\Core\Auto-Recharge-System\lib\RXTXcomm.jar;D:\Project\Java GUI\Auto Recharge System\Core\Auto-Recharge-System\lib\rxtx-comm.jar;D:\Project\Java GUI\Au
Launcher Type: SUN_STANDARD

Environment Variables:
JAVA_HOME=C:\Program Files\Java\jre1.8.0_261
PATH=C:\Program Files (x86)\Common Files\Oracle\Java\javapath;C:\Program Files (x86)\Common Files\Intel\Shared Libraries\redist\intel64\compiler;C:\WINDOWS\system32;C:\WINDOWS;C:\WINDOWS\System32\Wbem;C:\WINDOWS\System32\WindowsPowerShell\v1.0\;C:\Program Files\Git\cmd;C:\Program Files\apache-maven-3.6.2\bin;C:\Program Files\nodejs\;C:\WINDOWS\System32\OpenSSH\;C:\Users\monirozzamanroni\AppData\Local\Programs\Python\Python37\Scripts\;C:\Program Files\Java\jre1.8.0_261\bin;C:\Users\monirozzamanroni\AppData\Roaming\npm;C:\Users\monirozzamanroni\AppData\Local\Microsoft\WindowsApps;C:\Program Files (x86)\Inno Setup 6;C:\Users\monirozzamanroni\AppData\Local\Microsoft\WindowsApps;;C:\Program Files\JetBrains\IntelliJ IDEA 2020.2.2\bin;
USERNAME=monirozzamanroni
OS=Windows_NT
PROCESSOR_IDENTIFIER=Intel64 Family 6 Model 158 Stepping 9, GenuineIntel



---------------  S Y S T E M  ---------------

OS: Windows 10.0 , 64 bit Build 19041 (10.0.19041.292)

CPU:total 4 (4 cores per cpu, 1 threads per core) family 6 model 158 stepping 9, cmov, cx8, fxsr, mmx, sse, sse2, sse3, ssse3, sse4.1, sse4.2, popcnt, avx, avx2, aes, clmul, erms, rtm, 3dnowpref, lzcnt, tsc, tscinvbit, bmi1, bmi2, adx

Memory: 4k page, physical 8299840k(2682644k free), swap 28324160k(20973208k free)

vm_info: Java HotSpot(TM) 64-Bit Server VM (25.111-b14) for windows-amd64 JRE (1.8.0_111-b14), built on Sep 22 2016 19:24:05 by "java_re" with MS VC++ 10.0 (VS2010)

time: Thu Oct 08 21:47:41 2020
elapsed time: 10 seconds (0d 0h 0m 10s)

