#
# A fatal error has been detected by the Java Runtime Environment:
#
#  EXCEPTION_ACCESS_VIOLATION (0xc0000005) at pc=0x00000001800087dd, pid=2068, tid=0x0000000000000810
#
# JRE version: Java(TM) SE Runtime Environment (8.0_111-b14) (build 1.8.0_111-b14)
# Java VM: Java HotSpot(TM) 64-Bit Server VM (25.111-b14 mixed mode windows-amd64 compressed oops)
# Problematic frame:
# C  [rxtxSerial.dll+0x87dd]
#
# Failed to write core dump. Minidumps are not enabled by default on client versions of Windows
#
# If you would like to submit a bug report, please visit:
#   http://bugreport.java.com/bugreport/crash.jsp
# The crash happened outside the Java Virtual Machine in native code.
# See problematic frame for where to report the bug.
#

---------------  T H R E A D  ---------------

Current thread (0x0000000019524800):  JavaThread "Thread-3" daemon [_thread_in_native, id=2064, stack(0x000000001c2e0000,0x000000001c3e0000)]

siginfo: ExceptionCode=0xc0000005, writing address 0x0000000000000100

Registers:
RAX=0x0000000000000000, RBX=0x000000001c1d11e0, RCX=0x0000000000000002, RDX=0x0000000000000000
RSP=0x000000001c3df160, RBP=0x000000001c3df3d8, RSI=0x000000001954815a, RDI=0x000000001c1d1400
R8 =0x0000000000000000, R9 =0x0000000000000000, R10=0x000000001c1d0000, R11=0x0000000000000001
R12=0x000000001c3df3e0, R13=0x000000001c0d3598, R14=0x000000001c3df3e0, R15=0x0000000019524800
RIP=0x00000001800087dd, EFLAGS=0x0000000000010202

Top of Stack: (sp=0x000000001c3df160)
0x000000001c3df160:   000000001c1d11e0 0000000019548150
0x000000001c3df170:   0000000019524800 000000000000000a
0x000000001c3df180:   0000000019548150 000000018000aab4
0x000000001c3df190:   00000000195249f8 0000000000000106
0x000000001c3df1a0:   000000001c0d3598 000000001c3df3e0
0x000000001c3df1b0:   0000000019550890 0000000019548150
0x000000001c3df1c0:   000000001c3df3d8 000000018000b7fe
0x000000001c3df1d0:   0000000000000009 000000001c0d3598
0x000000001c3df1e0:   00000000195249f8 0000000000000000
0x000000001c3df1f0:   0000000019524800 0000000000000000
0x000000001c3df200:   000093f14cdb8782 000000007fffffdb
0x000000001c3df210:   000000001c3df2a0 0000000000000042
0x000000001c3df220:   00000000195249f8 0000000000000000
0x000000001c3df230:   0000000019548150 000000018000213d
0x000000001c3df240:   000000001c3df3d8 000000018001c0b0
0x000000001c3df250:   0000000000000000 0000000180000000 

Instructions: (pc=0x00000001800087dd)
0x00000001800087bd:   00 00 7e 3d 48 8b 87 08 01 00 00 48 89 bb 00 01
0x00000001800087cd:   00 00 48 89 83 08 01 00 00 48 8b 87 08 01 00 00
0x00000001800087dd:   48 89 98 00 01 00 00 48 89 9f 08 01 00 00 48 8b
0x00000001800087ed:   c3 48 8b 5c 24 30 48 8b 74 24 38 48 83 c4 20 5f 


Register to memory mapping:

RAX=0x0000000000000000 is an unknown value
RBX=0x000000001c1d11e0 is an unknown value
RCX=0x0000000000000002 is an unknown value
RDX=0x0000000000000000 is an unknown value
RSP=0x000000001c3df160 is pointing into the stack for thread: 0x0000000019524800
RBP=0x000000001c3df3d8 is pointing into the stack for thread: 0x0000000019524800
RSI=0x000000001954815a is an unknown value
RDI=0x000000001c1d1400 is an unknown value
R8 =0x0000000000000000 is an unknown value
R9 =0x0000000000000000 is an unknown value
R10=0x000000001c1d0000 is an unknown value
R11=0x0000000000000001 is an unknown value
R12=0x000000001c3df3e0 is pointing into the stack for thread: 0x0000000019524800
R13=0x000000001c0d3598 is pointing into metadata
R14=0x000000001c3df3e0 is pointing into the stack for thread: 0x0000000019524800
R15=0x0000000019524800 is a thread


Stack: [0x000000001c2e0000,0x000000001c3e0000],  sp=0x000000001c3df160,  free space=1020k
Native frames: (J=compiled Java code, j=interpreted, Vv=VM code, C=native code)
C  [rxtxSerial.dll+0x87dd]
C  [rxtxSerial.dll+0xaab4]
C  [rxtxSerial.dll+0x213d]
C  0x0000000002458a77

Java frames: (J=compiled Java code, j=interpreted, Vv=VM code)
j  gnu.io.RXTXPort.open(Ljava/lang/String;)I+0
j  gnu.io.RXTXPort.<init>(Ljava/lang/String;)V+125
j  gnu.io.RXTXCommDriver.getCommPort(Ljava/lang/String;I)Lgnu/io/CommPort;+78
j  gnu.io.CommPortIdentifier.open(Ljava/lang/String;I)Lgnu/io/CommPort;+171
j  auto.recharge.system.config.RunningModemPort.run()V+135
v  ~StubRoutines::call_stub

---------------  P R O C E S S  ---------------

Java Threads: ( => current thread )
  0x0000000019442000 JavaThread "Thread-10" daemon [_thread_in_native, id=14528, stack(0x000000001c3e0000,0x000000001c4e0000)]
=>0x0000000019524800 JavaThread "Thread-3" daemon [_thread_in_native, id=2064, stack(0x000000001c2e0000,0x000000001c3e0000)]
  0x000000001952e000 JavaThread "Thread-2" daemon [_thread_blocked, id=6076, stack(0x000000001c1e0000,0x000000001c2e0000)]
  0x0000000019261000 JavaThread "SwingWorker-pool-1-thread-2" daemon [_thread_blocked, id=7116, stack(0x000000001be30000,0x000000001bf30000)]
  0x000000001921d000 JavaThread "SwingWorker-pool-1-thread-1" daemon [_thread_blocked, id=3224, stack(0x000000001bd30000,0x000000001be30000)]
  0x00000000190a2000 JavaThread "Image Animator 3" daemon [_thread_blocked, id=2628, stack(0x000000001a6f0000,0x000000001a7f0000)]
  0x000000001909c800 JavaThread "TimerQueue" daemon [_thread_blocked, id=13844, stack(0x000000001a5f0000,0x000000001a6f0000)]
  0x0000000002342800 JavaThread "DestroyJavaVM" [_thread_blocked, id=5596, stack(0x0000000002240000,0x0000000002340000)]
  0x0000000019015800 JavaThread "AWT-EventQueue-0" [_thread_blocked, id=14540, stack(0x0000000019d00000,0x0000000019e00000)]
  0x0000000019012800 JavaThread "AWT-Windows" daemon [_thread_in_native, id=13524, stack(0x0000000019a40000,0x0000000019b40000)]
  0x0000000019010000 JavaThread "AWT-Shutdown" [_thread_blocked, id=11992, stack(0x0000000019940000,0x0000000019a40000)]
  0x000000001900f800 JavaThread "Java2D Disposer" daemon [_thread_blocked, id=9036, stack(0x0000000019840000,0x0000000019940000)]
  0x000000001700d800 JavaThread "Service Thread" daemon [_thread_blocked, id=596, stack(0x0000000018d00000,0x0000000018e00000)]
  0x0000000016fb0000 JavaThread "C1 CompilerThread2" daemon [_thread_blocked, id=12804, stack(0x0000000018800000,0x0000000018900000)]
  0x0000000016fad000 JavaThread "C2 CompilerThread1" daemon [_thread_blocked, id=14988, stack(0x0000000018700000,0x0000000018800000)]
  0x0000000016fba800 JavaThread "C2 CompilerThread0" daemon [_thread_blocked, id=2612, stack(0x0000000018600000,0x0000000018700000)]
  0x0000000016fb9000 JavaThread "Attach Listener" daemon [_thread_blocked, id=748, stack(0x0000000018500000,0x0000000018600000)]
  0x0000000016fb7800 JavaThread "Signal Dispatcher" daemon [_thread_blocked, id=11448, stack(0x0000000018400000,0x0000000018500000)]
  0x0000000016f9a800 JavaThread "Finalizer" daemon [_thread_blocked, id=11596, stack(0x0000000018200000,0x0000000018300000)]
  0x0000000002430800 JavaThread "Reference Handler" daemon [_thread_blocked, id=8632, stack(0x0000000018100000,0x0000000018200000)]

Other Threads:
  0x0000000016f78000 VMThread [stack: 0x0000000018000000,0x0000000018100000] [id=11600]
  0x000000001895e000 WatcherThread [stack: 0x0000000018e00000,0x0000000018f00000] [id=3452]

VM state:not at safepoint (normal execution)

VM Mutex/Monitor currently owned by a thread: None

Heap:
 PSYoungGen      total 38400K, used 21578K [0x00000000d5c00000, 0x00000000d8680000, 0x0000000100000000)
  eden space 33280K, 49% used [0x00000000d5c00000,0x00000000d6c148b0,0x00000000d7c80000)
  from space 5120K, 99% used [0x00000000d7c80000,0x00000000d817e2f0,0x00000000d8180000)
  to   space 5120K, 0% used [0x00000000d8180000,0x00000000d8180000,0x00000000d8680000)
 ParOldGen       total 87552K, used 5319K [0x0000000081400000, 0x0000000086980000, 0x00000000d5c00000)
  object space 87552K, 6% used [0x0000000081400000,0x0000000081931c18,0x0000000086980000)
 Metaspace       used 16039K, capacity 16316K, committed 16640K, reserved 1064960K
  class space    used 1910K, capacity 2004K, committed 2048K, reserved 1048576K

Card table byte_map: [0x0000000011800000,0x0000000011c00000] byte_map_base: 0x00000000113f6000

Marking Bits: (ParMarkBitMap*) 0x00000000524ea6c0
 Begin Bits: [0x00000000122b0000, 0x0000000014260000)
 End Bits:   [0x0000000014260000, 0x0000000016210000)

Polling page: 0x0000000000860000

CodeCache: size=245760Kb used=5220Kb max_used=5226Kb free=240539Kb
 bounds [0x0000000002440000, 0x0000000002960000, 0x0000000011440000]
 total_blobs=2224 nmethods=1668 adapters=468
 compilation: enabled

Compilation events (10 events):
Event: 16.685 Thread 0x0000000016fba800 1664       4       java.util.IdentityHashMap::clear (39 bytes)
Event: 16.688 Thread 0x0000000016fba800 nmethod 1664 0x000000000295c150 code [0x000000000295c280, 0x000000000295c378]
Event: 17.632 Thread 0x0000000016fb0000 1665       3       java.util.regex.Matcher::find (69 bytes)
Event: 17.633 Thread 0x0000000016fb0000 nmethod 1665 0x0000000002958d50 code [0x0000000002958ec0, 0x0000000002959268]
Event: 17.636 Thread 0x0000000016fb0000 1666       3       java.util.regex.Matcher::getTextLength (10 bytes)
Event: 17.637 Thread 0x0000000016fb0000 nmethod 1666 0x000000000295ac10 code [0x000000000295ad80, 0x000000000295afa8]
Event: 17.637 Thread 0x0000000016fb0000 1667       3       java.util.regex.Pattern$GroupHead::match (47 bytes)
Event: 17.637 Thread 0x0000000016fb0000 nmethod 1667 0x000000000295a5d0 code [0x000000000295a740, 0x000000000295a9e8]
Event: 17.637 Thread 0x0000000016fb0000 1668       3       java.util.regex.Matcher::groupCount (10 bytes)
Event: 17.637 Thread 0x0000000016fb0000 nmethod 1668 0x000000000295edd0 code [0x000000000295ef20, 0x000000000295f070]

GC Heap History (2 events):
Event: 5.878 GC heap before
{Heap before GC invocations=1 (full 0):
 PSYoungGen      total 38400K, used 33280K [0x00000000d5c00000, 0x00000000d8680000, 0x0000000100000000)
  eden space 33280K, 100% used [0x00000000d5c00000,0x00000000d7c80000,0x00000000d7c80000)
  from space 5120K, 0% used [0x00000000d8180000,0x00000000d8180000,0x00000000d8680000)
  to   space 5120K, 0% used [0x00000000d7c80000,0x00000000d7c80000,0x00000000d8180000)
 ParOldGen       total 87552K, used 0K [0x0000000081400000, 0x0000000086980000, 0x00000000d5c00000)
  object space 87552K, 0% used [0x0000000081400000,0x0000000081400000,0x0000000086980000)
 Metaspace       used 15885K, capacity 16116K, committed 16384K, reserved 1062912K
  class space    used 1910K, capacity 2004K, committed 2048K, reserved 1048576K
Event: 5.892 GC heap after
Heap after GC invocations=1 (full 0):
 PSYoungGen      total 38400K, used 5112K [0x00000000d5c00000, 0x00000000d8680000, 0x0000000100000000)
  eden space 33280K, 0% used [0x00000000d5c00000,0x00000000d5c00000,0x00000000d7c80000)
  from space 5120K, 99% used [0x00000000d7c80000,0x00000000d817e2f0,0x00000000d8180000)
  to   space 5120K, 0% used [0x00000000d8180000,0x00000000d8180000,0x00000000d8680000)
 ParOldGen       total 87552K, used 5319K [0x0000000081400000, 0x0000000086980000, 0x00000000d5c00000)
  object space 87552K, 6% used [0x0000000081400000,0x0000000081931c18,0x0000000086980000)
 Metaspace       used 15885K, capacity 16116K, committed 16384K, reserved 1062912K
  class space    used 1910K, capacity 2004K, committed 2048K, reserved 1048576K
}

Deoptimization events (10 events):
Event: 1.942 Thread 0x0000000019261000 Uncommon trap: reason=bimorphic action=maybe_recompile pc=0x00000000026efec8 method=java.util.HashMap.putVal(ILjava/lang/Object;Ljava/lang/Object;ZZ)Ljava/lang/Object; @ 91
Event: 2.154 Thread 0x000000001921d000 Uncommon trap: reason=class_check action=maybe_recompile pc=0x00000000027c999c method=java.util.regex.Pattern$BmpCharProperty.match(Ljava/util/regex/Matcher;ILjava/lang/CharSequence;)Z @ 31
Event: 2.154 Thread 0x000000001921d000 Uncommon trap: reason=unstable_if action=reinterpret pc=0x00000000027c9938 method=java.util.regex.Pattern$BmpCharProperty.match(Ljava/util/regex/Matcher;ILjava/lang/CharSequence;)Z @ 5
Event: 2.211 Thread 0x000000001921d000 Uncommon trap: reason=class_check action=maybe_recompile pc=0x00000000027de324 method=java.util.regex.Pattern$Curly.match(Ljava/util/regex/Matcher;ILjava/lang/CharSequence;)Z @ 19
Event: 2.211 Thread 0x000000001921d000 Uncommon trap: reason=class_check action=maybe_recompile pc=0x00000000027de324 method=java.util.regex.Pattern$Curly.match(Ljava/util/regex/Matcher;ILjava/lang/CharSequence;)Z @ 19
Event: 2.211 Thread 0x000000001921d000 Uncommon trap: reason=class_check action=maybe_recompile pc=0x00000000027de324 method=java.util.regex.Pattern$Curly.match(Ljava/util/regex/Matcher;ILjava/lang/CharSequence;)Z @ 19
Event: 2.384 Thread 0x000000001921d000 Uncommon trap: reason=unstable_if action=reinterpret pc=0x00000000027cabe8 method=sun.security.provider.DigestBase.engineUpdate([BII)V @ 35
Event: 3.821 Thread 0x00000000190a2000 Uncommon trap: reason=unstable_if action=reinterpret pc=0x00000000027b03a0 method=sun.awt.image.GifImageDecoder.sendPixels(IIII[BLjava/awt/image/ColorModel;)I @ 112
Event: 5.895 Thread 0x00000000190a2000 Uncommon trap: reason=unstable_if action=reinterpret pc=0x00000000028948c4 method=sun.awt.image.GifImageDecoder.sendPixels(IIII[BLjava/awt/image/ColorModel;)I @ 321
Event: 5.895 Thread 0x00000000190a2000 Uncommon trap: reason=unstable_if action=reinterpret pc=0x000000000277292c method=sun.awt.image.GifImageDecoder.sendPixels(IIII[BLjava/awt/image/ColorModel;)I @ 321

Internal exceptions (10 events):
Event: 0.143 Thread 0x0000000002342800 Exception <a 'java/lang/NoSuchFieldError': method resolution failed> (0x00000000d5ed3398) thrown at [C:\re\workspace\8-2-build-windows-amd64-cygwin\jdk8u111\7883\hotspot\src\share\vm\prims\methodHandles.cpp, line 1146]
Event: 0.144 Thread 0x0000000002342800 Exception <a 'java/lang/NoSuchFieldError': method resolution failed> (0x00000000d5ee0768) thrown at [C:\re\workspace\8-2-build-windows-amd64-cygwin\jdk8u111\7883\hotspot\src\share\vm\prims\methodHandles.cpp, line 1146]
Event: 0.185 Thread 0x0000000019015800 Exception <a 'java/io/FileNotFoundException'> (0x00000000d60c9e50) thrown at [C:\re\workspace\8-2-build-windows-amd64-cygwin\jdk8u111\7883\hotspot\src\share\vm\prims\jni.cpp, line 709]
Event: 0.420 Thread 0x00000000190a2000 Exception <a 'java/lang/InterruptedException': sleep interrupted> (0x00000000d6640ef0) thrown at [C:\re\workspace\8-2-build-windows-amd64-cygwin\jdk8u111\7883\hotspot\src\share\vm\prims\jvm.cpp, line 3176]
Event: 2.513 Thread 0x0000000019261000 Exception <a 'java/io/FileNotFoundException'> (0x00000000d76554a0) thrown at [C:\re\workspace\8-2-build-windows-amd64-cygwin\jdk8u111\7883\hotspot\src\share\vm\prims\jni.cpp, line 709]
Event: 2.526 Thread 0x0000000019261000 Exception <a 'java/io/FileNotFoundException'> (0x00000000d766bcd8) thrown at [C:\re\workspace\8-2-build-windows-amd64-cygwin\jdk8u111\7883\hotspot\src\share\vm\prims\jni.cpp, line 709]
Event: 2.527 Thread 0x0000000019261000 Exception <a 'java/io/FileNotFoundException'> (0x00000000d767dc08) thrown at [C:\re\workspace\8-2-build-windows-amd64-cygwin\jdk8u111\7883\hotspot\src\share\vm\prims\jni.cpp, line 709]
Event: 2.538 Thread 0x0000000019261000 Exception <a 'java/io/FileNotFoundException'> (0x00000000d7693f10) thrown at [C:\re\workspace\8-2-build-windows-amd64-cygwin\jdk8u111\7883\hotspot\src\share\vm\prims\jni.cpp, line 709]
Event: 2.538 Thread 0x000000001921d000 Exception <a 'java/io/FileNotFoundException'> (0x00000000d74cf388) thrown at [C:\re\workspace\8-2-build-windows-amd64-cygwin\jdk8u111\7883\hotspot\src\share\vm\prims\jni.cpp, line 709]
Event: 2.549 Thread 0x000000001921d000 Exception <a 'java/io/FileNotFoundException'> (0x00000000d76d89c8) thrown at [C:\re\workspace\8-2-build-windows-amd64-cygwin\jdk8u111\7883\hotspot\src\share\vm\prims\jni.cpp, line 709]

Events (10 events):
Event: 9.533 Thread 0x0000000019446000 Thread added: 0x0000000019446000
Event: 11.607 Thread 0x0000000019445000 Thread exited: 0x0000000019445000
Event: 13.576 Thread 0x0000000019446000 Thread exited: 0x0000000019446000
Event: 13.583 Thread 0x0000000019440800 Thread added: 0x0000000019440800
Event: 13.592 Thread 0x0000000019441800 Thread added: 0x0000000019441800
Event: 16.604 Thread 0x0000000019440800 Thread exited: 0x0000000019440800
Event: 16.610 Thread 0x0000000019442000 Thread added: 0x0000000019442000
Event: 16.685 Thread 0x0000000019015800 DEOPT PACKING pc=0x0000000002877aba sp=0x0000000019dfdf20
Event: 16.685 Thread 0x0000000019015800 DEOPT UNPACKING pc=0x000000000248787f sp=0x0000000019dfdc38 mode 0
Event: 17.635 Thread 0x0000000019441800 Thread exited: 0x0000000019441800


Dynamic libraries:
0x00007ff629dc0000 - 0x00007ff629df7000 	C:\Program Files\Java\jdk1.8.0_111\bin\java.exe
0x00007ffff76d0000 - 0x00007ffff78c5000 	C:\WINDOWS\SYSTEM32\ntdll.dll
0x00007ffff6090000 - 0x00007ffff614d000 	C:\WINDOWS\System32\KERNEL32.DLL
0x00007ffff4fc0000 - 0x00007ffff5287000 	C:\WINDOWS\System32\KERNELBASE.dll
0x00007ffff6dc0000 - 0x00007ffff6e6a000 	C:\WINDOWS\System32\ADVAPI32.dll
0x00007ffff6280000 - 0x00007ffff631e000 	C:\WINDOWS\System32\msvcrt.dll
0x00007ffff71d0000 - 0x00007ffff726b000 	C:\WINDOWS\System32\sechost.dll
0x00007ffff6b90000 - 0x00007ffff6cb4000 	C:\WINDOWS\System32\RPCRT4.dll
0x00007ffff5e70000 - 0x00007ffff6010000 	C:\WINDOWS\System32\USER32.dll
0x00007ffff4f90000 - 0x00007ffff4fb2000 	C:\WINDOWS\System32\win32u.dll
0x00007ffff5c90000 - 0x00007ffff5cba000 	C:\WINDOWS\System32\GDI32.dll
0x00007ffff5290000 - 0x00007ffff5399000 	C:\WINDOWS\System32\gdi32full.dll
0x00007ffff4ef0000 - 0x00007ffff4f8d000 	C:\WINDOWS\System32\msvcp_win.dll
0x00007ffff53d0000 - 0x00007ffff54d0000 	C:\WINDOWS\System32\ucrtbase.dll
0x00007fffdf200000 - 0x00007fffdf49b000 	C:\WINDOWS\WinSxS\amd64_microsoft.windows.common-controls_6595b64144ccf1df_6.0.19041.488_none_ca04af081b815d21\COMCTL32.dll
0x00007ffff6d90000 - 0x00007ffff6dc0000 	C:\WINDOWS\System32\IMM32.DLL
0x0000000052570000 - 0x0000000052642000 	C:\Program Files\Java\jdk1.8.0_111\jre\bin\msvcr100.dll
0x0000000051cd0000 - 0x000000005256a000 	C:\Program Files\Java\jdk1.8.0_111\jre\bin\server\jvm.dll
0x00007ffff6080000 - 0x00007ffff6088000 	C:\WINDOWS\System32\PSAPI.DLL
0x00007fffdd990000 - 0x00007fffdd9b7000 	C:\WINDOWS\SYSTEM32\WINMM.dll
0x00007fffdaf30000 - 0x00007fffdaf39000 	C:\WINDOWS\SYSTEM32\WSOCK32.dll
0x00007fffef2d0000 - 0x00007fffef2da000 	C:\WINDOWS\SYSTEM32\VERSION.dll
0x00007ffff6d20000 - 0x00007ffff6d8b000 	C:\WINDOWS\System32\WS2_32.dll
0x0000000051cc0000 - 0x0000000051ccf000 	C:\Program Files\Java\jdk1.8.0_111\jre\bin\verify.dll
0x0000000051c90000 - 0x0000000051cb9000 	C:\Program Files\Java\jdk1.8.0_111\jre\bin\java.dll
0x0000000051c70000 - 0x0000000051c86000 	C:\Program Files\Java\jdk1.8.0_111\jre\bin\zip.dll
0x00007ffff6380000 - 0x00007ffff6ac1000 	C:\WINDOWS\System32\SHELL32.dll
0x00007ffff2f50000 - 0x00007ffff36e3000 	C:\WINDOWS\SYSTEM32\windows.storage.dll
0x00007ffff6e70000 - 0x00007ffff71c5000 	C:\WINDOWS\System32\combase.dll
0x00007ffff46e0000 - 0x00007ffff470c000 	C:\WINDOWS\SYSTEM32\Wldp.dll
0x00007ffff7500000 - 0x00007ffff75ae000 	C:\WINDOWS\System32\SHCORE.dll
0x00007ffff6cc0000 - 0x00007ffff6d15000 	C:\WINDOWS\System32\shlwapi.dll
0x00007ffff4d40000 - 0x00007ffff4d66000 	C:\WINDOWS\SYSTEM32\profapi.dll
0x0000000051a90000 - 0x0000000051c28000 	C:\Program Files\Java\jdk1.8.0_111\jre\bin\awt.dll
0x00007ffff5ba0000 - 0x00007ffff5c6d000 	C:\WINDOWS\System32\OLEAUT32.dll
0x00007ffff2760000 - 0x00007ffff27f0000 	C:\WINDOWS\SYSTEM32\apphelp.dll
0x00007ffff2890000 - 0x00007ffff292f000 	C:\WINDOWS\system32\uxtheme.dll
0x00007ffff5cc0000 - 0x00007ffff5dd5000 	C:\WINDOWS\System32\MSCTF.dll
0x00007ffff6150000 - 0x00007ffff6279000 	C:\WINDOWS\System32\ole32.dll
0x00007ffff2d50000 - 0x00007ffff2d63000 	C:\WINDOWS\SYSTEM32\kernel.appcore.dll
0x00007ffff4e10000 - 0x00007ffff4e8f000 	C:\WINDOWS\System32\bcryptPrimitives.dll
0x00007ffff2c40000 - 0x00007ffff2c6f000 	C:\WINDOWS\system32\DWMAPI.DLL
0x0000000051a00000 - 0x0000000051a47000 	C:\Program Files\Java\jdk1.8.0_111\jre\bin\fontmanager.dll
0x0000000051c50000 - 0x0000000051c6a000 	C:\Program Files\Java\jdk1.8.0_111\jre\bin\net.dll
0x00007ffff44d0000 - 0x00007ffff453a000 	C:\WINDOWS\system32\mswsock.dll
0x0000000051c30000 - 0x0000000051c41000 	C:\Program Files\Java\jdk1.8.0_111\jre\bin\nio.dll
0x00000000519b0000 - 0x00000000519f2000 	C:\Program Files\Java\jdk1.8.0_111\jre\bin\t2k.dll
0x00007ffff6ad0000 - 0x00007ffff6b78000 	C:\WINDOWS\System32\clbcatq.dll
0x00007fffecff0000 - 0x00007fffed1a4000 	C:\WINDOWS\SYSTEM32\WindowsCodecs.dll
0x00007ffff53a0000 - 0x00007ffff53c7000 	C:\WINDOWS\System32\bcrypt.dll
0x00007fffc8dc0000 - 0x00007fffc8dfe000 	C:\WINDOWS\system32\dataexchange.dll
0x00007ffff1060000 - 0x00007ffff12c3000 	C:\WINDOWS\system32\d3d11.dll
0x00007ffff1b60000 - 0x00007ffff1d45000 	C:\WINDOWS\system32\dcomp.dll
0x00007ffff3730000 - 0x00007ffff3823000 	C:\WINDOWS\system32\dxgi.dll
0x00007fffed1b0000 - 0x00007fffed3b7000 	C:\WINDOWS\system32\twinapi.appcore.dll
0x00007fffea780000 - 0x00007fffea87d000 	C:\WINDOWS\SYSTEM32\textinputframework.dll
0x00007ffff2480000 - 0x00007ffff2572000 	C:\WINDOWS\System32\CoreMessaging.dll
0x00007ffff20d0000 - 0x00007ffff242a000 	C:\WINDOWS\System32\CoreUIComponents.dll
0x00007ffff3b20000 - 0x00007ffff3b53000 	C:\WINDOWS\SYSTEM32\ntmarta.dll
0x00007ffff1890000 - 0x00007ffff19e6000 	C:\WINDOWS\SYSTEM32\wintypes.dll
0x0000000069340000 - 0x00000000693c5000 	C:\Users\monirozzamanroni\AppData\Local\Temp\sqlite-3.7.2-sqlitejdbc.dll
0x0000000051940000 - 0x0000000051964000 	C:\Program Files\Java\jdk1.8.0_111\jre\bin\sunec.dll
0x00007ffff41e0000 - 0x00007ffff421b000 	C:\WINDOWS\SYSTEM32\IPHLPAPI.DLL
0x00007ffff6010000 - 0x00007ffff6019000 	C:\WINDOWS\System32\NSI.dll
0x00007fffee480000 - 0x00007fffee497000 	C:\WINDOWS\SYSTEM32\dhcpcsvc6.DLL
0x00007fffee1a0000 - 0x00007fffee1bd000 	C:\WINDOWS\SYSTEM32\dhcpcsvc.DLL
0x00007ffff4220000 - 0x00007ffff42eb000 	C:\WINDOWS\SYSTEM32\DNSAPI.dll
0x00007ffff4880000 - 0x00007ffff4898000 	C:\WINDOWS\SYSTEM32\CRYPTSP.dll
0x00007ffff3e80000 - 0x00007ffff3eb4000 	C:\WINDOWS\system32\rsaenh.dll
0x00007ffff4d00000 - 0x00007ffff4d2e000 	C:\WINDOWS\SYSTEM32\USERENV.dll
0x00007ffff4650000 - 0x00007ffff465c000 	C:\WINDOWS\SYSTEM32\CRYPTBASE.dll
0x0000000180000000 - 0x0000000180025000 	C:\Program Files\Java\jdk1.8.0_111\jre\bin\rxtxSerial.dll
0x00007fffdf780000 - 0x00007fffdf964000 	C:\WINDOWS\SYSTEM32\dbghelp.dll

VM Arguments:
jvm_args: -Dfile.encoding=UTF-8 
java_command: auto.recharge.system.Login
java_class_path (initial): C:\Program Files\NetBeans 8.2\java\modules\ext\AbsoluteLayout.jar;C:\Program Files\NetBeans 8.2\java\modules\ext\eclipselink\eclipselink.jar;C:\Program Files\NetBeans 8.2\java\modules\ext\eclipselink\javax.persistence_2.1.0.v201304241213.jar;C:\Program Files\NetBeans 8.2\java\modules\ext\eclipselink\org.eclipse.persistence.jpa.jpql_2.5.2.v20140319-9ad6abd.jar;D:\Project\Java GUI\Auto Recharge System\Core\Core 2\Auto-Recharge-System\lib\zxing-1.7-javase.jar;D:\Project\Java GUI\Auto Recharge System\Core\Core 2\Auto-Recharge-System\lib\zxing-core-2.0.jar;D:\Project\Java GUI\Auto Recharge System\Core\Core 2\Auto-Recharge-System\lib\mail-1.4.7.jar;D:\Project\Java GUI\Auto Recharge System\Core\Core 2\Auto-Recharge-System\lib\sqlite-jdbc-3.7.2.jar;D:\Project\Java GUI\Auto Recharge System\Core\Core 2\Auto-Recharge-System\lib\aes-encryption-1.0-SNAPSHOT.jar;D:\Project\Java GUI\Auto Recharge System\Core\Core 2\Auto-Recharge-System\lib\itextpdf-5.5.9.jar;D:\Project\Java GUI\Auto Recharge System\jar file\jcalendar-1.4\lib\jcalendar-1.4.jar;D:\Project\Java GUI\Auto Recharge System\Core\Core 2\Auto-Recharge-System\lib\swingx-action-1.6.5-1.jar;D:\Project\Java GUI\Auto Recharge System\Core\Core 2\Auto-Recharge-System\lib\swingx-autocomplete-1.6.5-1.jar;D:\Project\Java GUI\Auto Recharge System\Core\Core 2\Auto-Recharge-System\lib\swingx-common-1.6.5-1.jar;D:\Project\Java GUI\Auto Recharge System\Core\Core 2\Auto-Recharge-System\lib\swingx-core-1.6.5-1.jar;D:\Project\Java GUI\Auto Recharge System\Core\Core 2\Auto-Recharge-System\lib\swingx-graphics-1.6.5-1.jar;D:\Project\Java GUI\Auto Recharge System\Core\Core 2\Auto-Recharge-System\lib\swingx-painters-1.6.5-1.jar;D:\Project\Java GUI\Auto Recharge System\Core\Core 2\Auto-Recharge-System\lib\swingx-plaf-1.6.5-1.jar;D:\Project\Java GUI\Auto Recharge System\Core\Core 2\Auto-Recharge-System\lib\json-simple-1.1.1.jar;D:\Project\Java GUI\Auto Recharge System\Core\Core 2\Auto-Recharge-System\lib\RXTXcomm.jar;D:
Launcher Type: SUN_STANDARD

Environment Variables:
JAVA_HOME=C:\Program Files\Java\jdk1.8.0_111
PATH=C:\Program Files (x86)\Common Files\Intel\Shared Libraries\redist\intel64\compiler;C:\Program Files (x86)\Common Files\Oracle\Java\javapath;C:\WINDOWS\system32;C:\WINDOWS;C:\WINDOWS\System32\Wbem;C:\WINDOWS\System32\WindowsPowerShell\v1.0\;C:\Program Files\Git\cmd;C:\Program Files\apache-maven-3.6.2\bin;C:\Program Files\nodejs\;C:\WINDOWS\System32\OpenSSH\;C:\Users\monirozzamanroni\AppData\Local\Programs\Python\Python37\Scripts\;C:\Program Files\Java\jdk1.8.0_111\bin;C:\Program Files\Docker\Docker\resources\bin;C:\ProgramData\DockerDesktop\version-bin;C:\Users\monirozzamanroni\AppData\Roaming\npm;C:\Users\monirozzamanroni\AppData\Local\Microsoft\WindowsApps;C:\Program Files (x86)\Inno Setup 6;C:\Users\monirozzamanroni\AppData\Local\Microsoft\WindowsApps;
USERNAME=monirozzamanroni
OS=Windows_NT
PROCESSOR_IDENTIFIER=Intel64 Family 6 Model 158 Stepping 9, GenuineIntel



---------------  S Y S T E M  ---------------

OS: Windows 10.0 , 64 bit Build 19041 (10.0.19041.292)

CPU:total 4 (4 cores per cpu, 1 threads per core) family 6 model 158 stepping 9, cmov, cx8, fxsr, mmx, sse, sse2, sse3, ssse3, sse4.1, sse4.2, popcnt, avx, avx2, aes, clmul, erms, rtm, 3dnowpref, lzcnt, tsc, tscinvbit, bmi1, bmi2, adx

Memory: 4k page, physical 8299840k(2310548k free), swap 28324160k(19662300k free)

vm_info: Java HotSpot(TM) 64-Bit Server VM (25.111-b14) for windows-amd64 JRE (1.8.0_111-b14), built on Sep 22 2016 19:24:05 by "java_re" with MS VC++ 10.0 (VS2010)

time: Sat Sep 26 05:49:43 2020
elapsed time: 17 seconds (0d 0h 0m 17s)

