#
# A fatal error has been detected by the Java Runtime Environment:
#
#  EXCEPTION_ACCESS_VIOLATION (0xc0000005) at pc=0x00000001800087dd, pid=8628, tid=0x00000000000039f8
#
# JRE version: Java(TM) SE Runtime Environment (8.0_111-b14) (build 1.8.0_111-b14)
# Java VM: Java HotSpot(TM) 64-Bit Server VM (25.111-b14 mixed mode windows-amd64 compressed oops)
# Problematic frame:
# C  [rxtxSerial.dll+0x87dd]
#
# Failed to write core dump. Minidumps are not enabled by default on client versions of Windows
#
# If you would like to submit a bug report, please visit:
#   http://bugreport.java.com/bugreport/crash.jsp
# The crash happened outside the Java Virtual Machine in native code.
# See problematic frame for where to report the bug.
#

---------------  T H R E A D  ---------------

Current thread (0x0000000019397000):  JavaThread "Thread-3" daemon [_thread_in_native, id=14840, stack(0x000000001abb0000,0x000000001acb0000)]

siginfo: ExceptionCode=0xc0000005, writing address 0x0000000000000100

Registers:
RAX=0x0000000000000000, RBX=0x000000001aba11e0, RCX=0x0000000000000002, RDX=0x0000000000000000
RSP=0x000000001acaf070, RBP=0x000000001acaf2e8, RSI=0x0000000019c7dc2a, RDI=0x000000001aba6dd0
R8 =0x0000000000000000, R9 =0x0000000000000000, R10=0x0000000000000000, R11=0x0000000000000001
R12=0x000000001acaf2f0, R13=0x000000001a993598, R14=0x000000001acaf2f0, R15=0x0000000019397000
RIP=0x00000001800087dd, EFLAGS=0x0000000000010202

Top of Stack: (sp=0x000000001acaf070)
0x000000001acaf070:   000000001aba11e0 0000000019c7dc20
0x000000001acaf080:   0000000019397000 000000000000000a
0x000000001acaf090:   0000000019c7dc20 000000018000aab4
0x000000001acaf0a0:   00000000193971f8 0000000000000106
0x000000001acaf0b0:   000000001a993598 000000001acaf2f0
0x000000001acaf0c0:   0000000019d3fef0 0000000019c7dc20
0x000000001acaf0d0:   000000001acaf2e8 000000018000b7fe
0x000000001acaf0e0:   0000000000000009 000000001a993598
0x000000001acaf0f0:   00000000193971f8 0000000000000000
0x000000001acaf100:   0000000019397000 0000000000000000
0x000000001acaf110:   00009d70b48c6b99 000000007fffffdb
0x000000001acaf120:   000000001acaf1b0 0000000000000042
0x000000001acaf130:   00000000193971f8 0000000000000000
0x000000001acaf140:   0000000019c7dc20 000000018000213d
0x000000001acaf150:   000000001acaf2e8 000000018001c0b0
0x000000001acaf160:   0000000000000000 0000000180000000 

Instructions: (pc=0x00000001800087dd)
0x00000001800087bd:   00 00 7e 3d 48 8b 87 08 01 00 00 48 89 bb 00 01
0x00000001800087cd:   00 00 48 89 83 08 01 00 00 48 8b 87 08 01 00 00
0x00000001800087dd:   48 89 98 00 01 00 00 48 89 9f 08 01 00 00 48 8b
0x00000001800087ed:   c3 48 8b 5c 24 30 48 8b 74 24 38 48 83 c4 20 5f 


Register to memory mapping:

RAX=0x0000000000000000 is an unknown value
RBX=0x000000001aba11e0 is an unknown value
RCX=0x0000000000000002 is an unknown value
RDX=0x0000000000000000 is an unknown value
RSP=0x000000001acaf070 is pointing into the stack for thread: 0x0000000019397000
RBP=0x000000001acaf2e8 is pointing into the stack for thread: 0x0000000019397000
RSI=0x0000000019c7dc2a is an unknown value
RDI=0x000000001aba6dd0 is an unknown value
R8 =0x0000000000000000 is an unknown value
R9 =0x0000000000000000 is an unknown value
R10=0x0000000000000000 is an unknown value
R11=0x0000000000000001 is an unknown value
R12=0x000000001acaf2f0 is pointing into the stack for thread: 0x0000000019397000
R13=0x000000001a993598 is pointing into metadata
R14=0x000000001acaf2f0 is pointing into the stack for thread: 0x0000000019397000
R15=0x0000000019397000 is a thread


Stack: [0x000000001abb0000,0x000000001acb0000],  sp=0x000000001acaf070,  free space=1020k
Native frames: (J=compiled Java code, j=interpreted, Vv=VM code, C=native code)
C  [rxtxSerial.dll+0x87dd]
C  [rxtxSerial.dll+0xaab4]
C  [rxtxSerial.dll+0x213d]
C  0x0000000002b48a77

Java frames: (J=compiled Java code, j=interpreted, Vv=VM code)
j  gnu.io.RXTXPort.open(Ljava/lang/String;)I+0
j  gnu.io.RXTXPort.<init>(Ljava/lang/String;)V+125
j  gnu.io.RXTXCommDriver.getCommPort(Ljava/lang/String;I)Lgnu/io/CommPort;+78
j  gnu.io.CommPortIdentifier.open(Ljava/lang/String;I)Lgnu/io/CommPort;+171
j  auto.recharge.system.config.RunningModemPort.run()V+135
v  ~StubRoutines::call_stub

---------------  P R O C E S S  ---------------

Java Threads: ( => current thread )
  0x0000000019395800 JavaThread "Thread-12" daemon [_thread_in_native, id=14856, stack(0x0000000000cd0000,0x0000000000dd0000)]
=>0x0000000019397000 JavaThread "Thread-3" daemon [_thread_in_native, id=14840, stack(0x000000001abb0000,0x000000001acb0000)]
  0x0000000019397800 JavaThread "Thread-2" daemon [_thread_blocked, id=14028, stack(0x000000001a9d0000,0x000000001aad0000)]
  0x000000001920a000 JavaThread "Image Animator 0" daemon [_thread_blocked, id=11080, stack(0x000000001a6d0000,0x000000001a7d0000)]
  0x0000000019310000 JavaThread "SwingWorker-pool-1-thread-2" daemon [_thread_blocked, id=9616, stack(0x000000001a5d0000,0x000000001a6d0000)]
  0x000000001930f800 JavaThread "SwingWorker-pool-1-thread-1" daemon [_thread_blocked, id=9416, stack(0x000000001a4d0000,0x000000001a5d0000)]
  0x00000000198ce000 JavaThread "TimerQueue" daemon [_thread_blocked, id=7244, stack(0x000000001acc0000,0x000000001adc0000)]
  0x0000000002a32800 JavaThread "DestroyJavaVM" [_thread_blocked, id=15336, stack(0x0000000002930000,0x0000000002a30000)]
  0x0000000019853800 JavaThread "AWT-EventQueue-0" [_thread_blocked, id=3700, stack(0x000000001a3d0000,0x000000001a4d0000)]
  0x000000001984d800 JavaThread "AWT-Windows" daemon [_thread_in_native, id=3364, stack(0x000000001a130000,0x000000001a230000)]
  0x000000001984a800 JavaThread "AWT-Shutdown" [_thread_blocked, id=1376, stack(0x000000001a030000,0x000000001a130000)]
  0x000000001984a000 JavaThread "Java2D Disposer" daemon [_thread_blocked, id=6292, stack(0x0000000019f30000,0x000000001a030000)]
  0x00000000176fd800 JavaThread "Service Thread" daemon [_thread_blocked, id=4604, stack(0x00000000193f0000,0x00000000194f0000)]
  0x00000000176a9800 JavaThread "C1 CompilerThread2" daemon [_thread_blocked, id=3880, stack(0x0000000018ef0000,0x0000000018ff0000)]
  0x00000000176a3000 JavaThread "C2 CompilerThread1" daemon [_thread_blocked, id=15268, stack(0x0000000018df0000,0x0000000018ef0000)]
  0x000000001769e800 JavaThread "C2 CompilerThread0" daemon [_thread_blocked, id=13220, stack(0x0000000018cf0000,0x0000000018df0000)]
  0x000000001769d800 JavaThread "Attach Listener" daemon [_thread_blocked, id=7536, stack(0x0000000018bf0000,0x0000000018cf0000)]
  0x000000001769c800 JavaThread "Signal Dispatcher" daemon [_thread_blocked, id=7420, stack(0x0000000018af0000,0x0000000018bf0000)]
  0x000000001768a000 JavaThread "Finalizer" daemon [_thread_blocked, id=7264, stack(0x00000000188f0000,0x00000000189f0000)]
  0x0000000002b22000 JavaThread "Reference Handler" daemon [_thread_blocked, id=6168, stack(0x00000000187f0000,0x00000000188f0000)]

Other Threads:
  0x0000000017666800 VMThread [stack: 0x00000000186f0000,0x00000000187f0000] [id=8300]
  0x0000000019051800 WatcherThread [stack: 0x00000000194f0000,0x00000000195f0000] [id=14256]

VM state:not at safepoint (normal execution)

VM Mutex/Monitor currently owned by a thread: None

Heap:
 PSYoungGen      total 38400K, used 26206K [0x00000000d5c00000, 0x00000000d8680000, 0x0000000100000000)
  eden space 33280K, 63% used [0x00000000d5c00000,0x00000000d7099908,0x00000000d7c80000)
  from space 5120K, 99% used [0x00000000d7c80000,0x00000000d817e2d0,0x00000000d8180000)
  to   space 5120K, 0% used [0x00000000d8180000,0x00000000d8180000,0x00000000d8680000)
 ParOldGen       total 87552K, used 2225K [0x0000000081400000, 0x0000000086980000, 0x00000000d5c00000)
  object space 87552K, 2% used [0x0000000081400000,0x000000008162c568,0x0000000086980000)
 Metaspace       used 16096K, capacity 16372K, committed 16640K, reserved 1064960K
  class space    used 1911K, capacity 2004K, committed 2048K, reserved 1048576K

Card table byte_map: [0x0000000011ef0000,0x00000000122f0000] byte_map_base: 0x0000000011ae6000

Marking Bits: (ParMarkBitMap*) 0x00000000683da6c0
 Begin Bits: [0x00000000129a0000, 0x0000000014950000)
 End Bits:   [0x0000000014950000, 0x0000000016900000)

Polling page: 0x0000000000f00000

CodeCache: size=245760Kb used=5350Kb max_used=5355Kb free=240409Kb
 bounds [0x0000000002b30000, 0x0000000003070000, 0x0000000011b30000]
 total_blobs=2237 nmethods=1681 adapters=468
 compilation: enabled

Compilation events (10 events):
Event: 70.670 Thread 0x00000000176a3000 1734       4       java.lang.Integer::parseInt (261 bytes)
Event: 70.684 Thread 0x00000000176a3000 nmethod 1734 0x000000000306d190 code [0x000000000306d300, 0x000000000306d958]
Event: 71.317 Thread 0x000000001769e800 1735       4       sun.java2d.pipe.Region::clipScale (41 bytes)
Event: 71.318 Thread 0x000000001769e800 nmethod 1735 0x000000000306c290 code [0x000000000306c3e0, 0x000000000306c458]
Event: 71.696 Thread 0x00000000176a9800 1736       3       java.util.regex.Pattern$GroupHead::match (47 bytes)
Event: 71.697 Thread 0x00000000176a9800 nmethod 1736 0x000000000306cb90 code [0x000000000306cd00, 0x000000000306cfa8]
Event: 71.697 Thread 0x00000000176a9800 1737       3       java.util.regex.Matcher::group (112 bytes)
Event: 71.698 Thread 0x00000000176a9800 nmethod 1737 0x000000000306ad50 code [0x000000000306af80, 0x000000000306bce8]
Event: 71.698 Thread 0x00000000176a9800 1738       3       java.util.regex.Matcher::groupCount (10 bytes)
Event: 71.698 Thread 0x00000000176a9800 nmethod 1738 0x000000000306c850 code [0x000000000306c9a0, 0x000000000306caf0]

GC Heap History (2 events):
Event: 54.501 GC heap before
{Heap before GC invocations=1 (full 0):
 PSYoungGen      total 38400K, used 33280K [0x00000000d5c00000, 0x00000000d8680000, 0x0000000100000000)
  eden space 33280K, 100% used [0x00000000d5c00000,0x00000000d7c80000,0x00000000d7c80000)
  from space 5120K, 0% used [0x00000000d8180000,0x00000000d8180000,0x00000000d8680000)
  to   space 5120K, 0% used [0x00000000d7c80000,0x00000000d7c80000,0x00000000d8180000)
 ParOldGen       total 87552K, used 0K [0x0000000081400000, 0x0000000086980000, 0x00000000d5c00000)
  object space 87552K, 0% used [0x0000000081400000,0x0000000081400000,0x0000000086980000)
 Metaspace       used 15959K, capacity 16236K, committed 16384K, reserved 1062912K
  class space    used 1911K, capacity 2004K, committed 2048K, reserved 1048576K
Event: 54.509 GC heap after
Heap after GC invocations=1 (full 0):
 PSYoungGen      total 38400K, used 5112K [0x00000000d5c00000, 0x00000000d8680000, 0x0000000100000000)
  eden space 33280K, 0% used [0x00000000d5c00000,0x00000000d5c00000,0x00000000d7c80000)
  from space 5120K, 99% used [0x00000000d7c80000,0x00000000d817e2d0,0x00000000d8180000)
  to   space 5120K, 0% used [0x00000000d8180000,0x00000000d8180000,0x00000000d8680000)
 ParOldGen       total 87552K, used 2225K [0x0000000081400000, 0x0000000086980000, 0x00000000d5c00000)
  object space 87552K, 2% used [0x0000000081400000,0x000000008162c568,0x0000000086980000)
 Metaspace       used 15959K, capacity 16236K, committed 16384K, reserved 1062912K
  class space    used 1911K, capacity 2004K, committed 2048K, reserved 1048576K
}

Deoptimization events (10 events):
Event: 53.797 Thread 0x000000001920a000 Uncommon trap: reason=unstable_if action=reinterpret pc=0x0000000002eb028c method=sun.awt.image.GifImageDecoder.sendPixels(IIII[BLjava/awt/image/ColorModel;)I @ 112
Event: 53.922 Thread 0x0000000019310000 Uncommon trap: reason=class_check action=maybe_recompile pc=0x0000000002f5e4a4 method=java.util.regex.Pattern$Curly.match(Ljava/util/regex/Matcher;ILjava/lang/CharSequence;)Z @ 19
Event: 53.922 Thread 0x0000000019310000 Uncommon trap: reason=class_check action=maybe_recompile pc=0x0000000002f5e4a4 method=java.util.regex.Pattern$Curly.match(Ljava/util/regex/Matcher;ILjava/lang/CharSequence;)Z @ 19
Event: 53.922 Thread 0x0000000019310000 Uncommon trap: reason=class_check action=maybe_recompile pc=0x0000000002f5e4a4 method=java.util.regex.Pattern$Curly.match(Ljava/util/regex/Matcher;ILjava/lang/CharSequence;)Z @ 19
Event: 54.491 Thread 0x0000000019397800 Uncommon trap: reason=bimorphic action=maybe_recompile pc=0x0000000002f182f8 method=java.util.regex.Pattern$BmpCharProperty.match(Ljava/util/regex/Matcher;ILjava/lang/CharSequence;)Z @ 16
Event: 54.491 Thread 0x0000000019397800 Uncommon trap: reason=bimorphic action=maybe_recompile pc=0x0000000002f182f8 method=java.util.regex.Pattern$BmpCharProperty.match(Ljava/util/regex/Matcher;ILjava/lang/CharSequence;)Z @ 16
Event: 54.491 Thread 0x0000000019397000 Uncommon trap: reason=bimorphic action=maybe_recompile pc=0x0000000002f182f8 method=java.util.regex.Pattern$BmpCharProperty.match(Ljava/util/regex/Matcher;ILjava/lang/CharSequence;)Z @ 16
Event: 54.491 Thread 0x0000000019397000 Uncommon trap: reason=bimorphic action=maybe_recompile pc=0x0000000002f182f8 method=java.util.regex.Pattern$BmpCharProperty.match(Ljava/util/regex/Matcher;ILjava/lang/CharSequence;)Z @ 16
Event: 55.915 Thread 0x000000001920a000 Uncommon trap: reason=unstable_if action=reinterpret pc=0x0000000002f89284 method=sun.awt.image.GifImageDecoder.sendPixels(IIII[BLjava/awt/image/ColorModel;)I @ 321
Event: 55.915 Thread 0x000000001920a000 Uncommon trap: reason=unstable_if action=reinterpret pc=0x0000000002ea4fec method=sun.awt.image.GifImageDecoder.sendPixels(IIII[BLjava/awt/image/ColorModel;)I @ 321

Internal exceptions (10 events):
Event: 0.321 Thread 0x0000000002a32800 Exception <a 'java/lang/NoSuchFieldError': method resolution failed> (0x00000000d5ecebb8) thrown at [C:\re\workspace\8-2-build-windows-amd64-cygwin\jdk8u111\7883\hotspot\src\share\vm\prims\methodHandles.cpp, line 1146]
Event: 0.324 Thread 0x0000000002a32800 Exception <a 'java/lang/NoSuchFieldError': method resolution failed> (0x00000000d5edbf88) thrown at [C:\re\workspace\8-2-build-windows-amd64-cygwin\jdk8u111\7883\hotspot\src\share\vm\prims\methodHandles.cpp, line 1146]
Event: 0.435 Thread 0x0000000019853800 Exception <a 'java/io/FileNotFoundException'> (0x00000000d6170c50) thrown at [C:\re\workspace\8-2-build-windows-amd64-cygwin\jdk8u111\7883\hotspot\src\share\vm\prims\jni.cpp, line 709]
Event: 0.999 Thread 0x00000000198da800 Exception <a 'java/lang/InterruptedException': sleep interrupted> (0x00000000d6643ca8) thrown at [C:\re\workspace\8-2-build-windows-amd64-cygwin\jdk8u111\7883\hotspot\src\share\vm\prims\jvm.cpp, line 3176]
Event: 54.437 Thread 0x0000000019310000 Exception <a 'java/io/FileNotFoundException'> (0x00000000d7822770) thrown at [C:\re\workspace\8-2-build-windows-amd64-cygwin\jdk8u111\7883\hotspot\src\share\vm\prims\jni.cpp, line 709]
Event: 54.455 Thread 0x0000000019310000 Exception <a 'java/io/FileNotFoundException'> (0x00000000d7838fa8) thrown at [C:\re\workspace\8-2-build-windows-amd64-cygwin\jdk8u111\7883\hotspot\src\share\vm\prims\jni.cpp, line 709]
Event: 54.455 Thread 0x0000000019310000 Exception <a 'java/io/FileNotFoundException'> (0x00000000d7ae4918) thrown at [C:\re\workspace\8-2-build-windows-amd64-cygwin\jdk8u111\7883\hotspot\src\share\vm\prims\jni.cpp, line 709]
Event: 54.472 Thread 0x0000000019310000 Exception <a 'java/io/FileNotFoundException'> (0x00000000d7afac20) thrown at [C:\re\workspace\8-2-build-windows-amd64-cygwin\jdk8u111\7883\hotspot\src\share\vm\prims\jni.cpp, line 709]
Event: 54.473 Thread 0x000000001930f800 Exception <a 'java/io/FileNotFoundException'> (0x00000000d7a5bfa8) thrown at [C:\re\workspace\8-2-build-windows-amd64-cygwin\jdk8u111\7883\hotspot\src\share\vm\prims\jni.cpp, line 709]
Event: 54.490 Thread 0x000000001930f800 Exception <a 'java/io/FileNotFoundException'> (0x00000000d7a722b0) thrown at [C:\re\workspace\8-2-build-windows-amd64-cygwin\jdk8u111\7883\hotspot\src\share\vm\prims\jni.cpp, line 709]

Events (10 events):
Event: 64.135 Thread 0x0000000019853800 DEOPT UNPACKING pc=0x0000000002b7787f sp=0x000000001a4cd9b8 mode 0
Event: 67.632 Thread 0x0000000019394000 Thread exited: 0x0000000019394000
Event: 67.634 Executing VM operation: RevokeBias
Event: 67.634 Executing VM operation: RevokeBias done
Event: 67.637 Thread 0x0000000019395800 Thread exited: 0x0000000019395800
Event: 67.645 Thread 0x0000000019398800 Thread added: 0x0000000019398800
Event: 67.653 Thread 0x0000000019399000 Thread added: 0x0000000019399000
Event: 70.668 Thread 0x0000000019398800 Thread exited: 0x0000000019398800
Event: 70.675 Thread 0x0000000019395800 Thread added: 0x0000000019395800
Event: 71.694 Thread 0x0000000019399000 Thread exited: 0x0000000019399000


Dynamic libraries:
0x00007ff6c1850000 - 0x00007ff6c1887000 	C:\Program Files\Java\jdk1.8.0_111\bin\java.exe
0x00007ffac1450000 - 0x00007ffac1645000 	C:\WINDOWS\SYSTEM32\ntdll.dll
0x00007ffabfef0000 - 0x00007ffabffad000 	C:\WINDOWS\System32\KERNEL32.DLL
0x00007ffabed00000 - 0x00007ffabefc7000 	C:\WINDOWS\System32\KERNELBASE.dll
0x00007ffac07e0000 - 0x00007ffac088a000 	C:\WINDOWS\System32\ADVAPI32.dll
0x00007ffac1240000 - 0x00007ffac12de000 	C:\WINDOWS\System32\msvcrt.dll
0x00007ffac05a0000 - 0x00007ffac063b000 	C:\WINDOWS\System32\sechost.dll
0x00007ffac12e0000 - 0x00007ffac1404000 	C:\WINDOWS\System32\RPCRT4.dll
0x00007ffac0890000 - 0x00007ffac0a30000 	C:\WINDOWS\System32\USER32.dll
0x00007ffabefd0000 - 0x00007ffabeff2000 	C:\WINDOWS\System32\win32u.dll
0x00007ffac0650000 - 0x00007ffac067a000 	C:\WINDOWS\System32\GDI32.dll
0x00007ffabeb90000 - 0x00007ffabec99000 	C:\WINDOWS\System32\gdi32full.dll
0x00007ffabf360000 - 0x00007ffabf3fd000 	C:\WINDOWS\System32\msvcp_win.dll
0x00007ffabf210000 - 0x00007ffabf310000 	C:\WINDOWS\System32\ucrtbase.dll
0x00007ffaa9990000 - 0x00007ffaa9c2b000 	C:\WINDOWS\WinSxS\amd64_microsoft.windows.common-controls_6595b64144ccf1df_6.0.19041.488_none_ca04af081b815d21\COMCTL32.dll
0x00007ffac0690000 - 0x00007ffac06c0000 	C:\WINDOWS\System32\IMM32.DLL
0x0000000067ae0000 - 0x0000000067bb2000 	C:\Program Files\Java\jdk1.8.0_111\jre\bin\msvcr100.dll
0x0000000067bc0000 - 0x000000006845a000 	C:\Program Files\Java\jdk1.8.0_111\jre\bin\server\jvm.dll
0x00007ffac0640000 - 0x00007ffac0648000 	C:\WINDOWS\System32\PSAPI.DLL
0x00007ffaaa5f0000 - 0x00007ffaaa5f9000 	C:\WINDOWS\SYSTEM32\WSOCK32.dll
0x00007ffaa8120000 - 0x00007ffaa8147000 	C:\WINDOWS\SYSTEM32\WINMM.dll
0x00007ffac04d0000 - 0x00007ffac053b000 	C:\WINDOWS\System32\WS2_32.dll
0x00007ffab9ea0000 - 0x00007ffab9eaa000 	C:\WINDOWS\SYSTEM32\VERSION.dll
0x0000000067a90000 - 0x0000000067a9f000 	C:\Program Files\Java\jdk1.8.0_111\jre\bin\verify.dll
0x0000000067a60000 - 0x0000000067a89000 	C:\Program Files\Java\jdk1.8.0_111\jre\bin\java.dll
0x0000000067a40000 - 0x0000000067a56000 	C:\Program Files\Java\jdk1.8.0_111\jre\bin\zip.dll
0x00007ffac0a30000 - 0x00007ffac1171000 	C:\WINDOWS\System32\SHELL32.dll
0x00007ffabccd0000 - 0x00007ffabd463000 	C:\WINDOWS\SYSTEM32\windows.storage.dll
0x00007ffabffb0000 - 0x00007ffac0305000 	C:\WINDOWS\System32\combase.dll
0x00007ffabe460000 - 0x00007ffabe48c000 	C:\WINDOWS\SYSTEM32\Wldp.dll
0x00007ffabf9f0000 - 0x00007ffabfa9e000 	C:\WINDOWS\System32\SHCORE.dll
0x00007ffac1180000 - 0x00007ffac11d5000 	C:\WINDOWS\System32\shlwapi.dll
0x00007ffabeac0000 - 0x00007ffabeae6000 	C:\WINDOWS\SYSTEM32\profapi.dll
0x0000000067860000 - 0x00000000679f8000 	C:\Program Files\Java\jdk1.8.0_111\jre\bin\awt.dll
0x00007ffabf920000 - 0x00007ffabf9ed000 	C:\WINDOWS\System32\OLEAUT32.dll
0x00007ffabc4e0000 - 0x00007ffabc570000 	C:\WINDOWS\SYSTEM32\apphelp.dll
0x00007ffabc610000 - 0x00007ffabc6af000 	C:\WINDOWS\system32\uxtheme.dll
0x00007ffac06c0000 - 0x00007ffac07d5000 	C:\WINDOWS\System32\MSCTF.dll
0x00007ffabfda0000 - 0x00007ffabfec9000 	C:\WINDOWS\System32\ole32.dll
0x00007ffabc9f0000 - 0x00007ffabca03000 	C:\WINDOWS\SYSTEM32\kernel.appcore.dll
0x00007ffabf160000 - 0x00007ffabf1df000 	C:\WINDOWS\System32\bcryptPrimitives.dll
0x00007ffabc9c0000 - 0x00007ffabc9ef000 	C:\WINDOWS\system32\DWMAPI.DLL
0x0000000067810000 - 0x0000000067857000 	C:\Program Files\Java\jdk1.8.0_111\jre\bin\fontmanager.dll
0x0000000067a20000 - 0x0000000067a3a000 	C:\Program Files\Java\jdk1.8.0_111\jre\bin\net.dll
0x00007ffabe250000 - 0x00007ffabe2ba000 	C:\WINDOWS\system32\mswsock.dll
0x0000000067a00000 - 0x0000000067a11000 	C:\Program Files\Java\jdk1.8.0_111\jre\bin\nio.dll
0x00000000677c0000 - 0x0000000067802000 	C:\Program Files\Java\jdk1.8.0_111\jre\bin\t2k.dll
0x00007ffabfc50000 - 0x00007ffabfcf8000 	C:\WINDOWS\System32\clbcatq.dll
0x00007ffab7b60000 - 0x00007ffab7d14000 	C:\WINDOWS\SYSTEM32\WindowsCodecs.dll
0x00007ffabf1e0000 - 0x00007ffabf207000 	C:\WINDOWS\System32\bcrypt.dll
0x00007ffa94480000 - 0x00007ffa944be000 	C:\WINDOWS\system32\dataexchange.dll
0x00007ffaba980000 - 0x00007ffababe3000 	C:\WINDOWS\system32\d3d11.dll
0x00007ffabb8e0000 - 0x00007ffabbac5000 	C:\WINDOWS\system32\dcomp.dll
0x00007ffabd4b0000 - 0x00007ffabd5a3000 	C:\WINDOWS\system32\dxgi.dll
0x00007ffab7e70000 - 0x00007ffab8077000 	C:\WINDOWS\system32\twinapi.appcore.dll
0x00007ffab5240000 - 0x00007ffab533d000 	C:\WINDOWS\SYSTEM32\textinputframework.dll
0x00007ffabc200000 - 0x00007ffabc2f2000 	C:\WINDOWS\System32\CoreMessaging.dll
0x00007ffabbea0000 - 0x00007ffabc1fa000 	C:\WINDOWS\System32\CoreUIComponents.dll
0x00007ffabd8a0000 - 0x00007ffabd8d3000 	C:\WINDOWS\SYSTEM32\ntmarta.dll
0x00007ffabb740000 - 0x00007ffabb896000 	C:\WINDOWS\SYSTEM32\wintypes.dll
0x0000000069340000 - 0x00000000693c5000 	C:\Users\monirozzamanroni\AppData\Local\Temp\sqlite-3.7.2-sqlitejdbc.dll
0x0000000067710000 - 0x0000000067734000 	C:\Program Files\Java\jdk1.8.0_111\jre\bin\sunec.dll
0x00007ffabdf60000 - 0x00007ffabdf9b000 	C:\WINDOWS\SYSTEM32\IPHLPAPI.DLL
0x00007ffabfd00000 - 0x00007ffabfd09000 	C:\WINDOWS\System32\NSI.dll
0x00007ffab7e40000 - 0x00007ffab7e57000 	C:\WINDOWS\SYSTEM32\dhcpcsvc6.DLL
0x00007ffab7e20000 - 0x00007ffab7e3d000 	C:\WINDOWS\SYSTEM32\dhcpcsvc.DLL
0x00007ffabdfa0000 - 0x00007ffabe06b000 	C:\WINDOWS\SYSTEM32\DNSAPI.dll
0x00007ffabe790000 - 0x00007ffabe7a8000 	C:\WINDOWS\SYSTEM32\CRYPTSP.dll
0x00007ffabdc00000 - 0x00007ffabdc34000 	C:\WINDOWS\system32\rsaenh.dll
0x00007ffabea80000 - 0x00007ffabeaae000 	C:\WINDOWS\SYSTEM32\USERENV.dll
0x00007ffabe3d0000 - 0x00007ffabe3dc000 	C:\WINDOWS\SYSTEM32\CRYPTBASE.dll
0x0000000180000000 - 0x0000000180025000 	C:\Program Files\Java\jdk1.8.0_111\jre\bin\rxtxSerial.dll
0x00007ffaa9f70000 - 0x00007ffaaa154000 	C:\WINDOWS\SYSTEM32\dbghelp.dll

VM Arguments:
jvm_args: -Dfile.encoding=UTF-8 
java_command: auto.recharge.system.Login
java_class_path (initial): C:\Program Files\NetBeans 8.2\java\modules\ext\AbsoluteLayout.jar;C:\Program Files\NetBeans 8.2\java\modules\ext\eclipselink\eclipselink.jar;C:\Program Files\NetBeans 8.2\java\modules\ext\eclipselink\javax.persistence_2.1.0.v201304241213.jar;C:\Program Files\NetBeans 8.2\java\modules\ext\eclipselink\org.eclipse.persistence.jpa.jpql_2.5.2.v20140319-9ad6abd.jar;D:\Project\Java GUI\Auto Recharge System\Core\Auto-Recharge-System\lib\zxing-1.7-javase.jar;D:\Project\Java GUI\Auto Recharge System\Core\Auto-Recharge-System\lib\zxing-core-2.0.jar;D:\Project\Java GUI\Auto Recharge System\Core\Auto-Recharge-System\lib\mail-1.4.7.jar;D:\Project\Java GUI\Auto Recharge System\Core\Auto-Recharge-System\lib\sqlite-jdbc-3.7.2.jar;D:\Project\Java GUI\Auto Recharge System\Core\Auto-Recharge-System\lib\aes-encryption-1.0-SNAPSHOT.jar;D:\Project\Java GUI\Auto Recharge System\Core\Auto-Recharge-System\lib\itextpdf-5.5.9.jar;D:\Project\Java GUI\Auto Recharge System\jar file\jcalendar-1.4\lib\jcalendar-1.4.jar;D:\Project\Java GUI\Auto Recharge System\Core\Auto-Recharge-System\lib\swingx-action-1.6.5-1.jar;D:\Project\Java GUI\Auto Recharge System\Core\Auto-Recharge-System\lib\swingx-autocomplete-1.6.5-1.jar;D:\Project\Java GUI\Auto Recharge System\Core\Auto-Recharge-System\lib\swingx-common-1.6.5-1.jar;D:\Project\Java GUI\Auto Recharge System\Core\Auto-Recharge-System\lib\swingx-core-1.6.5-1.jar;D:\Project\Java GUI\Auto Recharge System\Core\Auto-Recharge-System\lib\swingx-graphics-1.6.5-1.jar;D:\Project\Java GUI\Auto Recharge System\Core\Auto-Recharge-System\lib\swingx-painters-1.6.5-1.jar;D:\Project\Java GUI\Auto Recharge System\Core\Auto-Recharge-System\lib\swingx-plaf-1.6.5-1.jar;D:\Project\Java GUI\Auto Recharge System\Core\Auto-Recharge-System\lib\json-simple-1.1.1.jar;D:\Project\Java GUI\Auto Recharge System\Core\Auto-Recharge-System\lib\RXTXcomm.jar;D:\Project\Java GUI\Auto Recharge System\Core\Auto-Recharge-System\lib\rxtx-comm.jar;D:\Project\Java GUI\Au
Launcher Type: SUN_STANDARD

Environment Variables:
JAVA_HOME=C:\Program Files\Java\jre1.8.0_261
PATH=C:\Program Files (x86)\Common Files\Oracle\Java\javapath;C:\Program Files (x86)\Common Files\Intel\Shared Libraries\redist\intel64\compiler;C:\WINDOWS\system32;C:\WINDOWS;C:\WINDOWS\System32\Wbem;C:\WINDOWS\System32\WindowsPowerShell\v1.0\;C:\Program Files\Git\cmd;C:\Program Files\apache-maven-3.6.2\bin;C:\Program Files\nodejs\;C:\WINDOWS\System32\OpenSSH\;C:\Users\monirozzamanroni\AppData\Local\Programs\Python\Python37\Scripts\;C:\Program Files\Java\jre1.8.0_261\bin;C:\Users\monirozzamanroni\AppData\Roaming\npm;C:\Users\monirozzamanroni\AppData\Local\Microsoft\WindowsApps;C:\Program Files (x86)\Inno Setup 6;C:\Users\monirozzamanroni\AppData\Local\Microsoft\WindowsApps;;C:\Program Files\JetBrains\IntelliJ IDEA 2020.2.2\bin;
USERNAME=monirozzamanroni
OS=Windows_NT
PROCESSOR_IDENTIFIER=Intel64 Family 6 Model 158 Stepping 9, GenuineIntel



---------------  S Y S T E M  ---------------

OS: Windows 10.0 , 64 bit Build 19041 (10.0.19041.292)

CPU:total 4 (4 cores per cpu, 1 threads per core) family 6 model 158 stepping 9, cmov, cx8, fxsr, mmx, sse, sse2, sse3, ssse3, sse4.1, sse4.2, popcnt, avx, avx2, aes, clmul, erms, rtm, 3dnowpref, lzcnt, tsc, tscinvbit, bmi1, bmi2, adx

Memory: 4k page, physical 8299840k(2676256k free), swap 28324160k(20866232k free)

vm_info: Java HotSpot(TM) 64-Bit Server VM (25.111-b14) for windows-amd64 JRE (1.8.0_111-b14), built on Sep 22 2016 19:24:05 by "java_re" with MS VC++ 10.0 (VS2010)

time: Thu Oct 08 17:34:12 2020
elapsed time: 71 seconds (0d 0h 1m 11s)

