#
# A fatal error has been detected by the Java Runtime Environment:
#
#  EXCEPTION_ACCESS_VIOLATION (0xc0000005) at pc=0x00000001800087dd, pid=6516, tid=0x0000000000003a4c
#
# JRE version: Java(TM) SE Runtime Environment (8.0_111-b14) (build 1.8.0_111-b14)
# Java VM: Java HotSpot(TM) 64-Bit Server VM (25.111-b14 mixed mode windows-amd64 compressed oops)
# Problematic frame:
# C  [rxtxSerial.dll+0x87dd]
#
# Failed to write core dump. Minidumps are not enabled by default on client versions of Windows
#
# If you would like to submit a bug report, please visit:
#   http://bugreport.java.com/bugreport/crash.jsp
# The crash happened outside the Java Virtual Machine in native code.
# See problematic frame for where to report the bug.
#

---------------  T H R E A D  ---------------

Current thread (0x000000001a264000):  JavaThread "SwingWorker-pool-1-thread-1" daemon [_thread_in_native, id=14924, stack(0x000000001cb50000,0x000000001cc50000)]

siginfo: ExceptionCode=0xc0000005, writing address 0x0000000000000100

Registers:
RAX=0x0000000000000000, RBX=0x000000001d0f0f10, RCX=0x0000000000000002, RDX=0x0000000000000000
RSP=0x000000001cc4ef10, RBP=0x000000001cc4f188, RSI=0x000000001a379b5a, RDI=0x000000001d0f6c00
R8 =0x0000000000000000, R9 =0x0000000000000000, R10=0x0000000000000000, R11=0x0000000000000001
R12=0x000000001cc4f190, R13=0x000000001cea3598, R14=0x000000001cc4f190, R15=0x000000001a264000
RIP=0x00000001800087dd, EFLAGS=0x0000000000010202

Top of Stack: (sp=0x000000001cc4ef10)
0x000000001cc4ef10:   000000001d0f0f10 000000001a379b50
0x000000001cc4ef20:   000000001a264000 000000000000000a
0x000000001cc4ef30:   000000001a379b50 000000018000aab4
0x000000001cc4ef40:   000000001a2641f8 0000000000000106
0x000000001cc4ef50:   000000001cea3598 000000001cc4f190
0x000000001cc4ef60:   000000001a245aa0 000000001a379b50
0x000000001cc4ef70:   000000001cc4f188 000000018000b7fe
0x000000001cc4ef80:   0000000000000009 000000001cea3598
0x000000001cc4ef90:   000000001a2641f8 0000000000000000
0x000000001cc4efa0:   000000001a264000 0000000000000000
0x000000001cc4efb0:   0000734a49b9292e 000000007fffffdb
0x000000001cc4efc0:   000000001cc4f050 0000000000000042
0x000000001cc4efd0:   000000001a2641f8 0000000000000000
0x000000001cc4efe0:   000000001a379b50 000000018000213d
0x000000001cc4eff0:   000000001cc4f188 000000018001c0b0
0x000000001cc4f000:   0000000000000000 0000000180000000 

Instructions: (pc=0x00000001800087dd)
0x00000001800087bd:   00 00 7e 3d 48 8b 87 08 01 00 00 48 89 bb 00 01
0x00000001800087cd:   00 00 48 89 83 08 01 00 00 48 8b 87 08 01 00 00
0x00000001800087dd:   48 89 98 00 01 00 00 48 89 9f 08 01 00 00 48 8b
0x00000001800087ed:   c3 48 8b 5c 24 30 48 8b 74 24 38 48 83 c4 20 5f 


Register to memory mapping:

RAX=0x0000000000000000 is an unknown value
RBX=0x000000001d0f0f10 is an unknown value
RCX=0x0000000000000002 is an unknown value
RDX=0x0000000000000000 is an unknown value
RSP=0x000000001cc4ef10 is pointing into the stack for thread: 0x000000001a264000
RBP=0x000000001cc4f188 is pointing into the stack for thread: 0x000000001a264000
RSI=0x000000001a379b5a is an unknown value
RDI=0x000000001d0f6c00 is an unknown value
R8 =0x0000000000000000 is an unknown value
R9 =0x0000000000000000 is an unknown value
R10=0x0000000000000000 is an unknown value
R11=0x0000000000000001 is an unknown value
R12=0x000000001cc4f190 is pointing into the stack for thread: 0x000000001a264000
R13=0x000000001cea3598 is pointing into metadata
R14=0x000000001cc4f190 is pointing into the stack for thread: 0x000000001a264000
R15=0x000000001a264000 is a thread


Stack: [0x000000001cb50000,0x000000001cc50000],  sp=0x000000001cc4ef10,  free space=1019k
Native frames: (J=compiled Java code, j=interpreted, Vv=VM code, C=native code)
C  [rxtxSerial.dll+0x87dd]
C  [rxtxSerial.dll+0xaab4]
C  [rxtxSerial.dll+0x213d]
C  0x0000000003368a77

Java frames: (J=compiled Java code, j=interpreted, Vv=VM code)
j  gnu.io.RXTXPort.open(Ljava/lang/String;)I+0
j  gnu.io.RXTXPort.<init>(Ljava/lang/String;)V+125
j  gnu.io.RXTXCommDriver.getCommPort(Ljava/lang/String;I)Lgnu/io/CommPort;+78
j  gnu.io.CommPortIdentifier.open(Ljava/lang/String;I)Lgnu/io/CommPort;+171
j  auto.recharge.system.config.CommTest.getPorts()Ljava/util/List;+153
j  auto.recharge.system.config.ModemUtils.getActivePorts()Ljava/util/List;+0
j  auto.recharge.system.config.Modem.getActiveModemsPorts()Ljava/util/List;+21
j  auto.recharge.system.Modem.getActivePortsList()Ljava/util/List;+0
j  auto.recharge.system.Login.getSIMOperatorInfo()V+0
j  auto.recharge.system.Login.access$700(Lauto/recharge/system/Login;)V+1
j  auto.recharge.system.Login$6.doInBackground()Ljava/lang/Void;+33
j  auto.recharge.system.Login$6.doInBackground()Ljava/lang/Object;+1
j  javax.swing.SwingWorker$1.call()Ljava/lang/Object;+14
j  java.util.concurrent.FutureTask.run()V+42
j  javax.swing.SwingWorker.run()V+4
j  java.util.concurrent.ThreadPoolExecutor.runWorker(Ljava/util/concurrent/ThreadPoolExecutor$Worker;)V+95
j  java.util.concurrent.ThreadPoolExecutor$Worker.run()V+5
j  java.lang.Thread.run()V+11
v  ~StubRoutines::call_stub

---------------  P R O C E S S  ---------------

Java Threads: ( => current thread )
  0x000000001a36c000 JavaThread "Thread-3" daemon [_thread_in_native, id=15956, stack(0x000000001d100000,0x000000001d200000)]
  0x000000001a267800 JavaThread "SwingWorker-pool-1-thread-2" daemon [_thread_blocked, id=740, stack(0x000000001cc50000,0x000000001cd50000)]
=>0x000000001a264000 JavaThread "SwingWorker-pool-1-thread-1" daemon [_thread_in_native, id=14924, stack(0x000000001cb50000,0x000000001cc50000)]
  0x000000001a106000 JavaThread "Image Animator 3" daemon [_thread_blocked, id=11636, stack(0x000000001b510000,0x000000001b610000)]
  0x000000001a100000 JavaThread "TimerQueue" daemon [_thread_blocked, id=10252, stack(0x000000001b410000,0x000000001b510000)]
  0x0000000003252800 JavaThread "DestroyJavaVM" [_thread_blocked, id=9756, stack(0x0000000003050000,0x0000000003150000)]
  0x000000001a077000 JavaThread "AWT-EventQueue-0" [_thread_blocked, id=2448, stack(0x000000001aa60000,0x000000001ab60000)]
  0x000000001a070000 JavaThread "AWT-Windows" daemon [_thread_in_native, id=1524, stack(0x000000001a960000,0x000000001aa60000)]
  0x000000001a06d000 JavaThread "AWT-Shutdown" [_thread_blocked, id=9220, stack(0x000000001a860000,0x000000001a960000)]
  0x000000001a06c000 JavaThread "Java2D Disposer" daemon [_thread_blocked, id=16720, stack(0x000000001a760000,0x000000001a860000)]
  0x0000000019859000 JavaThread "Service Thread" daemon [_thread_blocked, id=16360, stack(0x0000000019c20000,0x0000000019d20000)]
  0x0000000017ef4800 JavaThread "C1 CompilerThread2" daemon [_thread_blocked, id=17384, stack(0x0000000019720000,0x0000000019820000)]
  0x0000000017ec3800 JavaThread "C2 CompilerThread1" daemon [_thread_blocked, id=2636, stack(0x0000000019620000,0x0000000019720000)]
  0x0000000017ebf000 JavaThread "C2 CompilerThread0" daemon [_thread_blocked, id=6452, stack(0x0000000019520000,0x0000000019620000)]
  0x0000000017ebe000 JavaThread "Attach Listener" daemon [_thread_blocked, id=11896, stack(0x0000000019420000,0x0000000019520000)]
  0x0000000017ebd000 JavaThread "Signal Dispatcher" daemon [_thread_blocked, id=3048, stack(0x0000000019320000,0x0000000019420000)]
  0x0000000017eaa800 JavaThread "Finalizer" daemon [_thread_blocked, id=6612, stack(0x0000000019120000,0x0000000019220000)]
  0x0000000003342000 JavaThread "Reference Handler" daemon [_thread_blocked, id=14860, stack(0x0000000019020000,0x0000000019120000)]

Other Threads:
  0x0000000017e86800 VMThread [stack: 0x0000000018f20000,0x0000000019020000] [id=6948]
  0x000000001985c000 WatcherThread [stack: 0x0000000019d20000,0x0000000019e20000] [id=4484]

VM state:not at safepoint (normal execution)

VM Mutex/Monitor currently owned by a thread: None

Heap:
 PSYoungGen      total 38400K, used 26108K [0x00000000d5c00000, 0x00000000d8680000, 0x0000000100000000)
  eden space 33280K, 78% used [0x00000000d5c00000,0x00000000d757f208,0x00000000d7c80000)
  from space 5120K, 0% used [0x00000000d8180000,0x00000000d8180000,0x00000000d8680000)
  to   space 5120K, 0% used [0x00000000d7c80000,0x00000000d7c80000,0x00000000d8180000)
 ParOldGen       total 87552K, used 0K [0x0000000081400000, 0x0000000086980000, 0x00000000d5c00000)
  object space 87552K, 0% used [0x0000000081400000,0x0000000081400000,0x0000000086980000)
 Metaspace       used 15475K, capacity 15740K, committed 16128K, reserved 1062912K
  class space    used 1851K, capacity 1940K, committed 2048K, reserved 1048576K

Card table byte_map: [0x0000000012710000,0x0000000012b10000] byte_map_base: 0x0000000012306000

Marking Bits: (ParMarkBitMap*) 0x000000007170a6c0
 Begin Bits: [0x00000000131c0000, 0x0000000015170000)
 End Bits:   [0x0000000015170000, 0x0000000017120000)

Polling page: 0x0000000001380000

CodeCache: size=245760Kb used=4250Kb max_used=4261Kb free=241509Kb
 bounds [0x0000000003350000, 0x0000000003780000, 0x0000000012350000]
 total_blobs=1954 nmethods=1399 adapters=467
 compilation: enabled

Compilation events (10 events):
Event: 5.930 Thread 0x0000000017ef4800 1395   !   3       sun.awt.image.GifImageDecoder::readBytes (44 bytes)
Event: 5.930 Thread 0x0000000017ef4800 nmethod 1395 0x0000000003778890 code [0x0000000003778a00, 0x0000000003778d88]
Event: 5.931 Thread 0x0000000017ef4800 1396       1       sun.java2d.loops.RenderCache$Entry::getValue (5 bytes)
Event: 5.931 Thread 0x0000000017ef4800 nmethod 1396 0x0000000003778ed0 code [0x0000000003779020, 0x0000000003779130]
Event: 6.031 Thread 0x0000000017ef4800 1397       1       javax.swing.ImageIcon::getIconWidth (5 bytes)
Event: 6.031 Thread 0x0000000017ef4800 nmethod 1397 0x0000000003779190 code [0x00000000037792e0, 0x00000000037793f0]
Event: 6.031 Thread 0x0000000017ef4800 1398       1       javax.swing.ImageIcon::getIconHeight (5 bytes)
Event: 6.031 Thread 0x0000000017ef4800 nmethod 1398 0x0000000003779450 code [0x00000000037795a0, 0x00000000037796b0]
Event: 6.034 Thread 0x0000000017ec3800 1399       4       java.nio.Buffer::clear (20 bytes)
Event: 6.034 Thread 0x0000000017ec3800 nmethod 1399 0x000000000377c390 code [0x000000000377c4c0, 0x000000000377c538]

GC Heap History (0 events):
No events

Deoptimization events (10 events):
Event: 2.300 Thread 0x000000001a264000 Uncommon trap: reason=bimorphic action=maybe_recompile pc=0x0000000003601088 method=java.util.HashMap.putVal(ILjava/lang/Object;Ljava/lang/Object;ZZ)Ljava/lang/Object; @ 91
Event: 2.300 Thread 0x000000001a264000 Uncommon trap: reason=bimorphic action=maybe_recompile pc=0x0000000003601088 method=java.util.HashMap.putVal(ILjava/lang/Object;Ljava/lang/Object;ZZ)Ljava/lang/Object; @ 91
Event: 2.300 Thread 0x000000001a264000 Uncommon trap: reason=bimorphic action=maybe_recompile pc=0x0000000003601088 method=java.util.HashMap.putVal(ILjava/lang/Object;Ljava/lang/Object;ZZ)Ljava/lang/Object; @ 91
Event: 2.300 Thread 0x000000001a264000 Uncommon trap: reason=bimorphic action=maybe_recompile pc=0x0000000003601088 method=java.util.HashMap.putVal(ILjava/lang/Object;Ljava/lang/Object;ZZ)Ljava/lang/Object; @ 91
Event: 2.525 Thread 0x000000001a267800 Uncommon trap: reason=class_check action=maybe_recompile pc=0x00000000036b98dc method=java.util.regex.Pattern$BmpCharProperty.match(Ljava/util/regex/Matcher;ILjava/lang/CharSequence;)Z @ 31
Event: 2.525 Thread 0x000000001a267800 Uncommon trap: reason=unstable_if action=reinterpret pc=0x00000000036b9878 method=java.util.regex.Pattern$BmpCharProperty.match(Ljava/util/regex/Matcher;ILjava/lang/CharSequence;)Z @ 5
Event: 2.605 Thread 0x000000001a267800 Uncommon trap: reason=class_check action=maybe_recompile pc=0x00000000036ecf64 method=java.util.regex.Pattern$Curly.match(Ljava/util/regex/Matcher;ILjava/lang/CharSequence;)Z @ 19
Event: 2.605 Thread 0x000000001a267800 Uncommon trap: reason=class_check action=maybe_recompile pc=0x00000000036ecf64 method=java.util.regex.Pattern$Curly.match(Ljava/util/regex/Matcher;ILjava/lang/CharSequence;)Z @ 19
Event: 2.605 Thread 0x000000001a267800 Uncommon trap: reason=class_check action=maybe_recompile pc=0x00000000036ecf64 method=java.util.regex.Pattern$Curly.match(Ljava/util/regex/Matcher;ILjava/lang/CharSequence;)Z @ 19
Event: 2.801 Thread 0x000000001a267800 Uncommon trap: reason=unstable_if action=reinterpret pc=0x00000000036bf228 method=sun.security.provider.DigestBase.engineUpdate([BII)V @ 35

Internal exceptions (10 events):
Event: 0.148 Thread 0x0000000003252800 Exception <a 'java/lang/NoSuchFieldError': method resolution failed> (0x00000000d5edc630) thrown at [C:\re\workspace\8-2-build-windows-amd64-cygwin\jdk8u111\7883\hotspot\src\share\vm\prims\methodHandles.cpp, line 1146]
Event: 0.194 Thread 0x000000001a077000 Exception <a 'java/io/FileNotFoundException'> (0x00000000d6170798) thrown at [C:\re\workspace\8-2-build-windows-amd64-cygwin\jdk8u111\7883\hotspot\src\share\vm\prims\jni.cpp, line 709]
Event: 0.422 Thread 0x000000001a106000 Exception <a 'java/lang/InterruptedException': sleep interrupted> (0x00000000d654c698) thrown at [C:\re\workspace\8-2-build-windows-amd64-cygwin\jdk8u111\7883\hotspot\src\share\vm\prims\jvm.cpp, line 3176]
Event: 2.249 Thread 0x000000001a264000 Implicit null exception at 0x000000000364de4a to 0x000000000364e10d
Event: 2.966 Thread 0x000000001a267800 Exception <a 'java/io/FileNotFoundException'> (0x00000000d7463920) thrown at [C:\re\workspace\8-2-build-windows-amd64-cygwin\jdk8u111\7883\hotspot\src\share\vm\prims\jni.cpp, line 709]
Event: 2.980 Thread 0x000000001a267800 Exception <a 'java/io/FileNotFoundException'> (0x00000000d747a158) thrown at [C:\re\workspace\8-2-build-windows-amd64-cygwin\jdk8u111\7883\hotspot\src\share\vm\prims\jni.cpp, line 709]
Event: 2.980 Thread 0x000000001a267800 Exception <a 'java/io/FileNotFoundException'> (0x00000000d748c088) thrown at [C:\re\workspace\8-2-build-windows-amd64-cygwin\jdk8u111\7883\hotspot\src\share\vm\prims\jni.cpp, line 709]
Event: 2.993 Thread 0x000000001a267800 Exception <a 'java/io/FileNotFoundException'> (0x00000000d74a2390) thrown at [C:\re\workspace\8-2-build-windows-amd64-cygwin\jdk8u111\7883\hotspot\src\share\vm\prims\jni.cpp, line 709]
Event: 2.993 Thread 0x000000001a264000 Exception <a 'java/io/FileNotFoundException'> (0x00000000d6b42970) thrown at [C:\re\workspace\8-2-build-windows-amd64-cygwin\jdk8u111\7883\hotspot\src\share\vm\prims\jni.cpp, line 709]
Event: 3.007 Thread 0x000000001a264000 Exception <a 'java/io/FileNotFoundException'> (0x00000000d6b58c78) thrown at [C:\re\workspace\8-2-build-windows-amd64-cygwin\jdk8u111\7883\hotspot\src\share\vm\prims\jni.cpp, line 709]

Events (10 events):
Event: 3.010 loading class java/lang/IndexOutOfBoundsException done
Event: 3.012 loading class gnu/io/RXTXPort$MonitorThread
Event: 3.012 loading class gnu/io/RXTXPort$MonitorThread done
Event: 3.013 Thread 0x000000001a375000 Thread added: 0x000000001a375000
Event: 3.421 Thread 0x000000001a106000 DEOPT PACKING pc=0x000000000366fdf5 sp=0x000000001b60e990
Event: 3.421 Thread 0x000000001a106000 DEOPT UNPACKING pc=0x000000000339787f sp=0x000000001b60e6e8 mode 0
Event: 4.130 Executing VM operation: EnableBiasedLocking
Event: 4.130 Executing VM operation: EnableBiasedLocking done
Event: 4.991 Thread 0x000000001a36c000 Thread added: 0x000000001a36c000
Event: 6.032 Thread 0x000000001a375000 Thread exited: 0x000000001a375000


Dynamic libraries:
0x00007ff6dca20000 - 0x00007ff6dca57000 	C:\Program Files\Java\jdk1.8.0_111\bin\java.exe
0x00007ff961ff0000 - 0x00007ff9621e5000 	C:\WINDOWS\SYSTEM32\ntdll.dll
0x00007ff960d40000 - 0x00007ff960dfd000 	C:\WINDOWS\System32\KERNEL32.DLL
0x00007ff95f8a0000 - 0x00007ff95fb67000 	C:\WINDOWS\System32\KERNELBASE.dll
0x00007ff9602c0000 - 0x00007ff96036a000 	C:\WINDOWS\System32\ADVAPI32.dll
0x00007ff9601c0000 - 0x00007ff96025e000 	C:\WINDOWS\System32\msvcrt.dll
0x00007ff960490000 - 0x00007ff96052b000 	C:\WINDOWS\System32\sechost.dll
0x00007ff961800000 - 0x00007ff961923000 	C:\WINDOWS\System32\RPCRT4.dll
0x00007ff960a40000 - 0x00007ff960be0000 	C:\WINDOWS\System32\USER32.dll
0x00007ff95ff50000 - 0x00007ff95ff72000 	C:\WINDOWS\System32\win32u.dll
0x00007ff9617a0000 - 0x00007ff9617ca000 	C:\WINDOWS\System32\GDI32.dll
0x00007ff95fc70000 - 0x00007ff95fd7a000 	C:\WINDOWS\System32\gdi32full.dll
0x00007ff95fb70000 - 0x00007ff95fc0d000 	C:\WINDOWS\System32\msvcp_win.dll
0x00007ff95fd80000 - 0x00007ff95fe80000 	C:\WINDOWS\System32\ucrtbase.dll
0x00007ff94de40000 - 0x00007ff94e0da000 	C:\WINDOWS\WinSxS\amd64_microsoft.windows.common-controls_6595b64144ccf1df_6.0.19041.1_none_b555e41d4684ddec\COMCTL32.dll
0x00007ff960190000 - 0x00007ff9601c0000 	C:\WINDOWS\System32\IMM32.DLL
0x0000000071790000 - 0x0000000071862000 	C:\Program Files\Java\jdk1.8.0_111\jre\bin\msvcr100.dll
0x0000000070ef0000 - 0x000000007178a000 	C:\Program Files\Java\jdk1.8.0_111\jre\bin\server\jvm.dll
0x00007ff9617d0000 - 0x00007ff9617d8000 	C:\WINDOWS\System32\PSAPI.DLL
0x00007ff947dc0000 - 0x00007ff947dc9000 	C:\WINDOWS\SYSTEM32\WSOCK32.dll
0x00007ff94d520000 - 0x00007ff94d547000 	C:\WINDOWS\SYSTEM32\WINMM.dll
0x00007ff95a4b0000 - 0x00007ff95a4ba000 	C:\WINDOWS\SYSTEM32\VERSION.dll
0x00007ff960f50000 - 0x00007ff960fbb000 	C:\WINDOWS\System32\WS2_32.dll
0x0000000070ee0000 - 0x0000000070eef000 	C:\Program Files\Java\jdk1.8.0_111\jre\bin\verify.dll
0x0000000070eb0000 - 0x0000000070ed9000 	C:\Program Files\Java\jdk1.8.0_111\jre\bin\java.dll
0x0000000070e90000 - 0x0000000070ea6000 	C:\Program Files\Java\jdk1.8.0_111\jre\bin\zip.dll
0x00007ff960fd0000 - 0x00007ff961710000 	C:\WINDOWS\System32\SHELL32.dll
0x00007ff95d8a0000 - 0x00007ff95e031000 	C:\WINDOWS\SYSTEM32\windows.storage.dll
0x00007ff9606e0000 - 0x00007ff960a33000 	C:\WINDOWS\System32\combase.dll
0x00007ff95f020000 - 0x00007ff95f04c000 	C:\WINDOWS\SYSTEM32\Wldp.dll
0x00007ff960c90000 - 0x00007ff960d3e000 	C:\WINDOWS\System32\SHCORE.dll
0x00007ff960ef0000 - 0x00007ff960f45000 	C:\WINDOWS\System32\shlwapi.dll
0x00007ff95f680000 - 0x00007ff95f69f000 	C:\WINDOWS\SYSTEM32\profapi.dll
0x0000000070cb0000 - 0x0000000070e48000 	C:\Program Files\Java\jdk1.8.0_111\jre\bin\awt.dll
0x00007ff9600c0000 - 0x00007ff96018d000 	C:\WINDOWS\System32\OLEAUT32.dll
0x00007ff95d0e0000 - 0x00007ff95d170000 	C:\WINDOWS\SYSTEM32\apphelp.dll
0x00007ff95d1e0000 - 0x00007ff95d27f000 	C:\WINDOWS\system32\uxtheme.dll
0x00007ff960370000 - 0x00007ff960485000 	C:\WINDOWS\System32\MSCTF.dll
0x00007ff961a10000 - 0x00007ff961b39000 	C:\WINDOWS\System32\ole32.dll
0x00007ff95d6a0000 - 0x00007ff95d6b3000 	C:\WINDOWS\SYSTEM32\kernel.appcore.dll
0x00007ff95fe80000 - 0x00007ff95feff000 	C:\WINDOWS\System32\bcryptPrimitives.dll
0x00007ff95d4c0000 - 0x00007ff95d4ef000 	C:\WINDOWS\system32\DWMAPI.DLL
0x0000000070c20000 - 0x0000000070c67000 	C:\Program Files\Java\jdk1.8.0_111\jre\bin\fontmanager.dll
0x0000000070e70000 - 0x0000000070e8a000 	C:\Program Files\Java\jdk1.8.0_111\jre\bin\net.dll
0x00007ff95ee10000 - 0x00007ff95ee7a000 	C:\WINDOWS\system32\mswsock.dll
0x0000000070e50000 - 0x0000000070e61000 	C:\Program Files\Java\jdk1.8.0_111\jre\bin\nio.dll
0x0000000070bd0000 - 0x0000000070c12000 	C:\Program Files\Java\jdk1.8.0_111\jre\bin\t2k.dll
0x00007ff960be0000 - 0x00007ff960c88000 	C:\WINDOWS\System32\clbcatq.dll
0x00007ff9588b0000 - 0x00007ff958a64000 	C:\WINDOWS\SYSTEM32\WindowsCodecs.dll
0x00007ff95ff80000 - 0x00007ff95ffa7000 	C:\WINDOWS\System32\bcrypt.dll
0x00007ff9390e0000 - 0x00007ff93911e000 	C:\WINDOWS\system32\dataexchange.dll
0x00007ff95bad0000 - 0x00007ff95bd33000 	C:\WINDOWS\system32\d3d11.dll
0x00007ff95c470000 - 0x00007ff95c655000 	C:\WINDOWS\system32\dcomp.dll
0x00007ff95e080000 - 0x00007ff95e173000 	C:\WINDOWS\system32\dxgi.dll
0x00007ff958d70000 - 0x00007ff958f77000 	C:\WINDOWS\system32\twinapi.appcore.dll
0x00007ff942f90000 - 0x00007ff94308c000 	C:\WINDOWS\SYSTEM32\textinputframework.dll
0x00007ff95c9e0000 - 0x00007ff95cd3a000 	C:\WINDOWS\System32\CoreUIComponents.dll
0x00007ff95cd40000 - 0x00007ff95ce32000 	C:\WINDOWS\System32\CoreMessaging.dll
0x00007ff95c310000 - 0x00007ff95c466000 	C:\WINDOWS\SYSTEM32\wintypes.dll
0x00007ff95e470000 - 0x00007ff95e4a3000 	C:\WINDOWS\SYSTEM32\ntmarta.dll
0x0000000069340000 - 0x00000000693c5000 	C:\Users\monirozzamanroni\AppData\Local\Temp\sqlite-3.7.2-sqlitejdbc.dll
0x0000000070b60000 - 0x0000000070b84000 	C:\Program Files\Java\jdk1.8.0_111\jre\bin\sunec.dll
0x00007ff95eb20000 - 0x00007ff95eb5b000 	C:\WINDOWS\SYSTEM32\IPHLPAPI.DLL
0x00007ff960e00000 - 0x00007ff960e09000 	C:\WINDOWS\System32\NSI.dll
0x00007ff95a030000 - 0x00007ff95a047000 	C:\WINDOWS\SYSTEM32\dhcpcsvc6.DLL
0x00007ff959ff0000 - 0x00007ff95a00d000 	C:\WINDOWS\SYSTEM32\dhcpcsvc.DLL
0x00007ff95eb60000 - 0x00007ff95ec2a000 	C:\WINDOWS\SYSTEM32\DNSAPI.dll
0x00007ff95f360000 - 0x00007ff95f378000 	C:\WINDOWS\SYSTEM32\CRYPTSP.dll
0x00007ff95e7c0000 - 0x00007ff95e7f4000 	C:\WINDOWS\system32\rsaenh.dll
0x00007ff95f600000 - 0x00007ff95f62e000 	C:\WINDOWS\SYSTEM32\USERENV.dll
0x00007ff95ef90000 - 0x00007ff95ef9c000 	C:\WINDOWS\SYSTEM32\CRYPTBASE.dll
0x0000000180000000 - 0x0000000180025000 	C:\Program Files\Java\jdk1.8.0_111\jre\bin\rxtxSerial.dll
0x00007ff94b990000 - 0x00007ff94bb74000 	C:\WINDOWS\SYSTEM32\dbghelp.dll

VM Arguments:
jvm_args: -Dfile.encoding=UTF-8 
java_command: auto.recharge.system.Login
java_class_path (initial): C:\Program Files\NetBeans 8.2\java\modules\ext\AbsoluteLayout.jar;C:\Program Files\NetBeans 8.2\java\modules\ext\eclipselink\eclipselink.jar;C:\Program Files\NetBeans 8.2\java\modules\ext\eclipselink\javax.persistence_2.1.0.v201304241213.jar;C:\Program Files\NetBeans 8.2\java\modules\ext\eclipselink\org.eclipse.persistence.jpa.jpql_2.5.2.v20140319-9ad6abd.jar;D:\Project\Java GUI\Auto Recharge System\Core\Auto Recharge System\lib\zxing-1.7-javase.jar;D:\Project\Java GUI\Auto Recharge System\Core\Auto Recharge System\lib\zxing-core-2.0.jar;D:\Project\Java GUI\Auto Recharge System\Core\Auto Recharge System\lib\mail-1.4.7.jar;D:\Project\Java GUI\Auto Recharge System\Core\Auto Recharge System\lib\sqlite-jdbc-3.7.2.jar;D:\Project\Java GUI\Auto Recharge System\Core\Auto Recharge System\lib\aes-encryption-1.0-SNAPSHOT.jar;D:\Project\Java GUI\Auto Recharge System\Core\Auto Recharge System\lib\itextpdf-5.5.9.jar;D:\Project\Java GUI\Auto Recharge System\jar file\jcalendar-1.4\lib\jcalendar-1.4.jar;D:\Project\Java GUI\Auto Recharge System\Core\Auto Recharge System\lib\swingx-action-1.6.5-1.jar;D:\Project\Java GUI\Auto Recharge System\Core\Auto Recharge System\lib\swingx-autocomplete-1.6.5-1.jar;D:\Project\Java GUI\Auto Recharge System\Core\Auto Recharge System\lib\swingx-common-1.6.5-1.jar;D:\Project\Java GUI\Auto Recharge System\Core\Auto Recharge System\lib\swingx-core-1.6.5-1.jar;D:\Project\Java GUI\Auto Recharge System\Core\Auto Recharge System\lib\swingx-graphics-1.6.5-1.jar;D:\Project\Java GUI\Auto Recharge System\Core\Auto Recharge System\lib\swingx-painters-1.6.5-1.jar;D:\Project\Java GUI\Auto Recharge System\Core\Auto Recharge System\lib\swingx-plaf-1.6.5-1.jar;D:\Project\Java GUI\Auto Recharge System\Core\Auto Recharge System\lib\json-simple-1.1.1.jar;D:\Project\Java GUI\Auto Recharge System\Core\Auto Recharge System\lib\RXTXcomm.jar;D:\Project\Java GUI\Auto Recharge System\Core\Auto Recharge System\lib\rxtx-comm.jar;D:\Project\Java GUI\Au
Launcher Type: SUN_STANDARD

Environment Variables:
JAVA_HOME=C:\Program Files\Java\jdk1.8.0_111
PATH=C:\Program Files (x86)\Common Files\Oracle\Java\javapath;C:\WINDOWS\system32;C:\WINDOWS;C:\WINDOWS\System32\Wbem;C:\WINDOWS\System32\WindowsPowerShell\v1.0\;C:\Program Files\Git\cmd;C:\Program Files\apache-maven-3.6.2\bin;C:\Program Files\nodejs\;C:\WINDOWS\System32\OpenSSH\;C:\Users\monirozzamanroni\AppData\Local\Programs\Python\Python37\Scripts\;C:\Program Files\Java\jdk1.8.0_111\bin;C:\Program Files\Docker\Docker\resources\bin;C:\ProgramData\DockerDesktop\version-bin;C:\Users\monirozzamanroni\AppData\Roaming\npm;C:\Users\monirozzamanroni\AppData\Local\Microsoft\WindowsApps;C:\Program Files (x86)\Inno Setup 6;%USERPROFILE%\AppData\Local\Microsoft\WindowsApps;
USERNAME=monirozzamanroni
OS=Windows_NT
PROCESSOR_IDENTIFIER=Intel64 Family 6 Model 158 Stepping 9, GenuineIntel



---------------  S Y S T E M  ---------------

OS: Windows 10.0 , 64 bit Build 19041 (10.0.19041.292)

CPU:total 4 (4 cores per cpu, 1 threads per core) family 6 model 158 stepping 9, cmov, cx8, fxsr, mmx, sse, sse2, sse3, ssse3, sse4.1, sse4.2, popcnt, avx, avx2, aes, clmul, erms, rtm, 3dnowpref, lzcnt, tsc, tscinvbit, bmi1, bmi2, adx

Memory: 4k page, physical 8299840k(2048740k free), swap 24129856k(14925560k free)

vm_info: Java HotSpot(TM) 64-Bit Server VM (25.111-b14) for windows-amd64 JRE (1.8.0_111-b14), built on Sep 22 2016 19:24:05 by "java_re" with MS VC++ 10.0 (VS2010)

time: Sun Aug 16 17:37:05 2020
elapsed time: 6 seconds (0d 0h 0m 6s)

