#
# A fatal error has been detected by the Java Runtime Environment:
#
#  EXCEPTION_ACCESS_VIOLATION (0xc0000005) at pc=0x00000001800087dd, pid=3968, tid=0x0000000000002120
#
# JRE version: Java(TM) SE Runtime Environment (8.0_111-b14) (build 1.8.0_111-b14)
# Java VM: Java HotSpot(TM) 64-Bit Server VM (25.111-b14 mixed mode windows-amd64 compressed oops)
# Problematic frame:
# C  [rxtxSerial.dll+0x87dd]
#
# Failed to write core dump. Minidumps are not enabled by default on client versions of Windows
#
# If you would like to submit a bug report, please visit:
#   http://bugreport.java.com/bugreport/crash.jsp
# The crash happened outside the Java Virtual Machine in native code.
# See problematic frame for where to report the bug.
#

---------------  T H R E A D  ---------------

Current thread (0x0000000019c8a800):  JavaThread "Thread-3" daemon [_thread_in_native, id=8480, stack(0x000000001c950000,0x000000001ca50000)]

siginfo: ExceptionCode=0xc0000005, writing address 0x0000000000000100

Registers:
RAX=0x0000000000000000, RBX=0x000000001c8411e0, RCX=0x0000000000000002, RDX=0x0000000000000000
RSP=0x000000001ca4f020, RBP=0x000000001ca4f298, RSI=0x0000000019a745ba, RDI=0x000000001c841400
R8 =0x0000000000000000, R9 =0x0000000000000000, R10=0x000000001c840000, R11=0x0000000000000001
R12=0x000000001ca4f2a0, R13=0x000000001c793598, R14=0x000000001ca4f2a0, R15=0x0000000019c8a800
RIP=0x00000001800087dd, EFLAGS=0x0000000000010202

Top of Stack: (sp=0x000000001ca4f020)
0x000000001ca4f020:   000000001c8411e0 0000000019a745b0
0x000000001ca4f030:   0000000019c8a800 000000000000000a
0x000000001ca4f040:   0000000019a745b0 000000018000aab4
0x000000001ca4f050:   0000000019c8a9f8 0000000000000106
0x000000001ca4f060:   000000001c793598 000000001ca4f2a0
0x000000001ca4f070:   0000000019c7ef90 0000000019a745b0
0x000000001ca4f080:   000000001ca4f298 000000018000b7fe
0x000000001ca4f090:   0000000000000009 000000001c793598
0x000000001ca4f0a0:   0000000019c8a9f8 0000000000000000
0x000000001ca4f0b0:   0000000019c8a800 0000000000000000
0x000000001ca4f0c0:   00009d8f17f97cec 000000007fffffdb
0x000000001ca4f0d0:   000000001ca4f160 0000000000000042
0x000000001ca4f0e0:   0000000019c8a9f8 0000000000000000
0x000000001ca4f0f0:   0000000019a745b0 000000018000213d
0x000000001ca4f100:   000000001ca4f298 000000018001c0b0
0x000000001ca4f110:   0000000000000000 0000000180000000 

Instructions: (pc=0x00000001800087dd)
0x00000001800087bd:   00 00 7e 3d 48 8b 87 08 01 00 00 48 89 bb 00 01
0x00000001800087cd:   00 00 48 89 83 08 01 00 00 48 8b 87 08 01 00 00
0x00000001800087dd:   48 89 98 00 01 00 00 48 89 9f 08 01 00 00 48 8b
0x00000001800087ed:   c3 48 8b 5c 24 30 48 8b 74 24 38 48 83 c4 20 5f 


Register to memory mapping:

RAX=0x0000000000000000 is an unknown value
RBX=0x000000001c8411e0 is an unknown value
RCX=0x0000000000000002 is an unknown value
RDX=0x0000000000000000 is an unknown value
RSP=0x000000001ca4f020 is pointing into the stack for thread: 0x0000000019c8a800
RBP=0x000000001ca4f298 is pointing into the stack for thread: 0x0000000019c8a800
RSI=0x0000000019a745ba is an unknown value
RDI=0x000000001c841400 is an unknown value
R8 =0x0000000000000000 is an unknown value
R9 =0x0000000000000000 is an unknown value
R10=0x000000001c840000 is an unknown value
R11=0x0000000000000001 is an unknown value
R12=0x000000001ca4f2a0 is pointing into the stack for thread: 0x0000000019c8a800
R13=0x000000001c793598 is pointing into metadata
R14=0x000000001ca4f2a0 is pointing into the stack for thread: 0x0000000019c8a800
R15=0x0000000019c8a800 is a thread


Stack: [0x000000001c950000,0x000000001ca50000],  sp=0x000000001ca4f020,  free space=1020k
Native frames: (J=compiled Java code, j=interpreted, Vv=VM code, C=native code)
C  [rxtxSerial.dll+0x87dd]
C  [rxtxSerial.dll+0xaab4]
C  [rxtxSerial.dll+0x213d]
C  0x0000000002a28a77

Java frames: (J=compiled Java code, j=interpreted, Vv=VM code)
j  gnu.io.RXTXPort.open(Ljava/lang/String;)I+0
j  gnu.io.RXTXPort.<init>(Ljava/lang/String;)V+125
j  gnu.io.RXTXCommDriver.getCommPort(Ljava/lang/String;I)Lgnu/io/CommPort;+78
j  gnu.io.CommPortIdentifier.open(Ljava/lang/String;I)Lgnu/io/CommPort;+171
j  auto.recharge.system.config.RunningModemPort.run()V+135
v  ~StubRoutines::call_stub

---------------  P R O C E S S  ---------------

Java Threads: ( => current thread )
  0x0000000019c69800 JavaThread "Thread-14" daemon [_thread_in_native, id=9072, stack(0x000000001a4c0000,0x000000001a5c0000)]
=>0x0000000019c8a800 JavaThread "Thread-3" daemon [_thread_in_native, id=8480, stack(0x000000001c950000,0x000000001ca50000)]
  0x0000000019c8a000 JavaThread "Thread-2" daemon [_thread_blocked, id=7472, stack(0x000000001c850000,0x000000001c950000)]
  0x0000000019a8b000 JavaThread "SwingWorker-pool-1-thread-2" daemon [_thread_blocked, id=2252, stack(0x000000001c4f0000,0x000000001c5f0000)]
  0x0000000019a77000 JavaThread "SwingWorker-pool-1-thread-1" daemon [_thread_blocked, id=1168, stack(0x000000001c3f0000,0x000000001c4f0000)]
  0x00000000198d9000 JavaThread "Image Animator 3" daemon [_thread_in_vm, id=15056, stack(0x000000001adb0000,0x000000001aeb0000)]
  0x00000000198d3800 JavaThread "TimerQueue" daemon [_thread_blocked, id=9160, stack(0x000000001acb0000,0x000000001adb0000)]
  0x0000000002912800 JavaThread "DestroyJavaVM" [_thread_blocked, id=1792, stack(0x0000000002810000,0x0000000002910000)]
  0x0000000019849000 JavaThread "AWT-EventQueue-0" [_thread_blocked, id=6580, stack(0x000000001a3c0000,0x000000001a4c0000)]
  0x00000000193dd800 JavaThread "AWT-Windows" daemon [_thread_in_native, id=14236, stack(0x000000001a120000,0x000000001a220000)]
  0x00000000193db000 JavaThread "AWT-Shutdown" [_thread_blocked, id=2936, stack(0x000000001a020000,0x000000001a120000)]
  0x00000000193da000 JavaThread "Java2D Disposer" daemon [_thread_blocked, id=5308, stack(0x0000000019f20000,0x000000001a020000)]
  0x0000000019015000 JavaThread "Service Thread" daemon [_thread_blocked, id=9600, stack(0x00000000193e0000,0x00000000194e0000)]
  0x000000001758a000 JavaThread "C1 CompilerThread2" daemon [_thread_blocked, id=2828, stack(0x0000000018ee0000,0x0000000018fe0000)]
  0x0000000017583800 JavaThread "C2 CompilerThread1" daemon [_thread_blocked, id=8988, stack(0x0000000018de0000,0x0000000018ee0000)]
  0x000000001757f000 JavaThread "C2 CompilerThread0" daemon [_thread_blocked, id=14136, stack(0x0000000018ce0000,0x0000000018de0000)]
  0x000000001757d800 JavaThread "Attach Listener" daemon [_thread_blocked, id=1788, stack(0x0000000018be0000,0x0000000018ce0000)]
  0x000000001757c800 JavaThread "Signal Dispatcher" daemon [_thread_blocked, id=2456, stack(0x0000000018ae0000,0x0000000018be0000)]
  0x0000000002a0e800 JavaThread "Finalizer" daemon [_thread_blocked, id=1020, stack(0x00000000187e0000,0x00000000188e0000)]
  0x0000000002a03000 JavaThread "Reference Handler" daemon [_thread_blocked, id=11780, stack(0x00000000186e0000,0x00000000187e0000)]

Other Threads:
  0x0000000017547000 VMThread [stack: 0x00000000185e0000,0x00000000186e0000] [id=13768]
  0x000000001903a800 WatcherThread [stack: 0x00000000194e0000,0x00000000195e0000] [id=13176]

VM state:not at safepoint (normal execution)

VM Mutex/Monitor currently owned by a thread: None

Heap:
 PSYoungGen      total 38400K, used 28506K [0x00000000d5c00000, 0x00000000d8680000, 0x0000000100000000)
  eden space 33280K, 70% used [0x00000000d5c00000,0x00000000d72dc5b0,0x00000000d7c80000)
  from space 5120K, 99% used [0x00000000d7c80000,0x00000000d817a2c0,0x00000000d8180000)
  to   space 5120K, 0% used [0x00000000d8180000,0x00000000d8180000,0x00000000d8680000)
 ParOldGen       total 87552K, used 2794K [0x0000000081400000, 0x0000000086980000, 0x00000000d5c00000)
  object space 87552K, 3% used [0x0000000081400000,0x00000000816babf0,0x0000000086980000)
 Metaspace       used 16069K, capacity 16316K, committed 16640K, reserved 1064960K
  class space    used 1910K, capacity 2004K, committed 2048K, reserved 1048576K

Card table byte_map: [0x0000000011dd0000,0x00000000121d0000] byte_map_base: 0x00000000119c6000

Marking Bits: (ParMarkBitMap*) 0x0000000057eda6c0
 Begin Bits: [0x0000000012880000, 0x0000000014830000)
 End Bits:   [0x0000000014830000, 0x00000000167e0000)

Polling page: 0x0000000000b30000

CodeCache: size=245760Kb used=5314Kb max_used=5322Kb free=240445Kb
 bounds [0x0000000002a10000, 0x0000000002f50000, 0x0000000011a10000]
 total_blobs=2263 nmethods=1707 adapters=468
 compilation: enabled

Compilation events (10 events):
Event: 24.425 Thread 0x000000001758a000 nmethod 1702 0x0000000002f3ded0 code [0x0000000002f3e040, 0x0000000002f3e288]
Event: 24.425 Thread 0x000000001757f000 nmethod 1703 0x0000000002f46090 code [0x0000000002f461c0, 0x0000000002f46238]
Event: 25.469 Thread 0x000000001758a000 1704       3       java.util.Formatter$Flags::contains (22 bytes)
Event: 25.469 Thread 0x0000000017583800 1705       4       java.nio.Buffer::clear (20 bytes)
Event: 25.470 Thread 0x000000001758a000 nmethod 1704 0x0000000002f45c50 code [0x0000000002f45dc0, 0x0000000002f45fd0]
Event: 25.470 Thread 0x000000001758a000 1706  s    3       java.io.BufferedOutputStream::flush (12 bytes)
Event: 25.470 Thread 0x0000000017583800 nmethod 1705 0x0000000002f44550 code [0x0000000002f44680, 0x0000000002f446f8]
Event: 25.470 Thread 0x000000001758a000 nmethod 1706 0x0000000002f43d50 code [0x0000000002f43ee0, 0x0000000002f443d8]
Event: 25.470 Thread 0x000000001758a000 1707       3       java.io.BufferedOutputStream::flushBuffer (29 bytes)
Event: 25.471 Thread 0x000000001758a000 nmethod 1707 0x0000000002f43890 code [0x0000000002f43a00, 0x0000000002f43c88]

GC Heap History (2 events):
Event: 4.671 GC heap before
{Heap before GC invocations=1 (full 0):
 PSYoungGen      total 38400K, used 33280K [0x00000000d5c00000, 0x00000000d8680000, 0x0000000100000000)
  eden space 33280K, 100% used [0x00000000d5c00000,0x00000000d7c80000,0x00000000d7c80000)
  from space 5120K, 0% used [0x00000000d8180000,0x00000000d8180000,0x00000000d8680000)
  to   space 5120K, 0% used [0x00000000d7c80000,0x00000000d7c80000,0x00000000d8180000)
 ParOldGen       total 87552K, used 0K [0x0000000081400000, 0x0000000086980000, 0x00000000d5c00000)
  object space 87552K, 0% used [0x0000000081400000,0x0000000081400000,0x0000000086980000)
 Metaspace       used 15794K, capacity 16052K, committed 16384K, reserved 1062912K
  class space    used 1910K, capacity 2004K, committed 2048K, reserved 1048576K
Event: 4.690 GC heap after
Heap after GC invocations=1 (full 0):
 PSYoungGen      total 38400K, used 5096K [0x00000000d5c00000, 0x00000000d8680000, 0x0000000100000000)
  eden space 33280K, 0% used [0x00000000d5c00000,0x00000000d5c00000,0x00000000d7c80000)
  from space 5120K, 99% used [0x00000000d7c80000,0x00000000d817a2c0,0x00000000d8180000)
  to   space 5120K, 0% used [0x00000000d8180000,0x00000000d8180000,0x00000000d8680000)
 ParOldGen       total 87552K, used 2794K [0x0000000081400000, 0x0000000086980000, 0x00000000d5c00000)
  object space 87552K, 3% used [0x0000000081400000,0x00000000816babf0,0x0000000086980000)
 Metaspace       used 15794K, capacity 16052K, committed 16384K, reserved 1062912K
  class space    used 1910K, capacity 2004K, committed 2048K, reserved 1048576K
}

Deoptimization events (10 events):
Event: 3.250 Thread 0x0000000019a8b000 Uncommon trap: reason=class_check action=maybe_recompile pc=0x0000000002dba864 method=java.util.regex.Pattern$Curly.match(Ljava/util/regex/Matcher;ILjava/lang/CharSequence;)Z @ 19
Event: 3.250 Thread 0x0000000019a8b000 Uncommon trap: reason=class_check action=maybe_recompile pc=0x0000000002dba864 method=java.util.regex.Pattern$Curly.match(Ljava/util/regex/Matcher;ILjava/lang/CharSequence;)Z @ 19
Event: 3.711 Thread 0x0000000019a77000 Uncommon trap: reason=unstable_if action=reinterpret pc=0x0000000002d8f3a8 method=sun.security.provider.DigestBase.engineUpdate([BII)V @ 35
Event: 4.170 Thread 0x0000000019c8a000 Uncommon trap: reason=bimorphic action=maybe_recompile pc=0x0000000002d84764 method=java.util.regex.Pattern$BmpCharProperty.match(Ljava/util/regex/Matcher;ILjava/lang/CharSequence;)Z @ 16
Event: 4.170 Thread 0x0000000019c8a000 Uncommon trap: reason=bimorphic action=maybe_recompile pc=0x0000000002d84764 method=java.util.regex.Pattern$BmpCharProperty.match(Ljava/util/regex/Matcher;ILjava/lang/CharSequence;)Z @ 16
Event: 4.171 Thread 0x0000000019c8a800 Uncommon trap: reason=bimorphic action=maybe_recompile pc=0x0000000002d84764 method=java.util.regex.Pattern$BmpCharProperty.match(Ljava/util/regex/Matcher;ILjava/lang/CharSequence;)Z @ 16
Event: 4.171 Thread 0x0000000019c8a800 Uncommon trap: reason=bimorphic action=maybe_recompile pc=0x0000000002d84764 method=java.util.regex.Pattern$BmpCharProperty.match(Ljava/util/regex/Matcher;ILjava/lang/CharSequence;)Z @ 16
Event: 4.580 Thread 0x00000000198d9000 Uncommon trap: reason=unstable_if action=reinterpret pc=0x0000000002d23ae0 method=sun.awt.image.GifImageDecoder.sendPixels(IIII[BLjava/awt/image/ColorModel;)I @ 112
Event: 6.919 Thread 0x00000000198d9000 Uncommon trap: reason=unstable_if action=reinterpret pc=0x0000000002e4bd84 method=sun.awt.image.GifImageDecoder.sendPixels(IIII[BLjava/awt/image/ColorModel;)I @ 321
Event: 6.919 Thread 0x00000000198d9000 Uncommon trap: reason=unstable_if action=reinterpret pc=0x0000000002d1dca0 method=sun.awt.image.GifImageDecoder.sendPixels(IIII[BLjava/awt/image/ColorModel;)I @ 321

Internal exceptions (10 events):
Event: 0.344 Thread 0x0000000002912800 Exception <a 'java/lang/NoSuchFieldError': method resolution failed> (0x00000000d5ecebb8) thrown at [C:\re\workspace\8-2-build-windows-amd64-cygwin\jdk8u111\7883\hotspot\src\share\vm\prims\methodHandles.cpp, line 1146]
Event: 0.350 Thread 0x0000000002912800 Exception <a 'java/lang/NoSuchFieldError': method resolution failed> (0x00000000d5edbf88) thrown at [C:\re\workspace\8-2-build-windows-amd64-cygwin\jdk8u111\7883\hotspot\src\share\vm\prims\methodHandles.cpp, line 1146]
Event: 0.458 Thread 0x0000000019849000 Exception <a 'java/io/FileNotFoundException'> (0x00000000d6170c50) thrown at [C:\re\workspace\8-2-build-windows-amd64-cygwin\jdk8u111\7883\hotspot\src\share\vm\prims\jni.cpp, line 709]
Event: 1.092 Thread 0x00000000198d9000 Exception <a 'java/lang/InterruptedException': sleep interrupted> (0x00000000d6643ca8) thrown at [C:\re\workspace\8-2-build-windows-amd64-cygwin\jdk8u111\7883\hotspot\src\share\vm\prims\jvm.cpp, line 3176]
Event: 4.087 Thread 0x0000000019a77000 Exception <a 'java/io/FileNotFoundException'> (0x00000000d784d548) thrown at [C:\re\workspace\8-2-build-windows-amd64-cygwin\jdk8u111\7883\hotspot\src\share\vm\prims\jni.cpp, line 709]
Event: 4.114 Thread 0x0000000019a77000 Exception <a 'java/io/FileNotFoundException'> (0x00000000d7863de0) thrown at [C:\re\workspace\8-2-build-windows-amd64-cygwin\jdk8u111\7883\hotspot\src\share\vm\prims\jni.cpp, line 709]
Event: 4.115 Thread 0x0000000019a77000 Exception <a 'java/io/FileNotFoundException'> (0x00000000d7875d50) thrown at [C:\re\workspace\8-2-build-windows-amd64-cygwin\jdk8u111\7883\hotspot\src\share\vm\prims\jni.cpp, line 709]
Event: 4.140 Thread 0x0000000019a77000 Exception <a 'java/io/FileNotFoundException'> (0x00000000d788c0b8) thrown at [C:\re\workspace\8-2-build-windows-amd64-cygwin\jdk8u111\7883\hotspot\src\share\vm\prims\jni.cpp, line 709]
Event: 4.141 Thread 0x0000000019a8b000 Exception <a 'java/io/FileNotFoundException'> (0x00000000d7626d18) thrown at [C:\re\workspace\8-2-build-windows-amd64-cygwin\jdk8u111\7883\hotspot\src\share\vm\prims\jni.cpp, line 709]
Event: 4.169 Thread 0x0000000019a8b000 Exception <a 'java/io/FileNotFoundException'> (0x00000000d763d080) thrown at [C:\re\workspace\8-2-build-windows-amd64-cygwin\jdk8u111\7883\hotspot\src\share\vm\prims\jni.cpp, line 709]

Events (10 events):
Event: 17.290 Thread 0x0000000019c66000 Thread added: 0x0000000019c66000
Event: 19.549 Thread 0x0000000019849000 DEOPT PACKING pc=0x0000000002e286fa sp=0x000000001a4be490
Event: 19.549 Thread 0x0000000019849000 DEOPT UNPACKING pc=0x0000000002a5787f sp=0x000000001a4be1a8 mode 0
Event: 21.344 Thread 0x0000000019c6b000 Thread exited: 0x0000000019c6b000
Event: 21.374 Thread 0x0000000019c66000 Thread exited: 0x0000000019c66000
Event: 21.382 Thread 0x0000000019c69800 Thread added: 0x0000000019c69800
Event: 21.390 Thread 0x0000000019c64800 Thread added: 0x0000000019c64800
Event: 24.422 Thread 0x0000000019c69800 Thread exited: 0x0000000019c69800
Event: 24.444 Thread 0x0000000019c69800 Thread added: 0x0000000019c69800
Event: 25.467 Thread 0x0000000019c64800 Thread exited: 0x0000000019c64800


Dynamic libraries:
0x00007ff76c2a0000 - 0x00007ff76c2d7000 	C:\Program Files\Java\jdk1.8.0_111\bin\java.exe
0x00007ffb03df0000 - 0x00007ffb03fe5000 	C:\WINDOWS\SYSTEM32\ntdll.dll
0x00007ffb034c0000 - 0x00007ffb0357d000 	C:\WINDOWS\System32\KERNEL32.DLL
0x00007ffb018c0000 - 0x00007ffb01b87000 	C:\WINDOWS\System32\KERNELBASE.dll
0x00007ffb03930000 - 0x00007ffb039da000 	C:\WINDOWS\System32\ADVAPI32.dll
0x00007ffb03580000 - 0x00007ffb0361e000 	C:\WINDOWS\System32\msvcrt.dll
0x00007ffb02d60000 - 0x00007ffb02dfb000 	C:\WINDOWS\System32\sechost.dll
0x00007ffb02070000 - 0x00007ffb02194000 	C:\WINDOWS\System32\RPCRT4.dll
0x00007ffb02260000 - 0x00007ffb02400000 	C:\WINDOWS\System32\USER32.dll
0x00007ffb015e0000 - 0x00007ffb01602000 	C:\WINDOWS\System32\win32u.dll
0x00007ffb02e00000 - 0x00007ffb02e2a000 	C:\WINDOWS\System32\GDI32.dll
0x00007ffb016b0000 - 0x00007ffb017b9000 	C:\WINDOWS\System32\gdi32full.dll
0x00007ffb01610000 - 0x00007ffb016ad000 	C:\WINDOWS\System32\msvcp_win.dll
0x00007ffb017c0000 - 0x00007ffb018c0000 	C:\WINDOWS\System32\ucrtbase.dll
0x00007ffaec370000 - 0x00007ffaec60b000 	C:\WINDOWS\WinSxS\amd64_microsoft.windows.common-controls_6595b64144ccf1df_6.0.19041.488_none_ca04af081b815d21\COMCTL32.dll
0x00007ffb02d30000 - 0x00007ffb02d60000 	C:\WINDOWS\System32\IMM32.DLL
0x0000000057f60000 - 0x0000000058032000 	C:\Program Files\Java\jdk1.8.0_111\jre\bin\msvcr100.dll
0x00000000576c0000 - 0x0000000057f5a000 	C:\Program Files\Java\jdk1.8.0_111\jre\bin\server\jvm.dll
0x00007ffb03d40000 - 0x00007ffb03d48000 	C:\WINDOWS\System32\PSAPI.DLL
0x00007ffaecad0000 - 0x00007ffaecaf7000 	C:\WINDOWS\SYSTEM32\WINMM.dll
0x00007ffae7b30000 - 0x00007ffae7b39000 	C:\WINDOWS\SYSTEM32\WSOCK32.dll
0x00007ffb03450000 - 0x00007ffb034bb000 	C:\WINDOWS\System32\WS2_32.dll
0x00007ffafc440000 - 0x00007ffafc44a000 	C:\WINDOWS\SYSTEM32\VERSION.dll
0x00000000576b0000 - 0x00000000576bf000 	C:\Program Files\Java\jdk1.8.0_111\jre\bin\verify.dll
0x0000000057680000 - 0x00000000576a9000 	C:\Program Files\Java\jdk1.8.0_111\jre\bin\java.dll
0x0000000057660000 - 0x0000000057676000 	C:\Program Files\Java\jdk1.8.0_111\jre\bin\zip.dll
0x00007ffb02400000 - 0x00007ffb02b41000 	C:\WINDOWS\System32\SHELL32.dll
0x00007ffaff670000 - 0x00007ffaffe03000 	C:\WINDOWS\SYSTEM32\windows.storage.dll
0x00007ffb039e0000 - 0x00007ffb03d35000 	C:\WINDOWS\System32\combase.dll
0x00007ffb00e00000 - 0x00007ffb00e2c000 	C:\WINDOWS\SYSTEM32\Wldp.dll
0x00007ffb02b50000 - 0x00007ffb02bfe000 	C:\WINDOWS\System32\SHCORE.dll
0x00007ffb02cd0000 - 0x00007ffb02d25000 	C:\WINDOWS\System32\shlwapi.dll
0x00007ffb01460000 - 0x00007ffb01486000 	C:\WINDOWS\SYSTEM32\profapi.dll
0x0000000057480000 - 0x0000000057618000 	C:\Program Files\Java\jdk1.8.0_111\jre\bin\awt.dll
0x00007ffb02c00000 - 0x00007ffb02ccd000 	C:\WINDOWS\System32\OLEAUT32.dll
0x00007ffafee80000 - 0x00007ffafef10000 	C:\WINDOWS\SYSTEM32\apphelp.dll
0x00007ffafefb0000 - 0x00007ffaff04f000 	C:\WINDOWS\system32\uxtheme.dll
0x00007ffb02eb0000 - 0x00007ffb02fc5000 	C:\WINDOWS\System32\MSCTF.dll
0x00007ffb01e50000 - 0x00007ffb01f79000 	C:\WINDOWS\System32\ole32.dll
0x00007ffaff470000 - 0x00007ffaff483000 	C:\WINDOWS\SYSTEM32\kernel.appcore.dll
0x00007ffb01560000 - 0x00007ffb015df000 	C:\WINDOWS\System32\bcryptPrimitives.dll
0x00007ffaff360000 - 0x00007ffaff38f000 	C:\WINDOWS\system32\DWMAPI.DLL
0x00000000573f0000 - 0x0000000057437000 	C:\Program Files\Java\jdk1.8.0_111\jre\bin\fontmanager.dll
0x0000000057640000 - 0x000000005765a000 	C:\Program Files\Java\jdk1.8.0_111\jre\bin\net.dll
0x00007ffb00bf0000 - 0x00007ffb00c5a000 	C:\WINDOWS\system32\mswsock.dll
0x0000000057620000 - 0x0000000057631000 	C:\Program Files\Java\jdk1.8.0_111\jre\bin\nio.dll
0x00000000573a0000 - 0x00000000573e2000 	C:\Program Files\Java\jdk1.8.0_111\jre\bin\t2k.dll
0x00007ffb021b0000 - 0x00007ffb02258000 	C:\WINDOWS\System32\clbcatq.dll
0x00007ffafa660000 - 0x00007ffafa814000 	C:\WINDOWS\SYSTEM32\WindowsCodecs.dll
0x00007ffb01530000 - 0x00007ffb01557000 	C:\WINDOWS\System32\bcrypt.dll
0x00007ffad59d0000 - 0x00007ffad5a0e000 	C:\WINDOWS\system32\dataexchange.dll
0x00007ffafe240000 - 0x00007ffafe425000 	C:\WINDOWS\system32\dcomp.dll
0x00007ffafd750000 - 0x00007ffafd9b3000 	C:\WINDOWS\system32\d3d11.dll
0x00007ffaffe50000 - 0x00007ffafff43000 	C:\WINDOWS\system32\dxgi.dll
0x00007ffafad80000 - 0x00007ffafaf87000 	C:\WINDOWS\system32\twinapi.appcore.dll
0x00007ffaf4220000 - 0x00007ffaf431d000 	C:\WINDOWS\SYSTEM32\textinputframework.dll
0x00007ffafeb10000 - 0x00007ffafec02000 	C:\WINDOWS\System32\CoreMessaging.dll
0x00007ffafe7b0000 - 0x00007ffafeb0a000 	C:\WINDOWS\System32\CoreUIComponents.dll
0x00007ffafe0e0000 - 0x00007ffafe236000 	C:\WINDOWS\SYSTEM32\wintypes.dll
0x00007ffb00240000 - 0x00007ffb00273000 	C:\WINDOWS\SYSTEM32\ntmarta.dll
0x0000000069340000 - 0x00000000693c5000 	C:\Users\monirozzamanroni\AppData\Local\Temp\sqlite-3.7.2-sqlitejdbc.dll
0x0000000057330000 - 0x0000000057354000 	C:\Program Files\Java\jdk1.8.0_111\jre\bin\sunec.dll
0x00007ffb00900000 - 0x00007ffb0093b000 	C:\WINDOWS\SYSTEM32\IPHLPAPI.DLL
0x00007ffb021a0000 - 0x00007ffb021a9000 	C:\WINDOWS\System32\NSI.dll
0x00007ffafbb30000 - 0x00007ffafbb47000 	C:\WINDOWS\SYSTEM32\dhcpcsvc6.DLL
0x00007ffafbb10000 - 0x00007ffafbb2d000 	C:\WINDOWS\SYSTEM32\dhcpcsvc.DLL
0x00007ffb00940000 - 0x00007ffb00a0b000 	C:\WINDOWS\SYSTEM32\DNSAPI.dll
0x00007ffb01140000 - 0x00007ffb01158000 	C:\WINDOWS\SYSTEM32\CRYPTSP.dll
0x00007ffb005a0000 - 0x00007ffb005d4000 	C:\WINDOWS\system32\rsaenh.dll
0x00007ffb01420000 - 0x00007ffb0144e000 	C:\WINDOWS\SYSTEM32\USERENV.dll
0x00007ffb00d70000 - 0x00007ffb00d7c000 	C:\WINDOWS\SYSTEM32\CRYPTBASE.dll
0x0000000180000000 - 0x0000000180025000 	C:\Program Files\Java\jdk1.8.0_111\jre\bin\rxtxSerial.dll
0x00007ffaec610000 - 0x00007ffaec7f4000 	C:\WINDOWS\SYSTEM32\dbghelp.dll

VM Arguments:
jvm_args: -Dfile.encoding=UTF-8 
java_command: auto.recharge.system.Login
java_class_path (initial): C:\Program Files\NetBeans 8.2\java\modules\ext\AbsoluteLayout.jar;C:\Program Files\NetBeans 8.2\java\modules\ext\eclipselink\eclipselink.jar;C:\Program Files\NetBeans 8.2\java\modules\ext\eclipselink\javax.persistence_2.1.0.v201304241213.jar;C:\Program Files\NetBeans 8.2\java\modules\ext\eclipselink\org.eclipse.persistence.jpa.jpql_2.5.2.v20140319-9ad6abd.jar;D:\Project\Java GUI\Auto Recharge System\Core\Auto-Recharge-System\lib\zxing-1.7-javase.jar;D:\Project\Java GUI\Auto Recharge System\Core\Auto-Recharge-System\lib\zxing-core-2.0.jar;D:\Project\Java GUI\Auto Recharge System\Core\Auto-Recharge-System\lib\mail-1.4.7.jar;D:\Project\Java GUI\Auto Recharge System\Core\Auto-Recharge-System\lib\sqlite-jdbc-3.7.2.jar;D:\Project\Java GUI\Auto Recharge System\Core\Auto-Recharge-System\lib\aes-encryption-1.0-SNAPSHOT.jar;D:\Project\Java GUI\Auto Recharge System\Core\Auto-Recharge-System\lib\itextpdf-5.5.9.jar;D:\Project\Java GUI\Auto Recharge System\jar file\jcalendar-1.4\lib\jcalendar-1.4.jar;D:\Project\Java GUI\Auto Recharge System\Core\Auto-Recharge-System\lib\swingx-action-1.6.5-1.jar;D:\Project\Java GUI\Auto Recharge System\Core\Auto-Recharge-System\lib\swingx-autocomplete-1.6.5-1.jar;D:\Project\Java GUI\Auto Recharge System\Core\Auto-Recharge-System\lib\swingx-common-1.6.5-1.jar;D:\Project\Java GUI\Auto Recharge System\Core\Auto-Recharge-System\lib\swingx-core-1.6.5-1.jar;D:\Project\Java GUI\Auto Recharge System\Core\Auto-Recharge-System\lib\swingx-graphics-1.6.5-1.jar;D:\Project\Java GUI\Auto Recharge System\Core\Auto-Recharge-System\lib\swingx-painters-1.6.5-1.jar;D:\Project\Java GUI\Auto Recharge System\Core\Auto-Recharge-System\lib\swingx-plaf-1.6.5-1.jar;D:\Project\Java GUI\Auto Recharge System\Core\Auto-Recharge-System\lib\json-simple-1.1.1.jar;D:\Project\Java GUI\Auto Recharge System\Core\Auto-Recharge-System\lib\RXTXcomm.jar;D:\Project\Java GUI\Auto Recharge System\Core\Auto-Recharge-System\lib\rxtx-comm.jar;D:\Project\Java GUI\Au
Launcher Type: SUN_STANDARD

Environment Variables:
JAVA_HOME=C:\Program Files\Java\jre1.8.0_261
PATH=C:\Program Files (x86)\Common Files\Oracle\Java\javapath;C:\Program Files (x86)\Common Files\Intel\Shared Libraries\redist\intel64\compiler;C:\WINDOWS\system32;C:\WINDOWS;C:\WINDOWS\System32\Wbem;C:\WINDOWS\System32\WindowsPowerShell\v1.0\;C:\Program Files\Git\cmd;C:\Program Files\apache-maven-3.6.2\bin;C:\Program Files\nodejs\;C:\WINDOWS\System32\OpenSSH\;C:\Users\monirozzamanroni\AppData\Local\Programs\Python\Python37\Scripts\;C:\Program Files\Java\jre1.8.0_261\bin;C:\Users\monirozzamanroni\AppData\Roaming\npm;C:\Users\monirozzamanroni\AppData\Local\Microsoft\WindowsApps;C:\Program Files (x86)\Inno Setup 6;C:\Users\monirozzamanroni\AppData\Local\Microsoft\WindowsApps;;C:\Program Files\JetBrains\IntelliJ IDEA 2020.2.2\bin;
USERNAME=monirozzamanroni
OS=Windows_NT
PROCESSOR_IDENTIFIER=Intel64 Family 6 Model 158 Stepping 9, GenuineIntel



---------------  S Y S T E M  ---------------

OS: Windows 10.0 , 64 bit Build 19041 (10.0.19041.292)

CPU:total 4 (4 cores per cpu, 1 threads per core) family 6 model 158 stepping 9, cmov, cx8, fxsr, mmx, sse, sse2, sse3, ssse3, sse4.1, sse4.2, popcnt, avx, avx2, aes, clmul, erms, rtm, 3dnowpref, lzcnt, tsc, tscinvbit, bmi1, bmi2, adx

Memory: 4k page, physical 8299840k(2677112k free), swap 28324160k(20979844k free)

vm_info: Java HotSpot(TM) 64-Bit Server VM (25.111-b14) for windows-amd64 JRE (1.8.0_111-b14), built on Sep 22 2016 19:24:05 by "java_re" with MS VC++ 10.0 (VS2010)

time: Thu Oct 08 21:47:13 2020
elapsed time: 25 seconds (0d 0h 0m 25s)

