#
# A fatal error has been detected by the Java Runtime Environment:
#
#  EXCEPTION_ACCESS_VIOLATION (0xc0000005) at pc=0x00000001800087dd, pid=17084, tid=0x000000000000303c
#
# JRE version: Java(TM) SE Runtime Environment (8.0_111-b14) (build 1.8.0_111-b14)
# Java VM: Java HotSpot(TM) 64-Bit Server VM (25.111-b14 mixed mode windows-amd64 compressed oops)
# Problematic frame:
# C  [rxtxSerial.dll+0x87dd]
#
# Failed to write core dump. Minidumps are not enabled by default on client versions of Windows
#
# If you would like to submit a bug report, please visit:
#   http://bugreport.java.com/bugreport/crash.jsp
# The crash happened outside the Java Virtual Machine in native code.
# See problematic frame for where to report the bug.
#

---------------  T H R E A D  ---------------

Current thread (0x00000000193dd000):  JavaThread "Thread-2" daemon [_thread_in_native, id=12348, stack(0x000000001c600000,0x000000001c700000)]

siginfo: ExceptionCode=0xc0000005, writing address 0x0000000000000100

Registers:
RAX=0x0000000000000000, RBX=0x000000001c797720, RCX=0x0000000000000002, RDX=0x0000000000000000
RSP=0x000000001c6febf0, RBP=0x000000001c6fee68, RSI=0x00000000189a5a6a, RDI=0x000000001c797b70
R8 =0x0000000000000000, R9 =0x0000000000000000, R10=0x0000000000000000, R11=0x0000000000000001
R12=0x000000001c6fee70, R13=0x000000001c593598, R14=0x000000001c6fee70, R15=0x00000000193dd000
RIP=0x00000001800087dd, EFLAGS=0x0000000000010202

Top of Stack: (sp=0x000000001c6febf0)
0x000000001c6febf0:   000000001c797720 00000000189a5a60
0x000000001c6fec00:   00000000193dd000 000000000000000a
0x000000001c6fec10:   00000000189a5a60 000000018000aab4
0x000000001c6fec20:   00000000193dd1f8 0000000000000106
0x000000001c6fec30:   000000001c593598 000000001c6fee70
0x000000001c6fec40:   0000000019683b00 00000000189a5a60
0x000000001c6fec50:   000000001c6fee68 000000018000b7fe
0x000000001c6fec60:   0000000000000009 000000001c593598
0x000000001c6fec70:   00000000193dd1f8 0000000000000000
0x000000001c6fec80:   00000000193dd000 0000000000000000
0x000000001c6fec90:   00009c070de22c05 000000007fffffdb
0x000000001c6feca0:   000000001c6fed30 0000000000000042
0x000000001c6fecb0:   00000000193dd1f8 0000000000000000
0x000000001c6fecc0:   00000000189a5a60 000000018000213d
0x000000001c6fecd0:   000000001c6fee68 000000018001c0b0
0x000000001c6fece0:   0000000000000000 0000000180000000 

Instructions: (pc=0x00000001800087dd)
0x00000001800087bd:   00 00 7e 3d 48 8b 87 08 01 00 00 48 89 bb 00 01
0x00000001800087cd:   00 00 48 89 83 08 01 00 00 48 8b 87 08 01 00 00
0x00000001800087dd:   48 89 98 00 01 00 00 48 89 9f 08 01 00 00 48 8b
0x00000001800087ed:   c3 48 8b 5c 24 30 48 8b 74 24 38 48 83 c4 20 5f 


Register to memory mapping:

RAX=0x0000000000000000 is an unknown value
RBX=0x000000001c797720 is an unknown value
RCX=0x0000000000000002 is an unknown value
RDX=0x0000000000000000 is an unknown value
RSP=0x000000001c6febf0 is pointing into the stack for thread: 0x00000000193dd000
RBP=0x000000001c6fee68 is pointing into the stack for thread: 0x00000000193dd000
RSI=0x00000000189a5a6a is an unknown value
RDI=0x000000001c797b70 is an unknown value
R8 =0x0000000000000000 is an unknown value
R9 =0x0000000000000000 is an unknown value
R10=0x0000000000000000 is an unknown value
R11=0x0000000000000001 is an unknown value
R12=0x000000001c6fee70 is pointing into the stack for thread: 0x00000000193dd000
R13=0x000000001c593598 is pointing into metadata
R14=0x000000001c6fee70 is pointing into the stack for thread: 0x00000000193dd000
R15=0x00000000193dd000 is a thread


Stack: [0x000000001c600000,0x000000001c700000],  sp=0x000000001c6febf0,  free space=1018k
Native frames: (J=compiled Java code, j=interpreted, Vv=VM code, C=native code)
C  [rxtxSerial.dll+0x87dd]
C  [rxtxSerial.dll+0xaab4]
C  [rxtxSerial.dll+0x213d]
C  0x0000000002478a77

Java frames: (J=compiled Java code, j=interpreted, Vv=VM code)
j  gnu.io.RXTXPort.open(Ljava/lang/String;)I+0
j  gnu.io.RXTXPort.<init>(Ljava/lang/String;)V+125
j  gnu.io.RXTXCommDriver.getCommPort(Ljava/lang/String;I)Lgnu/io/CommPort;+78
j  gnu.io.CommPortIdentifier.open(Ljava/lang/String;I)Lgnu/io/CommPort;+171
j  auto.recharge.system.config.RunningModemPort.run()V+135
v  ~StubRoutines::call_stub

---------------  P R O C E S S  ---------------

Java Threads: ( => current thread )
  0x00000000193e4000 JavaThread "Thread-9" daemon [_thread_in_native, id=10128, stack(0x000000001cda0000,0x000000001cea0000)]
  0x00000000193e0800 JavaThread "Thread-7" daemon [_thread_blocked, id=13480, stack(0x000000001cba0000,0x000000001cca0000)]
  0x00000000193e1800 JavaThread "Thread-6" daemon [_thread_blocked, id=2156, stack(0x000000001caa0000,0x000000001cba0000)]
  0x00000000193e0000 JavaThread "Thread-5" daemon [_thread_blocked, id=7872, stack(0x000000001c9a0000,0x000000001caa0000)]
  0x00000000193dd800 JavaThread "Thread-4" daemon [_thread_blocked, id=11696, stack(0x000000001c8a0000,0x000000001c9a0000)]
  0x00000000193e3000 JavaThread "Thread-3" daemon [_thread_in_native, id=11580, stack(0x000000001c7a0000,0x000000001c8a0000)]
=>0x00000000193dd000 JavaThread "Thread-2" daemon [_thread_in_native, id=12348, stack(0x000000001c600000,0x000000001c700000)]
  0x00000000193df000 JavaThread "SwingWorker-pool-1-thread-6" daemon [_thread_blocked, id=5204, stack(0x000000001c2e0000,0x000000001c3e0000)]
  0x00000000193de800 JavaThread "SwingWorker-pool-1-thread-5" daemon [_thread_blocked, id=8152, stack(0x000000001c1e0000,0x000000001c2e0000)]
  0x00000000193dc000 JavaThread "SwingWorker-pool-1-thread-4" daemon [_thread_blocked, id=1900, stack(0x000000001c0e0000,0x000000001c1e0000)]
  0x00000000193d4000 JavaThread "SwingWorker-pool-1-thread-3" daemon [_thread_blocked, id=10304, stack(0x000000001bfe0000,0x000000001c0e0000)]
  0x00000000193d3800 JavaThread "SwingWorker-pool-1-thread-2" daemon [_thread_blocked, id=15888, stack(0x000000001bee0000,0x000000001bfe0000)]
  0x000000001937d000 JavaThread "SwingWorker-pool-1-thread-1" daemon [_thread_blocked, id=13224, stack(0x000000001bde0000,0x000000001bee0000)]
  0x0000000019247000 JavaThread "Image Animator 3" daemon [_thread_blocked, id=10316, stack(0x000000001a770000,0x000000001a870000)]
  0x0000000019242800 JavaThread "TimerQueue" daemon [_thread_blocked, id=456, stack(0x000000001a670000,0x000000001a770000)]
  0x0000000002362800 JavaThread "DestroyJavaVM" [_thread_blocked, id=17152, stack(0x0000000002260000,0x0000000002360000)]
  0x0000000019196000 JavaThread "AWT-EventQueue-0" [_thread_blocked, id=6680, stack(0x0000000019d80000,0x0000000019e80000)]
  0x0000000018b3d000 JavaThread "AWT-Windows" daemon [_thread_in_native, id=12012, stack(0x0000000019a80000,0x0000000019b80000)]
  0x0000000019193800 JavaThread "AWT-Shutdown" [_thread_blocked, id=6264, stack(0x0000000019980000,0x0000000019a80000)]
  0x0000000019193000 JavaThread "Java2D Disposer" daemon [_thread_blocked, id=2144, stack(0x0000000019880000,0x0000000019980000)]
  0x0000000018748000 JavaThread "Service Thread" daemon [_thread_blocked, id=2628, stack(0x0000000018d40000,0x0000000018e40000)]
  0x000000001702e000 JavaThread "C1 CompilerThread2" daemon [_thread_blocked, id=10704, stack(0x0000000018c40000,0x0000000018d40000)]
  0x000000001702d800 JavaThread "C2 CompilerThread1" daemon [_thread_blocked, id=8728, stack(0x0000000018b40000,0x0000000018c40000)]
  0x0000000016fdb000 JavaThread "C2 CompilerThread0" daemon [_thread_blocked, id=16432, stack(0x0000000018640000,0x0000000018740000)]
  0x0000000016fd9800 JavaThread "Attach Listener" daemon [_thread_blocked, id=10160, stack(0x0000000018540000,0x0000000018640000)]
  0x0000000016fd8800 JavaThread "Signal Dispatcher" daemon [_thread_blocked, id=2088, stack(0x0000000018440000,0x0000000018540000)]
  0x000000000245d800 JavaThread "Finalizer" daemon [_thread_blocked, id=8472, stack(0x0000000018240000,0x0000000018340000)]
  0x0000000002452000 JavaThread "Reference Handler" daemon [_thread_blocked, id=2244, stack(0x0000000018140000,0x0000000018240000)]

Other Threads:
  0x0000000016f96800 VMThread [stack: 0x0000000018040000,0x0000000018140000] [id=648]
  0x000000001877c800 WatcherThread [stack: 0x0000000018e40000,0x0000000018f40000] [id=12708]

VM state:not at safepoint (normal execution)

VM Mutex/Monitor currently owned by a thread: None

Heap:
 PSYoungGen      total 38400K, used 13494K [0x00000000d5c00000, 0x00000000d8680000, 0x0000000100000000)
  eden space 33280K, 25% used [0x00000000d5c00000,0x00000000d6433590,0x00000000d7c80000)
  from space 5120K, 99% used [0x00000000d7c80000,0x00000000d817a2e0,0x00000000d8180000)
  to   space 5120K, 0% used [0x00000000d8180000,0x00000000d8180000,0x00000000d8680000)
 ParOldGen       total 87552K, used 2332K [0x0000000081400000, 0x0000000086980000, 0x00000000d5c00000)
  object space 87552K, 2% used [0x0000000081400000,0x0000000081647238,0x0000000086980000)
 Metaspace       used 15968K, capacity 16188K, committed 16384K, reserved 1062912K
  class space    used 1911K, capacity 2004K, committed 2048K, reserved 1048576K

Card table byte_map: [0x0000000011820000,0x0000000011c20000] byte_map_base: 0x0000000011416000

Marking Bits: (ParMarkBitMap*) 0x000000006f83a6c0
 Begin Bits: [0x00000000122d0000, 0x0000000014280000)
 End Bits:   [0x0000000014280000, 0x0000000016230000)

Polling page: 0x0000000000550000

CodeCache: size=245760Kb used=4990Kb max_used=4991Kb free=240769Kb
 bounds [0x0000000002460000, 0x0000000002950000, 0x0000000011460000]
 total_blobs=2167 nmethods=1611 adapters=468
 compilation: enabled

Compilation events (10 events):
Event: 10.769 Thread 0x000000001702e000 1605       3       java.util.Formatter$Flags::contains (22 bytes)
Event: 10.770 Thread 0x000000001702e000 nmethod 1605 0x0000000002940050 code [0x00000000029401c0, 0x00000000029403d0]
Event: 10.770 Thread 0x000000001702e000 1606       3       java.lang.String::subSequence (7 bytes)
Event: 10.770 Thread 0x000000001702d800 1607       4       java.util.regex.Pattern$Single::isSatisfiedBy (14 bytes)
Event: 10.771 Thread 0x000000001702e000 nmethod 1606 0x0000000002940490 code [0x0000000002940600, 0x0000000002940808]
Event: 10.771 Thread 0x000000001702e000 1608       3       java.util.regex.Matcher::group (112 bytes)
Event: 10.772 Thread 0x000000001702d800 nmethod 1607 0x000000000291ea90 code [0x000000000291ebc0, 0x000000000291ec38]
Event: 10.773 Thread 0x000000001702e000 nmethod 1608 0x0000000002941fd0 code [0x0000000002942200, 0x0000000002942f68]
Event: 10.773 Thread 0x000000001702e000 1609       3       java.util.regex.Matcher::groupCount (10 bytes)
Event: 10.773 Thread 0x000000001702e000 nmethod 1609 0x0000000002941c90 code [0x0000000002941de0, 0x0000000002941f30]

GC Heap History (2 events):
Event: 6.626 GC heap before
{Heap before GC invocations=1 (full 0):
 PSYoungGen      total 38400K, used 33280K [0x00000000d5c00000, 0x00000000d8680000, 0x0000000100000000)
  eden space 33280K, 100% used [0x00000000d5c00000,0x00000000d7c80000,0x00000000d7c80000)
  from space 5120K, 0% used [0x00000000d8180000,0x00000000d8180000,0x00000000d8680000)
  to   space 5120K, 0% used [0x00000000d7c80000,0x00000000d7c80000,0x00000000d8180000)
 ParOldGen       total 87552K, used 0K [0x0000000081400000, 0x0000000086980000, 0x00000000d5c00000)
  object space 87552K, 0% used [0x0000000081400000,0x0000000081400000,0x0000000086980000)
 Metaspace       used 15808K, capacity 16060K, committed 16384K, reserved 1062912K
  class space    used 1900K, capacity 2004K, committed 2048K, reserved 1048576K
Event: 6.643 GC heap after
Heap after GC invocations=1 (full 0):
 PSYoungGen      total 38400K, used 5096K [0x00000000d5c00000, 0x00000000d8680000, 0x0000000100000000)
  eden space 33280K, 0% used [0x00000000d5c00000,0x00000000d5c00000,0x00000000d7c80000)
  from space 5120K, 99% used [0x00000000d7c80000,0x00000000d817a2e0,0x00000000d8180000)
  to   space 5120K, 0% used [0x00000000d8180000,0x00000000d8180000,0x00000000d8680000)
 ParOldGen       total 87552K, used 2332K [0x0000000081400000, 0x0000000086980000, 0x00000000d5c00000)
  object space 87552K, 2% used [0x0000000081400000,0x0000000081647238,0x0000000086980000)
 Metaspace       used 15808K, capacity 16060K, committed 16384K, reserved 1062912K
  class space    used 1900K, capacity 2004K, committed 2048K, reserved 1048576K
}

Deoptimization events (10 events):
Event: 5.099 Thread 0x00000000193d4000 Uncommon trap: reason=class_check action=maybe_recompile pc=0x000000000283cca4 method=java.util.regex.Pattern$Curly.match(Ljava/util/regex/Matcher;ILjava/lang/CharSequence;)Z @ 19
Event: 5.192 Thread 0x00000000193dc000 Uncommon trap: reason=class_check action=maybe_recompile pc=0x00000000027b31bc method=java.security.MessageDigest$Delegate.engineUpdate(B)V @ 5
Event: 6.054 Thread 0x0000000019247000 Uncommon trap: reason=unstable_if action=reinterpret pc=0x00000000027a5cd8 method=sun.awt.image.GifImageDecoder.sendPixels(IIII[BLjava/awt/image/ColorModel;)I @ 112
Event: 6.820 Thread 0x00000000193e1800 Uncommon trap: reason=bimorphic action=maybe_recompile pc=0x000000000280baf8 method=java.util.regex.Pattern$BmpCharProperty.match(Ljava/util/regex/Matcher;ILjava/lang/CharSequence;)Z @ 16
Event: 6.820 Thread 0x00000000193e3000 Uncommon trap: reason=bimorphic action=maybe_recompile pc=0x000000000280baf8 method=java.util.regex.Pattern$BmpCharProperty.match(Ljava/util/regex/Matcher;ILjava/lang/CharSequence;)Z @ 16
Event: 6.820 Thread 0x00000000193e3000 Uncommon trap: reason=bimorphic action=maybe_recompile pc=0x000000000280baf8 method=java.util.regex.Pattern$BmpCharProperty.match(Ljava/util/regex/Matcher;ILjava/lang/CharSequence;)Z @ 16
Event: 6.820 Thread 0x00000000193e1800 Uncommon trap: reason=bimorphic action=maybe_recompile pc=0x000000000280baf8 method=java.util.regex.Pattern$BmpCharProperty.match(Ljava/util/regex/Matcher;ILjava/lang/CharSequence;)Z @ 16
Event: 6.820 Thread 0x00000000193dd800 Uncommon trap: reason=bimorphic action=maybe_recompile pc=0x000000000280baf8 method=java.util.regex.Pattern$BmpCharProperty.match(Ljava/util/regex/Matcher;ILjava/lang/CharSequence;)Z @ 16
Event: 8.511 Thread 0x0000000019247000 Uncommon trap: reason=unstable_if action=reinterpret pc=0x00000000028c8fd0 method=sun.awt.image.GifImageDecoder.sendPixels(IIII[BLjava/awt/image/ColorModel;)I @ 321
Event: 8.511 Thread 0x0000000019247000 Uncommon trap: reason=unstable_if action=reinterpret pc=0x000000000279fee8 method=sun.awt.image.GifImageDecoder.sendPixels(IIII[BLjava/awt/image/ColorModel;)I @ 321

Internal exceptions (10 events):
Event: 6.646 Thread 0x000000001937d000 Exception <a 'java/io/FileNotFoundException'> (0x00000000d5da97b0) thrown at [C:\re\workspace\8-2-build-windows-amd64-cygwin\jdk8u111\7883\hotspot\src\share\vm\prims\jni.cpp, line 709]
Event: 6.707 Thread 0x000000001937d000 Exception <a 'java/io/FileNotFoundException'> (0x00000000d5dbfab8) thrown at [C:\re\workspace\8-2-build-windows-amd64-cygwin\jdk8u111\7883\hotspot\src\share\vm\prims\jni.cpp, line 709]
Event: 6.707 Thread 0x00000000193df000 Exception <a 'java/io/FileNotFoundException'> (0x00000000d5f127f8) thrown at [C:\re\workspace\8-2-build-windows-amd64-cygwin\jdk8u111\7883\hotspot\src\share\vm\prims\jni.cpp, line 709]
Event: 6.741 Thread 0x00000000193df000 Exception <a 'java/io/FileNotFoundException'> (0x00000000d5f28b00) thrown at [C:\re\workspace\8-2-build-windows-amd64-cygwin\jdk8u111\7883\hotspot\src\share\vm\prims\jni.cpp, line 709]
Event: 6.742 Thread 0x00000000193d4000 Exception <a 'java/io/FileNotFoundException'> (0x00000000d5f675f0) thrown at [C:\re\workspace\8-2-build-windows-amd64-cygwin\jdk8u111\7883\hotspot\src\share\vm\prims\jni.cpp, line 709]
Event: 6.773 Thread 0x00000000193d4000 Exception <a 'java/io/FileNotFoundException'> (0x00000000d5f7d8f8) thrown at [C:\re\workspace\8-2-build-windows-amd64-cygwin\jdk8u111\7883\hotspot\src\share\vm\prims\jni.cpp, line 709]
Event: 6.774 Thread 0x00000000193de800 Exception <a 'java/io/FileNotFoundException'> (0x00000000d5fcea40) thrown at [C:\re\workspace\8-2-build-windows-amd64-cygwin\jdk8u111\7883\hotspot\src\share\vm\prims\jni.cpp, line 709]
Event: 6.796 Thread 0x00000000193de800 Exception <a 'java/io/FileNotFoundException'> (0x00000000d5fe4d48) thrown at [C:\re\workspace\8-2-build-windows-amd64-cygwin\jdk8u111\7883\hotspot\src\share\vm\prims\jni.cpp, line 709]
Event: 6.797 Thread 0x00000000193d3800 Exception <a 'java/io/FileNotFoundException'> (0x00000000d6021da0) thrown at [C:\re\workspace\8-2-build-windows-amd64-cygwin\jdk8u111\7883\hotspot\src\share\vm\prims\jni.cpp, line 709]
Event: 6.819 Thread 0x00000000193d3800 Exception <a 'java/io/FileNotFoundException'> (0x00000000d60380a8) thrown at [C:\re\workspace\8-2-build-windows-amd64-cygwin\jdk8u111\7883\hotspot\src\share\vm\prims\jni.cpp, line 709]

Events (10 events):
Event: 8.652 Thread 0x0000000019247000 DEOPT PACKING pc=0x000000000291861c sp=0x000000001a86e4e0
Event: 8.652 Thread 0x0000000019247000 DEOPT UNPACKING pc=0x00000000024a787f sp=0x000000001a86e238 mode 0
Event: 8.768 Thread 0x0000000019247000 DEOPT PACKING pc=0x00000000028df92d sp=0x000000001a86eca0
Event: 8.768 Thread 0x0000000019247000 DEOPT UNPACKING pc=0x00000000024a787f sp=0x000000001a86ea38 mode 0
Event: 8.798 Executing VM operation: RevokeBias
Event: 8.798 Executing VM operation: RevokeBias done
Event: 8.803 Thread 0x00000000193e4000 Thread added: 0x00000000193e4000
Event: 9.862 Thread 0x00000000193e2000 Thread exited: 0x00000000193e2000
Event: 10.771 Executing VM operation: RevokeBias
Event: 10.772 Executing VM operation: RevokeBias done


Dynamic libraries:
0x00007ff77c660000 - 0x00007ff77c697000 	C:\Program Files\Java\jdk1.8.0_111\bin\java.exe
0x00007ffa4c470000 - 0x00007ffa4c665000 	C:\WINDOWS\SYSTEM32\ntdll.dll
0x00007ffa4add0000 - 0x00007ffa4ae8d000 	C:\WINDOWS\System32\KERNEL32.DLL
0x00007ffa49db0000 - 0x00007ffa4a077000 	C:\WINDOWS\System32\KERNELBASE.dll
0x00007ffa4bbc0000 - 0x00007ffa4bc6a000 	C:\WINDOWS\System32\ADVAPI32.dll
0x00007ffa4b800000 - 0x00007ffa4b89e000 	C:\WINDOWS\System32\msvcrt.dll
0x00007ffa4c260000 - 0x00007ffa4c2fb000 	C:\WINDOWS\System32\sechost.dll
0x00007ffa4c300000 - 0x00007ffa4c424000 	C:\WINDOWS\System32\RPCRT4.dll
0x00007ffa4b660000 - 0x00007ffa4b800000 	C:\WINDOWS\System32\USER32.dll
0x00007ffa49bb0000 - 0x00007ffa49bd2000 	C:\WINDOWS\System32\win32u.dll
0x00007ffa4c220000 - 0x00007ffa4c24a000 	C:\WINDOWS\System32\GDI32.dll
0x00007ffa4a260000 - 0x00007ffa4a369000 	C:\WINDOWS\System32\gdi32full.dll
0x00007ffa4a1c0000 - 0x00007ffa4a25d000 	C:\WINDOWS\System32\msvcp_win.dll
0x00007ffa49be0000 - 0x00007ffa49ce0000 	C:\WINDOWS\System32\ucrtbase.dll
0x00007ffa34e00000 - 0x00007ffa3509b000 	C:\WINDOWS\WinSxS\amd64_microsoft.windows.common-controls_6595b64144ccf1df_6.0.19041.488_none_ca04af081b815d21\COMCTL32.dll
0x00007ffa4bc70000 - 0x00007ffa4bca0000 	C:\WINDOWS\System32\IMM32.DLL
0x000000006f8c0000 - 0x000000006f992000 	C:\Program Files\Java\jdk1.8.0_111\jre\bin\msvcr100.dll
0x000000006f020000 - 0x000000006f8ba000 	C:\Program Files\Java\jdk1.8.0_111\jre\bin\server\jvm.dll
0x00007ffa4c250000 - 0x00007ffa4c258000 	C:\WINDOWS\System32\PSAPI.DLL
0x00007ffa44c20000 - 0x00007ffa44c2a000 	C:\WINDOWS\SYSTEM32\VERSION.dll
0x00007ffa331d0000 - 0x00007ffa331f7000 	C:\WINDOWS\SYSTEM32\WINMM.dll
0x00007ffa32ca0000 - 0x00007ffa32ca9000 	C:\WINDOWS\SYSTEM32\WSOCK32.dll
0x00007ffa4b9c0000 - 0x00007ffa4ba2b000 	C:\WINDOWS\System32\WS2_32.dll
0x000000006f010000 - 0x000000006f01f000 	C:\Program Files\Java\jdk1.8.0_111\jre\bin\verify.dll
0x000000006efe0000 - 0x000000006f009000 	C:\Program Files\Java\jdk1.8.0_111\jre\bin\java.dll
0x000000006efc0000 - 0x000000006efd6000 	C:\Program Files\Java\jdk1.8.0_111\jre\bin\zip.dll
0x00007ffa4a4d0000 - 0x00007ffa4ac11000 	C:\WINDOWS\System32\SHELL32.dll
0x00007ffa47cf0000 - 0x00007ffa48483000 	C:\WINDOWS\SYSTEM32\windows.storage.dll
0x00007ffa4b2a0000 - 0x00007ffa4b5f5000 	C:\WINDOWS\System32\combase.dll
0x00007ffa49480000 - 0x00007ffa494ac000 	C:\WINDOWS\SYSTEM32\Wldp.dll
0x00007ffa4bb10000 - 0x00007ffa4bbbe000 	C:\WINDOWS\System32\SHCORE.dll
0x00007ffa4acf0000 - 0x00007ffa4ad45000 	C:\WINDOWS\System32\shlwapi.dll
0x00007ffa49ae0000 - 0x00007ffa49b06000 	C:\WINDOWS\SYSTEM32\profapi.dll
0x000000006ede0000 - 0x000000006ef78000 	C:\Program Files\Java\jdk1.8.0_111\jre\bin\awt.dll
0x00007ffa4ac20000 - 0x00007ffa4aced000 	C:\WINDOWS\System32\OLEAUT32.dll
0x00007ffa47560000 - 0x00007ffa475f0000 	C:\WINDOWS\SYSTEM32\apphelp.dll
0x00007ffa47630000 - 0x00007ffa476cf000 	C:\WINDOWS\system32\uxtheme.dll
0x00007ffa4b8a0000 - 0x00007ffa4b9b5000 	C:\WINDOWS\System32\MSCTF.dll
0x00007ffa4b170000 - 0x00007ffa4b299000 	C:\WINDOWS\System32\ole32.dll
0x00007ffa47a10000 - 0x00007ffa47a23000 	C:\WINDOWS\SYSTEM32\kernel.appcore.dll
0x00007ffa49ce0000 - 0x00007ffa49d5f000 	C:\WINDOWS\System32\bcryptPrimitives.dll
0x00007ffa479e0000 - 0x00007ffa47a0f000 	C:\WINDOWS\system32\DWMAPI.DLL
0x000000006ed50000 - 0x000000006ed97000 	C:\Program Files\Java\jdk1.8.0_111\jre\bin\fontmanager.dll
0x000000006efa0000 - 0x000000006efba000 	C:\Program Files\Java\jdk1.8.0_111\jre\bin\net.dll
0x00007ffa49270000 - 0x00007ffa492da000 	C:\WINDOWS\system32\mswsock.dll
0x000000006ef80000 - 0x000000006ef91000 	C:\Program Files\Java\jdk1.8.0_111\jre\bin\nio.dll
0x000000006ed00000 - 0x000000006ed42000 	C:\Program Files\Java\jdk1.8.0_111\jre\bin\t2k.dll
0x00007ffa4b0c0000 - 0x00007ffa4b168000 	C:\WINDOWS\System32\clbcatq.dll
0x00007ffa42a10000 - 0x00007ffa42bc4000 	C:\WINDOWS\SYSTEM32\WindowsCodecs.dll
0x00007ffa4a130000 - 0x00007ffa4a157000 	C:\WINDOWS\System32\bcrypt.dll
0x00007ffa2e9d0000 - 0x00007ffa2ea0e000 	C:\WINDOWS\system32\dataexchange.dll
0x00007ffa459b0000 - 0x00007ffa45c13000 	C:\WINDOWS\system32\d3d11.dll
0x00007ffa46920000 - 0x00007ffa46b05000 	C:\WINDOWS\system32\dcomp.dll
0x00007ffa484d0000 - 0x00007ffa485c3000 	C:\WINDOWS\system32\dxgi.dll
0x00007ffa42cb0000 - 0x00007ffa42eb7000 	C:\WINDOWS\system32\twinapi.appcore.dll
0x00007ffa40e00000 - 0x00007ffa40efd000 	C:\WINDOWS\SYSTEM32\textinputframework.dll
0x00007ffa471f0000 - 0x00007ffa472e2000 	C:\WINDOWS\System32\CoreMessaging.dll
0x00007ffa46e90000 - 0x00007ffa471ea000 	C:\WINDOWS\System32\CoreUIComponents.dll
0x00007ffa488c0000 - 0x00007ffa488f3000 	C:\WINDOWS\SYSTEM32\ntmarta.dll
0x00007ffa467c0000 - 0x00007ffa46916000 	C:\WINDOWS\SYSTEM32\wintypes.dll
0x0000000069340000 - 0x00000000693c5000 	C:\Users\monirozzamanroni\AppData\Local\Temp\sqlite-3.7.2-sqlitejdbc.dll
0x000000006ec50000 - 0x000000006ec74000 	C:\Program Files\Java\jdk1.8.0_111\jre\bin\sunec.dll
0x00007ffa48f80000 - 0x00007ffa48fbb000 	C:\WINDOWS\SYSTEM32\IPHLPAPI.DLL
0x00007ffa4c210000 - 0x00007ffa4c219000 	C:\WINDOWS\System32\NSI.dll
0x00007ffa43900000 - 0x00007ffa43917000 	C:\WINDOWS\SYSTEM32\dhcpcsvc6.DLL
0x00007ffa437e0000 - 0x00007ffa437fd000 	C:\WINDOWS\SYSTEM32\dhcpcsvc.DLL
0x00007ffa48fc0000 - 0x00007ffa4908b000 	C:\WINDOWS\SYSTEM32\DNSAPI.dll
0x00007ffa497b0000 - 0x00007ffa497c8000 	C:\WINDOWS\SYSTEM32\CRYPTSP.dll
0x00007ffa48c20000 - 0x00007ffa48c54000 	C:\WINDOWS\system32\rsaenh.dll
0x00007ffa49aa0000 - 0x00007ffa49ace000 	C:\WINDOWS\SYSTEM32\USERENV.dll
0x00007ffa493f0000 - 0x00007ffa493fc000 	C:\WINDOWS\SYSTEM32\CRYPTBASE.dll
0x0000000180000000 - 0x0000000180025000 	C:\Program Files\Java\jdk1.8.0_111\jre\bin\rxtxSerial.dll
0x00007ffa35220000 - 0x00007ffa35404000 	C:\WINDOWS\SYSTEM32\dbghelp.dll

VM Arguments:
jvm_args: -Dfile.encoding=UTF-8 
java_command: auto.recharge.system.Login
java_class_path (initial): C:\Program Files\NetBeans 8.2\java\modules\ext\AbsoluteLayout.jar;C:\Program Files\NetBeans 8.2\java\modules\ext\eclipselink\eclipselink.jar;C:\Program Files\NetBeans 8.2\java\modules\ext\eclipselink\javax.persistence_2.1.0.v201304241213.jar;C:\Program Files\NetBeans 8.2\java\modules\ext\eclipselink\org.eclipse.persistence.jpa.jpql_2.5.2.v20140319-9ad6abd.jar;D:\Project\Java GUI\Auto Recharge System\Core\Auto-Recharge-System\lib\zxing-1.7-javase.jar;D:\Project\Java GUI\Auto Recharge System\Core\Auto-Recharge-System\lib\zxing-core-2.0.jar;D:\Project\Java GUI\Auto Recharge System\Core\Auto-Recharge-System\lib\mail-1.4.7.jar;D:\Project\Java GUI\Auto Recharge System\Core\Auto-Recharge-System\lib\sqlite-jdbc-3.7.2.jar;D:\Project\Java GUI\Auto Recharge System\Core\Auto-Recharge-System\lib\aes-encryption-1.0-SNAPSHOT.jar;D:\Project\Java GUI\Auto Recharge System\Core\Auto-Recharge-System\lib\itextpdf-5.5.9.jar;D:\Project\Java GUI\Auto Recharge System\jar file\jcalendar-1.4\lib\jcalendar-1.4.jar;D:\Project\Java GUI\Auto Recharge System\Core\Auto-Recharge-System\lib\swingx-action-1.6.5-1.jar;D:\Project\Java GUI\Auto Recharge System\Core\Auto-Recharge-System\lib\swingx-autocomplete-1.6.5-1.jar;D:\Project\Java GUI\Auto Recharge System\Core\Auto-Recharge-System\lib\swingx-common-1.6.5-1.jar;D:\Project\Java GUI\Auto Recharge System\Core\Auto-Recharge-System\lib\swingx-core-1.6.5-1.jar;D:\Project\Java GUI\Auto Recharge System\Core\Auto-Recharge-System\lib\swingx-graphics-1.6.5-1.jar;D:\Project\Java GUI\Auto Recharge System\Core\Auto-Recharge-System\lib\swingx-painters-1.6.5-1.jar;D:\Project\Java GUI\Auto Recharge System\Core\Auto-Recharge-System\lib\swingx-plaf-1.6.5-1.jar;D:\Project\Java GUI\Auto Recharge System\Core\Auto-Recharge-System\lib\json-simple-1.1.1.jar;D:\Project\Java GUI\Auto Recharge System\Core\Auto-Recharge-System\lib\RXTXcomm.jar;D:\Project\Java GUI\Auto Recharge System\Core\Auto-Recharge-System\lib\rxtx-comm.jar;D:\Project\Java GUI\Au
Launcher Type: SUN_STANDARD

Environment Variables:
JAVA_HOME=C:\Program Files\Java\jre1.8.0_261
PATH=C:\Program Files (x86)\Common Files\Oracle\Java\javapath;C:\Program Files (x86)\Common Files\Intel\Shared Libraries\redist\intel64\compiler;C:\WINDOWS\system32;C:\WINDOWS;C:\WINDOWS\System32\Wbem;C:\WINDOWS\System32\WindowsPowerShell\v1.0\;C:\Program Files\Git\cmd;C:\Program Files\apache-maven-3.6.2\bin;C:\Program Files\nodejs\;C:\WINDOWS\System32\OpenSSH\;C:\Users\monirozzamanroni\AppData\Local\Programs\Python\Python37\Scripts\;C:\Program Files\Java\jre1.8.0_261\bin;C:\Users\monirozzamanroni\AppData\Roaming\npm;C:\Users\monirozzamanroni\AppData\Local\Microsoft\WindowsApps;C:\Program Files (x86)\Inno Setup 6;C:\Users\monirozzamanroni\AppData\Local\Microsoft\WindowsApps;;C:\Program Files\JetBrains\IntelliJ IDEA 2020.2.2\bin;
USERNAME=monirozzamanroni
OS=Windows_NT
PROCESSOR_IDENTIFIER=Intel64 Family 6 Model 158 Stepping 9, GenuineIntel



---------------  S Y S T E M  ---------------

OS: Windows 10.0 , 64 bit Build 19041 (10.0.19041.292)

CPU:total 4 (4 cores per cpu, 1 threads per core) family 6 model 158 stepping 9, cmov, cx8, fxsr, mmx, sse, sse2, sse3, ssse3, sse4.1, sse4.2, popcnt, avx, avx2, aes, clmul, erms, rtm, 3dnowpref, lzcnt, tsc, tscinvbit, bmi1, bmi2, adx

Memory: 4k page, physical 8299840k(2144328k free), swap 28324160k(20264064k free)

vm_info: Java HotSpot(TM) 64-Bit Server VM (25.111-b14) for windows-amd64 JRE (1.8.0_111-b14), built on Sep 22 2016 19:24:05 by "java_re" with MS VC++ 10.0 (VS2010)

time: Wed Oct 07 18:28:56 2020
elapsed time: 10 seconds (0d 0h 0m 10s)

