#
# A fatal error has been detected by the Java Runtime Environment:
#
#  EXCEPTION_ACCESS_VIOLATION (0xc0000005) at pc=0x000000006936dab1, pid=5364, tid=0x000000000000055c
#
# JRE version: Java(TM) SE Runtime Environment (8.0_111-b14) (build 1.8.0_111-b14)
# Java VM: Java HotSpot(TM) 64-Bit Server VM (25.111-b14 mixed mode windows-amd64 compressed oops)
# Problematic frame:
# C  [sqlite-3.7.2-sqlitejdbc.dll+0x2dab1]
#
# Failed to write core dump. Minidumps are not enabled by default on client versions of Windows
#
# If you would like to submit a bug report, please visit:
#   http://bugreport.java.com/bugreport/crash.jsp
# The crash happened outside the Java Virtual Machine in native code.
# See problematic frame for where to report the bug.
#

---------------  T H R E A D  ---------------

Current thread (0x000000001913e800):  JavaThread "AWT-EventQueue-0" [_thread_in_native, id=1372, stack(0x0000000019c90000,0x0000000019d90000)]

siginfo: ExceptionCode=0xc0000005, reading address 0x0000000000000058

Registers:
RAX=0x0000000000000000, RBX=0x000000001e6f85b8, RCX=0x0000000000000000, RDX=0x0000000000000000
RSP=0x0000000019d8c260, RBP=0x0000000019d8c3a8, RSI=0x0000000000000000, RDI=0x0000000071050720
R8 =0x000000001e6f85b8, R9 =0x0000000000000000, R10=0x0000000002418a4b, R11=0x000000007113b580
R12=0x0000000000000000, R13=0x000000001b459b70, R14=0x0000000019d8c3e0, R15=0x000000001913e800
RIP=0x000000006936dab1, EFLAGS=0x0000000000010206

Top of Stack: (sp=0x0000000019d8c260)
0x0000000019d8c260:   0000000019d8c2e0 000000000240835d
0x0000000019d8c270:   000000001b459b70 000000001e6f85b8
0x0000000019d8c280:   000000001e6f85b8 000000006936e31d
0x0000000019d8c290:   0000000019d8c358 000000007114cc2f
0x0000000019d8c2a0:   0000000019d8c358 0000000019d8c3a8
0x0000000019d8c2b0:   0000000019d8c3a8 000000001913e9f8
0x0000000019d8c2c0:   0000000000000000 000000006934245c
0x0000000019d8c2d0:   00000000190eb0b8 000000001913e800
0x0000000019d8c2e0:   000000000000000f 000000000273820c
0x0000000019d8c2f0:   000000001b459b70 000000000000000f
0x0000000019d8c300:   00000000d5c0d0f0 0000000002418a77
0x0000000019d8c310:   0000000019d8c310 000000001b470308
0x0000000019d8c320:   00000000d5c0d0f0 000000000241881f
0x0000000019d8c330:   000000001913e800 000000001b459b70
0x0000000019d8c340:   0000000000000000 0000000019d8c360
0x0000000019d8c350:   00000000024187d9 0000000000000003 

Instructions: (pc=0x000000006936dab1)
0x000000006936da91:   20 48 89 cb 48 85 c9 74 20 8b 91 90 00 00 00 48
0x000000006936daa1:   8b 09 e8 b9 fb ff ff 89 83 90 00 00 00 48 8b 03
0x000000006936dab1:   48 8b 48 58 e8 c8 5e fd ff 48 83 c4 20 5b c3 48
0x000000006936dac1:   83 ec 78 48 89 5c 24 38 48 89 74 24 40 48 89 7c 


Register to memory mapping:

RAX=0x0000000000000000 is an unknown value
RBX=0x000000001e6f85b8 is an unknown value
RCX=0x0000000000000000 is an unknown value
RDX=0x0000000000000000 is an unknown value
RSP=0x0000000019d8c260 is pointing into the stack for thread: 0x000000001913e800
RBP=0x0000000019d8c3a8 is pointing into the stack for thread: 0x000000001913e800
RSI=0x0000000000000000 is an unknown value
RDI=0x0000000071050720 is an unknown value
R8 =0x000000001e6f85b8 is an unknown value
R9 =0x0000000000000000 is an unknown value
R10=0x0000000002418a4b is at code_begin+1227 in an Interpreter codelet
method entry point (kind = native_synchronized)  [0x0000000002418580, 0x0000000002419060]  2784 bytes
R11=0x000000007113b580 is an unknown value
R12=0x0000000000000000 is an unknown value
R13={method} {0x000000001b459b78} 'column_text' '(JI)Ljava/lang/String;' in 'org/sqlite/NativeDB'
R14=0x0000000019d8c3e0 is pointing into the stack for thread: 0x000000001913e800
R15=0x000000001913e800 is a thread


Stack: [0x0000000019c90000,0x0000000019d90000],  sp=0x0000000019d8c260,  free space=1008k
Native frames: (J=compiled Java code, j=interpreted, Vv=VM code, C=native code)
C  [sqlite-3.7.2-sqlitejdbc.dll+0x2dab1]

Java frames: (J=compiled Java code, j=interpreted, Vv=VM code)
j  org.sqlite.NativeDB.column_text(JI)Ljava/lang/String;+0
j  org.sqlite.RS.getString(I)Ljava/lang/String;+16
j  org.sqlite.RS.getString(Ljava/lang/String;)Ljava/lang/String;+6
j  auto.recharge.system.Home.searchItemsByPhoneNumberInRechargePanel(Ljava/lang/String;)Ljava/util/Set;+44
j  auto.recharge.system.Home.getMobileNumberKeyReleased(Ljava/awt/event/KeyEvent;)V+35
j  auto.recharge.system.Home.access$2700(Lauto/recharge/system/Home;Ljava/awt/event/KeyEvent;)V+2
j  auto.recharge.system.Home$15.keyReleased(Ljava/awt/event/KeyEvent;)V+5
j  java.awt.AWTEventMulticaster.keyReleased(Ljava/awt/event/KeyEvent;)V+8
j  java.awt.Component.processKeyEvent(Ljava/awt/event/KeyEvent;)V+62
j  javax.swing.JComponent.processKeyEvent(Ljava/awt/event/KeyEvent;)V+2
J 2732 C1 java.awt.Component.processEvent(Ljava/awt/AWTEvent;)V (220 bytes) @ 0x000000000290e51c [0x000000000290cf00+0x161c]
J 2731 C1 java.awt.Container.processEvent(Ljava/awt/AWTEvent;)V (22 bytes) @ 0x00000000025b710c [0x00000000025b6de0+0x32c]
J 2727 C1 java.awt.Component.dispatchEventImpl(Ljava/awt/AWTEvent;)V (883 bytes) @ 0x0000000002a7965c [0x0000000002a74180+0x54dc]
J 2638 C1 java.awt.Container.dispatchEventImpl(Ljava/awt/AWTEvent;)V (129 bytes) @ 0x0000000002619f84 [0x0000000002619e40+0x144]
J 2670 C1 java.awt.Component.dispatchEvent(Ljava/awt/AWTEvent;)V (6 bytes) @ 0x0000000002851f44 [0x0000000002851e40+0x104]
j  java.awt.KeyboardFocusManager.redispatchEvent(Ljava/awt/Component;Ljava/awt/AWTEvent;)V+7
j  java.awt.DefaultKeyboardFocusManager.dispatchKeyEvent(Ljava/awt/event/KeyEvent;)Z+63
j  java.awt.DefaultKeyboardFocusManager.preDispatchKeyEvent(Ljava/awt/event/KeyEvent;)Z+137
j  java.awt.DefaultKeyboardFocusManager.typeAheadAssertions(Ljava/awt/Component;Ljava/awt/AWTEvent;)Z+166
J 2730 C1 java.awt.DefaultKeyboardFocusManager.dispatchEvent(Ljava/awt/AWTEvent;)Z (1589 bytes) @ 0x0000000002bded54 [0x0000000002bce440+0x10914]
J 2727 C1 java.awt.Component.dispatchEventImpl(Ljava/awt/AWTEvent;)V (883 bytes) @ 0x0000000002a7593c [0x0000000002a74180+0x17bc]
J 2638 C1 java.awt.Container.dispatchEventImpl(Ljava/awt/AWTEvent;)V (129 bytes) @ 0x0000000002619f84 [0x0000000002619e40+0x144]
J 2713 C1 java.awt.Window.dispatchEventImpl(Ljava/awt/AWTEvent;)V (23 bytes) @ 0x0000000002abfa64 [0x0000000002abf480+0x5e4]
J 1623 C1 java.awt.EventQueue.dispatchEventImpl(Ljava/awt/AWTEvent;Ljava/lang/Object;)V (149 bytes) @ 0x00000000028d7ebc [0x00000000028d6680+0x183c]
J 1551 C1 java.awt.EventQueue$3.run()Ljava/lang/Void; (60 bytes) @ 0x000000000289534c [0x0000000002895140+0x20c]
J 1550 C1 java.awt.EventQueue$3.run()Ljava/lang/Object; (5 bytes) @ 0x0000000002894dcc [0x0000000002894d40+0x8c]
v  ~StubRoutines::call_stub
J 840  java.security.AccessController.doPrivileged(Ljava/security/PrivilegedAction;Ljava/security/AccessControlContext;)Ljava/lang/Object; (0 bytes) @ 0x00000000026cd466 [0x00000000026cd400+0x66]
J 1891 C1 java.awt.EventQueue$4.run()Ljava/lang/Object; (5 bytes) @ 0x000000000299acac [0x000000000299a880+0x42c]
v  ~StubRoutines::call_stub
J 840  java.security.AccessController.doPrivileged(Ljava/security/PrivilegedAction;Ljava/security/AccessControlContext;)Ljava/lang/Object; (0 bytes) @ 0x00000000026cd466 [0x00000000026cd400+0x66]
J 1395 C1 java.awt.EventQueue.dispatchEvent(Ljava/awt/AWTEvent;)V (80 bytes) @ 0x000000000283133c [0x00000000028304c0+0xe7c]
J 1434 C1 java.awt.EventDispatchThread.pumpOneEventForFilters(I)V (295 bytes) @ 0x0000000002848824 [0x0000000002846cc0+0x1b64]
j  java.awt.EventDispatchThread.pumpEventsForFilter(ILjava/awt/Conditional;Ljava/awt/EventFilter;)V+35
j  java.awt.EventDispatchThread.pumpEventsForHierarchy(ILjava/awt/Conditional;Ljava/awt/Component;)V+11
j  java.awt.EventDispatchThread.pumpEvents(ILjava/awt/Conditional;)V+4
j  java.awt.EventDispatchThread.pumpEvents(Ljava/awt/Conditional;)V+3
j  java.awt.EventDispatchThread.run()V+9
v  ~StubRoutines::call_stub

---------------  P R O C E S S  ---------------

Java Threads: ( => current thread )
  0x000000001957d000 JavaThread "SwingWorker-pool-1-thread-2" daemon [_thread_in_native, id=13052, stack(0x000000001bd20000,0x000000001be20000)]
  0x0000000018b68800 JavaThread "SwingWorker-pool-1-thread-1" daemon [_thread_blocked, id=5944, stack(0x000000001a580000,0x000000001a680000)]
  0x0000000019306800 JavaThread "TimerQueue" daemon [_thread_blocked, id=10784, stack(0x000000001b220000,0x000000001b320000)]
  0x0000000002302800 JavaThread "DestroyJavaVM" [_thread_blocked, id=10284, stack(0x0000000002200000,0x0000000002300000)]
=>0x000000001913e800 JavaThread "AWT-EventQueue-0" [_thread_in_native, id=1372, stack(0x0000000019c90000,0x0000000019d90000)]
  0x000000001913b800 JavaThread "AWT-Windows" daemon [_thread_in_native, id=15920, stack(0x0000000019a10000,0x0000000019b10000)]
  0x00000000190e9000 JavaThread "AWT-Shutdown" [_thread_blocked, id=1768, stack(0x0000000019910000,0x0000000019a10000)]
  0x00000000190e8000 JavaThread "Java2D Disposer" daemon [_thread_blocked, id=648, stack(0x0000000019810000,0x0000000019910000)]
  0x0000000018900800 JavaThread "Service Thread" daemon [_thread_blocked, id=4048, stack(0x0000000018cd0000,0x0000000018dd0000)]
  0x0000000016f73000 JavaThread "C1 CompilerThread2" daemon [_thread_blocked, id=7760, stack(0x00000000187d0000,0x00000000188d0000)]
  0x0000000016f6c000 JavaThread "C2 CompilerThread1" daemon [_thread_blocked, id=3616, stack(0x00000000186d0000,0x00000000187d0000)]
  0x0000000016f7b800 JavaThread "C2 CompilerThread0" daemon [_thread_blocked, id=10692, stack(0x00000000185d0000,0x00000000186d0000)]
  0x0000000016f7a000 JavaThread "Attach Listener" daemon [_thread_blocked, id=11972, stack(0x00000000184d0000,0x00000000185d0000)]
  0x0000000016f78800 JavaThread "Signal Dispatcher" daemon [_thread_blocked, id=2460, stack(0x00000000183d0000,0x00000000184d0000)]
  0x0000000016f5a800 JavaThread "Finalizer" daemon [_thread_blocked, id=3124, stack(0x00000000181d0000,0x00000000182d0000)]
  0x00000000023f0800 JavaThread "Reference Handler" daemon [_thread_blocked, id=13568, stack(0x00000000180d0000,0x00000000181d0000)]

Other Threads:
  0x0000000016f37800 VMThread [stack: 0x0000000017fd0000,0x00000000180d0000] [id=16256]
  0x0000000016fb1000 WatcherThread [stack: 0x0000000018dd0000,0x0000000018ed0000] [id=16100]

VM state:not at safepoint (normal execution)

VM Mutex/Monitor currently owned by a thread: None

Heap:
 PSYoungGen      total 38400K, used 6552K [0x00000000d5c00000, 0x00000000d8680000, 0x0000000100000000)
  eden space 33280K, 4% used [0x00000000d5c00000,0x00000000d5d689e0,0x00000000d7c80000)
  from space 5120K, 99% used [0x00000000d8180000,0x00000000d867d878,0x00000000d8680000)
  to   space 5120K, 0% used [0x00000000d7c80000,0x00000000d7c80000,0x00000000d8180000)
 ParOldGen       total 87552K, used 14820K [0x0000000081400000, 0x0000000086980000, 0x00000000d5c00000)
  object space 87552K, 16% used [0x0000000081400000,0x00000000822792d8,0x0000000086980000)
 Metaspace       used 19897K, capacity 20182K, committed 20480K, reserved 1067008K
  class space    used 2461K, capacity 2551K, committed 2560K, reserved 1048576K

Card table byte_map: [0x00000000117c0000,0x0000000011bc0000] byte_map_base: 0x00000000113b6000

Marking Bits: (ParMarkBitMap*) 0x000000007172a6c0
 Begin Bits: [0x0000000012270000, 0x0000000014220000)
 End Bits:   [0x0000000014220000, 0x00000000161d0000)

Polling page: 0x0000000000880000

CodeCache: size=245760Kb used=8151Kb max_used=8165Kb free=237608Kb
 bounds [0x0000000002400000, 0x0000000002c10000, 0x0000000011400000]
 total_blobs=3102 nmethods=2525 adapters=488
 compilation: enabled

Compilation events (10 events):
Event: 56.110 Thread 0x0000000016f73000 2809       3       java.text.SimpleDateFormat::encode (95 bytes)
Event: 56.112 Thread 0x0000000016f73000 nmethod 2809 0x0000000002bf5a50 code [0x0000000002bf5da0, 0x0000000002bf7a78]
Event: 56.112 Thread 0x0000000016f73000 2808       3       sun.awt.im.InputContext::dispatchEvent (173 bytes)
Event: 56.113 Thread 0x0000000016f73000 nmethod 2808 0x0000000002bf8c90 code [0x0000000002bf8fe0, 0x0000000002bfb328]
Event: 56.113 Thread 0x0000000016f73000 2811       3       java.awt.font.FontRenderContext::equals (127 bytes)
Event: 56.114 Thread 0x0000000016f73000 nmethod 2811 0x0000000002bfbc50 code [0x0000000002bfbf00, 0x0000000002bfd218]
Event: 56.115 Thread 0x0000000016f6c000 nmethod 2810 0x0000000002c00910 code [0x0000000002c00a80, 0x0000000002c01058]
Event: 56.178 Thread 0x0000000016f7b800 2812       4       java.lang.Character::toLowerCase (9 bytes)
Event: 56.179 Thread 0x0000000016f7b800 nmethod 2812 0x0000000002c003d0 code [0x0000000002c005e0, 0x0000000002c00738]
Event: 56.198 Thread 0x0000000016f6c000 2813       4       java.lang.String::toLowerCase (439 bytes)

GC Heap History (4 events):
Event: 39.050 GC heap before
{Heap before GC invocations=1 (full 0):
 PSYoungGen      total 38400K, used 33280K [0x00000000d5c00000, 0x00000000d8680000, 0x0000000100000000)
  eden space 33280K, 100% used [0x00000000d5c00000,0x00000000d7c80000,0x00000000d7c80000)
  from space 5120K, 0% used [0x00000000d8180000,0x00000000d8180000,0x00000000d8680000)
  to   space 5120K, 0% used [0x00000000d7c80000,0x00000000d7c80000,0x00000000d8180000)
 ParOldGen       total 87552K, used 0K [0x0000000081400000, 0x0000000086980000, 0x00000000d5c00000)
  object space 87552K, 0% used [0x0000000081400000,0x0000000081400000,0x0000000086980000)
 Metaspace       used 16498K, capacity 16772K, committed 17024K, reserved 1064960K
  class space    used 1966K, capacity 2068K, committed 2176K, reserved 1048576K
Event: 39.058 GC heap after
Heap after GC invocations=1 (full 0):
 PSYoungGen      total 38400K, used 5104K [0x00000000d5c00000, 0x00000000d8680000, 0x0000000100000000)
  eden space 33280K, 0% used [0x00000000d5c00000,0x00000000d5c00000,0x00000000d7c80000)
  from space 5120K, 99% used [0x00000000d7c80000,0x00000000d817c108,0x00000000d8180000)
  to   space 5120K, 0% used [0x00000000d8180000,0x00000000d8180000,0x00000000d8680000)
 ParOldGen       total 87552K, used 1368K [0x0000000081400000, 0x0000000086980000, 0x00000000d5c00000)
  object space 87552K, 1% used [0x0000000081400000,0x00000000815560b8,0x0000000086980000)
 Metaspace       used 16498K, capacity 16772K, committed 17024K, reserved 1064960K
  class space    used 1966K, capacity 2068K, committed 2176K, reserved 1048576K
}
Event: 55.396 GC heap before
{Heap before GC invocations=2 (full 0):
 PSYoungGen      total 38400K, used 38384K [0x00000000d5c00000, 0x00000000d8680000, 0x0000000100000000)
  eden space 33280K, 100% used [0x00000000d5c00000,0x00000000d7c80000,0x00000000d7c80000)
  from space 5120K, 99% used [0x00000000d7c80000,0x00000000d817c108,0x00000000d8180000)
  to   space 5120K, 0% used [0x00000000d8180000,0x00000000d8180000,0x00000000d8680000)
 ParOldGen       total 87552K, used 1368K [0x0000000081400000, 0x0000000086980000, 0x00000000d5c00000)
  object space 87552K, 1% used [0x0000000081400000,0x00000000815560b8,0x0000000086980000)
 Metaspace       used 19865K, capacity 20182K, committed 20480K, reserved 1067008K
  class space    used 2459K, capacity 2551K, committed 2560K, reserved 1048576K
Event: 55.403 GC heap after
Heap after GC invocations=2 (full 0):
 PSYoungGen      total 38400K, used 5110K [0x00000000d5c00000, 0x00000000d8680000, 0x0000000100000000)
  eden space 33280K, 0% used [0x00000000d5c00000,0x00000000d5c00000,0x00000000d7c80000)
  from space 5120K, 99% used [0x00000000d8180000,0x00000000d867d878,0x00000000d8680000)
  to   space 5120K, 0% used [0x00000000d7c80000,0x00000000d7c80000,0x00000000d8180000)
 ParOldGen       total 87552K, used 14820K [0x0000000081400000, 0x0000000086980000, 0x00000000d5c00000)
  object space 87552K, 16% used [0x0000000081400000,0x00000000822792d8,0x0000000086980000)
 Metaspace       used 19865K, capacity 20182K, committed 20480K, reserved 1067008K
  class space    used 2459K, capacity 2551K, committed 2560K, reserved 1048576K
}

Deoptimization events (10 events):
Event: 39.693 Thread 0x000000001913e800 Uncommon trap: reason=bimorphic action=maybe_recompile pc=0x000000000294b8dc method=javax.swing.UIDefaults.getFromHashtable(Ljava/lang/Object;)Ljava/lang/Object; @ 126
Event: 47.751 Thread 0x000000001913e800 Uncommon trap: reason=class_check action=maybe_recompile pc=0x00000000027c4724 method=java.util.regex.Pattern$Curly.match(Ljava/util/regex/Matcher;ILjava/lang/CharSequence;)Z @ 19
Event: 55.336 Thread 0x000000001913e800 Uncommon trap: reason=bimorphic action=maybe_recompile pc=0x0000000002b7f3dc method=javax.swing.GroupLayout.getComponentInfo(Ljava/awt/Component;)Ljavax/swing/GroupLayout$ComponentInfo; @ 56
Event: 55.336 Thread 0x000000001913e800 Uncommon trap: reason=bimorphic action=maybe_recompile pc=0x0000000002b7f3dc method=javax.swing.GroupLayout.getComponentInfo(Ljava/awt/Component;)Ljavax/swing/GroupLayout$ComponentInfo; @ 56
Event: 55.336 Thread 0x000000001913e800 Uncommon trap: reason=bimorphic action=maybe_recompile pc=0x0000000002b7f3dc method=javax.swing.GroupLayout.getComponentInfo(Ljava/awt/Component;)Ljavax/swing/GroupLayout$ComponentInfo; @ 56
Event: 55.336 Thread 0x000000001913e800 Uncommon trap: reason=bimorphic action=maybe_recompile pc=0x0000000002b7f3dc method=javax.swing.GroupLayout.getComponentInfo(Ljava/awt/Component;)Ljavax/swing/GroupLayout$ComponentInfo; @ 56
Event: 55.344 Thread 0x000000001913e800 Uncommon trap: reason=unstable_if action=reinterpret pc=0x0000000002b80d8c method=sun.font.FontDesignMetrics.stringWidth(Ljava/lang/String;)I @ 85
Event: 55.352 Thread 0x000000001913e800 Uncommon trap: reason=unstable_if action=reinterpret pc=0x0000000002537e40 method=java.lang.CharacterData.of(I)Ljava/lang/CharacterData; @ 4
Event: 55.380 Thread 0x000000001913e800 Uncommon trap: reason=class_check action=maybe_recompile pc=0x00000000028a6074 method=java.awt.Component.getBackground()Ljava/awt/Color; @ 21
Event: 55.385 Thread 0x000000001913e800 Uncommon trap: reason=unstable_if action=reinterpret pc=0x0000000002b91708 method=java.awt.font.FontRenderContext.equals(Ljava/awt/font/FontRenderContext;)Z @ 35

Internal exceptions (10 events):
Event: 0.130 Thread 0x0000000002302800 Exception <a 'java/lang/NoSuchFieldError': method resolution failed> (0x00000000d5ecf260) thrown at [C:\re\workspace\8-2-build-windows-amd64-cygwin\jdk8u111\7883\hotspot\src\share\vm\prims\methodHandles.cpp, line 1146]
Event: 0.131 Thread 0x0000000002302800 Exception <a 'java/lang/NoSuchFieldError': method resolution failed> (0x00000000d5edc630) thrown at [C:\re\workspace\8-2-build-windows-amd64-cygwin\jdk8u111\7883\hotspot\src\share\vm\prims\methodHandles.cpp, line 1146]
Event: 0.173 Thread 0x000000001913e800 Exception <a 'java/io/FileNotFoundException'> (0x00000000d60c9fc0) thrown at [C:\re\workspace\8-2-build-windows-amd64-cygwin\jdk8u111\7883\hotspot\src\share\vm\prims\jni.cpp, line 709]
Event: 0.381 Thread 0x00000000191a9000 Exception <a 'java/lang/InterruptedException': sleep interrupted> (0x00000000d654f1f0) thrown at [C:\re\workspace\8-2-build-windows-amd64-cygwin\jdk8u111\7883\hotspot\src\share\vm\prims\jvm.cpp, line 3176]
Event: 8.055 Thread 0x0000000018b68800 Implicit null exception at 0x0000000002734c8a to 0x0000000002734f4d
Event: 8.641 Thread 0x0000000018b68800 Exception <a 'java/io/FileNotFoundException'> (0x00000000d7456468) thrown at [C:\re\workspace\8-2-build-windows-amd64-cygwin\jdk8u111\7883\hotspot\src\share\vm\prims\jni.cpp, line 709]
Event: 8.656 Thread 0x0000000018b68800 Exception <a 'java/io/FileNotFoundException'> (0x00000000d746cca0) thrown at [C:\re\workspace\8-2-build-windows-amd64-cygwin\jdk8u111\7883\hotspot\src\share\vm\prims\jni.cpp, line 709]
Event: 8.657 Thread 0x0000000018b68800 Exception <a 'java/io/FileNotFoundException'> (0x00000000d747ebd0) thrown at [C:\re\workspace\8-2-build-windows-amd64-cygwin\jdk8u111\7883\hotspot\src\share\vm\prims\jni.cpp, line 709]
Event: 8.671 Thread 0x0000000018b68800 Exception <a 'java/io/FileNotFoundException'> (0x00000000d7494ed8) thrown at [C:\re\workspace\8-2-build-windows-amd64-cygwin\jdk8u111\7883\hotspot\src\share\vm\prims\jni.cpp, line 709]
Event: 39.768 Thread 0x0000000018c84000 Exception <a 'java/lang/InterruptedException': sleep interrupted> (0x00000000d5c1ad90) thrown at [C:\re\workspace\8-2-build-windows-amd64-cygwin\jdk8u111\7883\hotspot\src\share\vm\prims\jvm.cpp, line 3176]

Events (10 events):
Event: 56.109 Executing VM operation: RevokeBias done
Event: 56.109 Executing VM operation: RevokeBias
Event: 56.109 Executing VM operation: RevokeBias done
Event: 56.113 Thread 0x0000000016f73000 flushing nmethod 0x00000000025f05d0
Event: 56.115 Thread 0x0000000016f6c000 flushing nmethod 0x0000000002697990
Event: 56.179 Thread 0x0000000016f7b800 flushing nmethod 0x00000000026a6090
Event: 56.197 Executing VM operation: RevokeBias
Event: 56.197 Executing VM operation: RevokeBias done
Event: 56.198 loading class java/util/PriorityQueue$Itr
Event: 56.198 loading class java/util/PriorityQueue$Itr done


Dynamic libraries:
0x00007ff7bb350000 - 0x00007ff7bb387000 	C:\Program Files\Java\jdk1.8.0_111\bin\java.exe
0x00007ff961ff0000 - 0x00007ff9621e5000 	C:\WINDOWS\SYSTEM32\ntdll.dll
0x00007ff960d40000 - 0x00007ff960dfd000 	C:\WINDOWS\System32\KERNEL32.DLL
0x00007ff95f8a0000 - 0x00007ff95fb67000 	C:\WINDOWS\System32\KERNELBASE.dll
0x00007ff9602c0000 - 0x00007ff96036a000 	C:\WINDOWS\System32\ADVAPI32.dll
0x00007ff9601c0000 - 0x00007ff96025e000 	C:\WINDOWS\System32\msvcrt.dll
0x00007ff960490000 - 0x00007ff96052b000 	C:\WINDOWS\System32\sechost.dll
0x00007ff961800000 - 0x00007ff961923000 	C:\WINDOWS\System32\RPCRT4.dll
0x00007ff960a40000 - 0x00007ff960be0000 	C:\WINDOWS\System32\USER32.dll
0x00007ff95ff50000 - 0x00007ff95ff72000 	C:\WINDOWS\System32\win32u.dll
0x00007ff9617a0000 - 0x00007ff9617ca000 	C:\WINDOWS\System32\GDI32.dll
0x00007ff95fc70000 - 0x00007ff95fd7a000 	C:\WINDOWS\System32\gdi32full.dll
0x00007ff95fb70000 - 0x00007ff95fc0d000 	C:\WINDOWS\System32\msvcp_win.dll
0x00007ff95fd80000 - 0x00007ff95fe80000 	C:\WINDOWS\System32\ucrtbase.dll
0x00007ff94de40000 - 0x00007ff94e0da000 	C:\WINDOWS\WinSxS\amd64_microsoft.windows.common-controls_6595b64144ccf1df_6.0.19041.1_none_b555e41d4684ddec\COMCTL32.dll
0x00007ff960190000 - 0x00007ff9601c0000 	C:\WINDOWS\System32\IMM32.DLL
0x00000000717b0000 - 0x0000000071882000 	C:\Program Files\Java\jdk1.8.0_111\jre\bin\msvcr100.dll
0x0000000070f10000 - 0x00000000717aa000 	C:\Program Files\Java\jdk1.8.0_111\jre\bin\server\jvm.dll
0x00007ff9617d0000 - 0x00007ff9617d8000 	C:\WINDOWS\System32\PSAPI.DLL
0x00007ff947dc0000 - 0x00007ff947dc9000 	C:\WINDOWS\SYSTEM32\WSOCK32.dll
0x00007ff94d520000 - 0x00007ff94d547000 	C:\WINDOWS\SYSTEM32\WINMM.dll
0x00007ff960f50000 - 0x00007ff960fbb000 	C:\WINDOWS\System32\WS2_32.dll
0x00007ff95a4b0000 - 0x00007ff95a4ba000 	C:\WINDOWS\SYSTEM32\VERSION.dll
0x0000000070f00000 - 0x0000000070f0f000 	C:\Program Files\Java\jdk1.8.0_111\jre\bin\verify.dll
0x0000000070ed0000 - 0x0000000070ef9000 	C:\Program Files\Java\jdk1.8.0_111\jre\bin\java.dll
0x0000000070eb0000 - 0x0000000070ec6000 	C:\Program Files\Java\jdk1.8.0_111\jre\bin\zip.dll
0x00007ff960fd0000 - 0x00007ff961710000 	C:\WINDOWS\System32\SHELL32.dll
0x00007ff95d8a0000 - 0x00007ff95e031000 	C:\WINDOWS\SYSTEM32\windows.storage.dll
0x00007ff9606e0000 - 0x00007ff960a33000 	C:\WINDOWS\System32\combase.dll
0x00007ff95f020000 - 0x00007ff95f04c000 	C:\WINDOWS\SYSTEM32\Wldp.dll
0x00007ff960c90000 - 0x00007ff960d3e000 	C:\WINDOWS\System32\SHCORE.dll
0x00007ff960ef0000 - 0x00007ff960f45000 	C:\WINDOWS\System32\shlwapi.dll
0x00007ff95f680000 - 0x00007ff95f69f000 	C:\WINDOWS\SYSTEM32\profapi.dll
0x0000000070cd0000 - 0x0000000070e68000 	C:\Program Files\Java\jdk1.8.0_111\jre\bin\awt.dll
0x00007ff9600c0000 - 0x00007ff96018d000 	C:\WINDOWS\System32\OLEAUT32.dll
0x00007ff95d0e0000 - 0x00007ff95d170000 	C:\WINDOWS\SYSTEM32\apphelp.dll
0x00007ff95d1e0000 - 0x00007ff95d27f000 	C:\WINDOWS\system32\uxtheme.dll
0x00007ff960370000 - 0x00007ff960485000 	C:\WINDOWS\System32\MSCTF.dll
0x00007ff961a10000 - 0x00007ff961b39000 	C:\WINDOWS\System32\ole32.dll
0x00007ff95d6a0000 - 0x00007ff95d6b3000 	C:\WINDOWS\SYSTEM32\kernel.appcore.dll
0x00007ff95fe80000 - 0x00007ff95feff000 	C:\WINDOWS\System32\bcryptPrimitives.dll
0x00007ff95d4c0000 - 0x00007ff95d4ef000 	C:\WINDOWS\system32\DWMAPI.DLL
0x0000000070c40000 - 0x0000000070c87000 	C:\Program Files\Java\jdk1.8.0_111\jre\bin\fontmanager.dll
0x00007ff960be0000 - 0x00007ff960c88000 	C:\WINDOWS\System32\clbcatq.dll
0x00007ff9588b0000 - 0x00007ff958a64000 	C:\WINDOWS\SYSTEM32\WindowsCodecs.dll
0x00007ff95ff80000 - 0x00007ff95ffa7000 	C:\WINDOWS\System32\bcrypt.dll
0x00007ff9390e0000 - 0x00007ff93911e000 	C:\WINDOWS\system32\dataexchange.dll
0x00007ff95c470000 - 0x00007ff95c655000 	C:\WINDOWS\system32\dcomp.dll
0x00007ff95bad0000 - 0x00007ff95bd33000 	C:\WINDOWS\system32\d3d11.dll
0x00007ff95e080000 - 0x00007ff95e173000 	C:\WINDOWS\system32\dxgi.dll
0x00007ff958d70000 - 0x00007ff958f77000 	C:\WINDOWS\system32\twinapi.appcore.dll
0x0000000070e90000 - 0x0000000070eaa000 	C:\Program Files\Java\jdk1.8.0_111\jre\bin\net.dll
0x00007ff95ee10000 - 0x00007ff95ee7a000 	C:\WINDOWS\system32\mswsock.dll
0x0000000070e70000 - 0x0000000070e81000 	C:\Program Files\Java\jdk1.8.0_111\jre\bin\nio.dll
0x0000000070bf0000 - 0x0000000070c32000 	C:\Program Files\Java\jdk1.8.0_111\jre\bin\t2k.dll
0x00007ff942f90000 - 0x00007ff94308c000 	C:\WINDOWS\SYSTEM32\textinputframework.dll
0x00007ff95cd40000 - 0x00007ff95ce32000 	C:\WINDOWS\System32\CoreMessaging.dll
0x00007ff95c9e0000 - 0x00007ff95cd3a000 	C:\WINDOWS\System32\CoreUIComponents.dll
0x00007ff95c310000 - 0x00007ff95c466000 	C:\WINDOWS\SYSTEM32\wintypes.dll
0x00007ff95e470000 - 0x00007ff95e4a3000 	C:\WINDOWS\SYSTEM32\ntmarta.dll
0x0000000069340000 - 0x00000000693c5000 	C:\Users\monirozzamanroni\AppData\Local\Temp\sqlite-3.7.2-sqlitejdbc.dll
0x0000000070b30000 - 0x0000000070b54000 	C:\Program Files\Java\jdk1.8.0_111\jre\bin\sunec.dll
0x00007ff95eb20000 - 0x00007ff95eb5b000 	C:\WINDOWS\SYSTEM32\IPHLPAPI.DLL
0x00007ff960e00000 - 0x00007ff960e09000 	C:\WINDOWS\System32\NSI.dll
0x00007ff95a030000 - 0x00007ff95a047000 	C:\WINDOWS\SYSTEM32\dhcpcsvc6.DLL
0x00007ff959ff0000 - 0x00007ff95a00d000 	C:\WINDOWS\SYSTEM32\dhcpcsvc.DLL
0x00007ff95eb60000 - 0x00007ff95ec2a000 	C:\WINDOWS\SYSTEM32\DNSAPI.dll
0x00007ff95f360000 - 0x00007ff95f378000 	C:\WINDOWS\SYSTEM32\CRYPTSP.dll
0x00007ff95e7c0000 - 0x00007ff95e7f4000 	C:\WINDOWS\system32\rsaenh.dll
0x00007ff95f600000 - 0x00007ff95f62e000 	C:\WINDOWS\SYSTEM32\USERENV.dll
0x00007ff95ef90000 - 0x00007ff95ef9c000 	C:\WINDOWS\SYSTEM32\CRYPTBASE.dll
0x0000000180000000 - 0x0000000180025000 	C:\Program Files\Java\jdk1.8.0_111\jre\bin\rxtxSerial.dll
0x0000000070b70000 - 0x0000000070ba1000 	C:\Program Files\Java\jdk1.8.0_111\jre\bin\jpeg.dll
0x0000000070a80000 - 0x0000000070b22000 	C:\Program Files\Java\jdk1.8.0_111\jre\bin\mlib_image.dll
0x0000000070bb0000 - 0x0000000070bda000 	C:\Program Files\Java\jdk1.8.0_111\jre\bin\dcpr.dll
0x00007ff94b990000 - 0x00007ff94bb74000 	C:\WINDOWS\SYSTEM32\dbghelp.dll

VM Arguments:
jvm_args: -Dfile.encoding=UTF-8 
java_command: auto.recharge.system.Login
java_class_path (initial): C:\Program Files\NetBeans 8.2\java\modules\ext\AbsoluteLayout.jar;C:\Program Files\NetBeans 8.2\java\modules\ext\eclipselink\eclipselink.jar;C:\Program Files\NetBeans 8.2\java\modules\ext\eclipselink\javax.persistence_2.1.0.v201304241213.jar;C:\Program Files\NetBeans 8.2\java\modules\ext\eclipselink\org.eclipse.persistence.jpa.jpql_2.5.2.v20140319-9ad6abd.jar;D:\Project\Java GUI\Auto Recharge System\Core\Auto Recharge System\lib\zxing-1.7-javase.jar;D:\Project\Java GUI\Auto Recharge System\Core\Auto Recharge System\lib\zxing-core-2.0.jar;D:\Project\Java GUI\Auto Recharge System\Core\Auto Recharge System\lib\mail-1.4.7.jar;D:\Project\Java GUI\Auto Recharge System\Core\Auto Recharge System\lib\sqlite-jdbc-3.7.2.jar;D:\Project\Java GUI\Auto Recharge System\Core\Auto Recharge System\lib\aes-encryption-1.0-SNAPSHOT.jar;D:\Project\Java GUI\Auto Recharge System\Core\Auto Recharge System\lib\itextpdf-5.5.9.jar;D:\Project\Java GUI\Auto Recharge System\jar file\jcalendar-1.4\lib\jcalendar-1.4.jar;D:\Project\Java GUI\Auto Recharge System\Core\Auto Recharge System\lib\swingx-action-1.6.5-1.jar;D:\Project\Java GUI\Auto Recharge System\Core\Auto Recharge System\lib\swingx-autocomplete-1.6.5-1.jar;D:\Project\Java GUI\Auto Recharge System\Core\Auto Recharge System\lib\swingx-common-1.6.5-1.jar;D:\Project\Java GUI\Auto Recharge System\Core\Auto Recharge System\lib\swingx-core-1.6.5-1.jar;D:\Project\Java GUI\Auto Recharge System\Core\Auto Recharge System\lib\swingx-graphics-1.6.5-1.jar;D:\Project\Java GUI\Auto Recharge System\Core\Auto Recharge System\lib\swingx-painters-1.6.5-1.jar;D:\Project\Java GUI\Auto Recharge System\Core\Auto Recharge System\lib\swingx-plaf-1.6.5-1.jar;D:\Project\Java GUI\Auto Recharge System\Core\Auto Recharge System\lib\json-simple-1.1.1.jar;D:\Project\Java GUI\Auto Recharge System\Core\Auto Recharge System\lib\RXTXcomm.jar;D:\Project\Java GUI\Auto Recharge System\Core\Auto Recharge System\lib\rxtx-comm.jar;D:\Project\Java GUI\Au
Launcher Type: SUN_STANDARD

Environment Variables:
JAVA_HOME=C:\Program Files\Java\jdk1.8.0_111
PATH=C:\Program Files (x86)\Common Files\Oracle\Java\javapath;C:\WINDOWS\system32;C:\WINDOWS;C:\WINDOWS\System32\Wbem;C:\WINDOWS\System32\WindowsPowerShell\v1.0\;C:\Program Files\Git\cmd;C:\Program Files\apache-maven-3.6.2\bin;C:\Program Files\nodejs\;C:\WINDOWS\System32\OpenSSH\;C:\Users\monirozzamanroni\AppData\Local\Programs\Python\Python37\Scripts\;C:\Program Files\Java\jdk1.8.0_111\bin;C:\Program Files\Docker\Docker\resources\bin;C:\ProgramData\DockerDesktop\version-bin;C:\Users\monirozzamanroni\AppData\Roaming\npm;C:\Users\monirozzamanroni\AppData\Local\Microsoft\WindowsApps;C:\Program Files (x86)\Inno Setup 6;%USERPROFILE%\AppData\Local\Microsoft\WindowsApps;
USERNAME=monirozzamanroni
OS=Windows_NT
PROCESSOR_IDENTIFIER=Intel64 Family 6 Model 158 Stepping 9, GenuineIntel



---------------  S Y S T E M  ---------------

OS: Windows 10.0 , 64 bit Build 19041 (10.0.19041.292)

CPU:total 4 (4 cores per cpu, 1 threads per core) family 6 model 158 stepping 9, cmov, cx8, fxsr, mmx, sse, sse2, sse3, ssse3, sse4.1, sse4.2, popcnt, avx, avx2, aes, clmul, erms, rtm, 3dnowpref, lzcnt, tsc, tscinvbit, bmi1, bmi2, adx

Memory: 4k page, physical 8299840k(2219308k free), swap 24129856k(15684936k free)

vm_info: Java HotSpot(TM) 64-Bit Server VM (25.111-b14) for windows-amd64 JRE (1.8.0_111-b14), built on Sep 22 2016 19:24:05 by "java_re" with MS VC++ 10.0 (VS2010)

time: Sun Aug 16 10:11:58 2020
elapsed time: 56 seconds (0d 0h 0m 56s)

